(private) matplotlib data path: C:\Users\poop4\anaconda3\envs\Jinha_Python\lib\site-packages\matplotlib\mpl-data
matplotlib data path: C:\Users\poop4\anaconda3\envs\Jinha_Python\lib\site-packages\matplotlib\mpl-data
CONFIGDIR=C:\Users\poop4\.matplotlib
matplotlib version 3.3.2
interactive is False
platform is win32
loaded modules: ['builtins', 'sys', '_frozen_importlib', '_imp', '_warnings', '_thread', '_weakref', '_frozen_importlib_external', '_io', 'marshal', 'nt', 'winreg', 'zipimport', 'encodings', 'codecs', '_codecs', 'encodings.aliases', 'encodings.utf_8', '_signal', '__main__', 'encodings.latin_1', 'io', 'abc', '_weakrefset', 'site', 'os', 'errno', 'stat', '_stat', 'ntpath', 'genericpath', 'os.path', '_collections_abc', '_sitebuiltins', 'sysconfig', '_bootlocale', '_locale', 'encodings.cp949', '_codecs_kr', '_multibytecodec', 'types', 'functools', '_functools', 'collections', 'operator', '_operator', 'keyword', 'heapq', '_heapq', 'itertools', 'reprlib', '_collections', 'weakref', 'collections.abc', 'importlib', 'importlib._bootstrap', 'importlib._bootstrap_external', 'warnings', 'importlib.util', 'importlib.abc', 'importlib.machinery', 'contextlib', 'google', 'mpl_toolkits', 'logging', 'time', 'traceback', 'linecache', 'tokenize', 're', 'enum', 'sre_compile', '_sre', 'sre_parse', 'sre_constants', 'copyreg', 'token', 'string', '_string', 'threading', 'atexit', 'argparse', 'copy', 'textwrap', 'gettext', 'locale', 'struct', '_struct', 'json', 'json.decoder', 'json.scanner', '_json', 'json.encoder', 'settings', 'platform', 'subprocess', 'signal', 'msvcrt', '_winapi', 'socket', '_socket', 'selectors', 'math', 'select', 'utils', 'datetime', '_datetime', 'numpy', 'numpy._globals', 'numpy.__config__', 'numpy.version', 'numpy._distributor_init', 'mkl', 'ctypes', '_ctypes', 'ctypes._endian', 'mkl._mklinit', 'mkl._py_mkl_service', 'cython_runtime', 'six', '__future__', 'numpy.core', 'numpy.core.multiarray', 'numpy.core.overrides', 'numpy.core._multiarray_umath', 'numpy.compat', 'numpy.compat._inspect', 'numpy.compat.py3k', 'pathlib', 'fnmatch', 'posixpath', 'urllib', 'urllib.parse', 'pickle', '_compat_pickle', '_pickle', 'numpy.core.umath', 'numpy.core.numerictypes', 'numbers', 'numpy.core._string_helpers', 'numpy.core._type_aliases', 'numpy.core._dtype', 'numpy.core.numeric', 'numpy.core.shape_base', 'numpy.core._asarray', 'numpy.core.fromnumeric', 'numpy.core._methods', 'numpy.core._exceptions', 'numpy.core._ufunc_config', 'numpy.core.arrayprint', 'numpy.core.defchararray', 'numpy.core.records', 'numpy.core.memmap', 'numpy.core.function_base', 'numpy.core.machar', 'numpy.core.getlimits', 'numpy.core.einsumfunc', 'numpy.core._add_newdocs', 'numpy.core._multiarray_tests', 'numpy.core._dtype_ctypes', 'numpy.core._internal', 'ast', '_ast', 'numpy._pytesttester', 'numpy.lib', 'numpy.lib.mixins', 'numpy.lib.scimath', 'numpy.lib.type_check', 'numpy.lib.ufunclike', 'numpy.lib.index_tricks', 'numpy.matrixlib', 'numpy.matrixlib.defmatrix', 'numpy.linalg', 'numpy.linalg.linalg', 'numpy.lib.twodim_base', 'numpy.linalg.lapack_lite', 'numpy.linalg._umath_linalg', 'numpy.lib.function_base', 'numpy.lib.histograms', 'numpy.lib.stride_tricks', 'numpy.lib.nanfunctions', 'numpy.lib.shape_base', 'numpy.lib.polynomial', 'numpy.lib.utils', 'numpy.lib.arraysetops', 'numpy.lib.npyio', 'numpy.lib.format', 'numpy.lib._datasource', 'shutil', 'zlib', 'bz2', '_compression', '_bz2', 'lzma', '_lzma', 'numpy.lib._iotools', 'numpy.lib.financial', 'decimal', '_decimal', 'numpy.lib.arrayterator', 'numpy.lib.arraypad', 'numpy.lib._version', 'numpy.fft', 'numpy.fft._pocketfft', 'numpy.fft._pocketfft_internal', 'numpy.fft.helper', 'numpy.polynomial', 'numpy.polynomial.polynomial', 'numpy.polynomial.polyutils', 'numpy.polynomial._polybase', 'numpy.polynomial.chebyshev', 'numpy.polynomial.legendre', 'numpy.polynomial.hermite', 'numpy.polynomial.hermite_e', 'numpy.polynomial.laguerre', 'numpy.random', 'numpy.random._pickle', 'numpy.random.mtrand', 'numpy.random.bit_generator', '_cython_0_29_21', 'numpy.random._common', 'secrets', 'base64', 'binascii', 'hmac', 'hashlib', '_hashlib', '_blake2', '_sha3', 'random', 'bisect', '_bisect', '_random', 'numpy.random._bounded_integers', 'numpy.random._mt19937', 'numpy.random._philox', 'numpy.random._pcg64', 'numpy.random._sfc64', 'numpy.random._generator', 'numpy.ctypeslib', 'numpy.ma', 'numpy.ma.core', 'numpy.ma.extras', 'numpy.testing', 'unittest', 'unittest.result', 'unittest.util', 'unittest.case', 'difflib', 'pprint', 'unittest.suite', 'unittest.loader', 'unittest.main', 'unittest.runner', 'unittest.signals', 'numpy.testing._private', 'numpy.testing._private.utils', 'gc', 'tempfile', 'numpy.testing._private.decorators', 'numpy.testing._private.nosetester', 'data_manager', 'pandas', 'pytz', 'pytz.exceptions', 'pytz.lazy', 'pytz.tzinfo', 'pytz.tzfile', 'dateutil', 'dateutil._version', 'pandas.compat', 'pandas._typing', 'typing', 'typing.io', 'typing.re', 'pandas.compat.numpy', 'distutils', 'distutils.version', 'pandas._libs', 'pandas._libs.interval', 'pandas._libs.hashtable', 'pandas._libs.missing', 'pandas._libs.tslibs', 'pandas._libs.tslibs.dtypes', 'pandas._libs.tslibs.conversion', 'pandas._libs.tslibs.base', 'pandas._libs.tslibs.nattype', 'pandas._libs.tslibs.np_datetime', 'pandas._libs.tslibs.timezones', 'dateutil.tz', 'dateutil.tz.tz', 'six.moves', 'dateutil.tz._common', 'dateutil.tz._factories', 'dateutil.tz.win', 'ctypes.wintypes', 'pandas._libs.tslibs.tzconversion', 'pandas._libs.tslibs.ccalendar', 'pandas._libs.tslibs.parsing', 'pandas._libs.tslibs.offsets', 'pandas._libs.tslibs.timedeltas', 'pandas._libs.tslibs.timestamps', 'pandas._libs.tslibs.fields', 'pandas._config', 'pandas._config.config', 'pandas._config.dates', 'pandas._config.display', 'pandas._config.localization', 'pandas._libs.tslibs.strptime', 'calendar', 'dateutil.easter', 'dateutil.relativedelta', 'dateutil._common', 'pandas._libs.properties', 'dateutil.parser', 'dateutil.parser._parser', 'dateutil.parser.isoparser', 'pandas._libs.tslibs.period', 'pandas._libs.tslibs.vectorized', 'pandas._libs.ops_dispatch', 'pandas._libs.algos', 'pandas._libs.lib', 'pandas._libs.tslib', 'pandas.core', 'pandas.core.config_init', 'pandas.core.api', 'pandas.core.dtypes', 'pandas.core.dtypes.dtypes', 'pandas.core.dtypes.base', 'pandas.errors', 'pandas.core.dtypes.generic', 'pandas.core.dtypes.inference', 'pandas.core.dtypes.missing', 'pandas.core.dtypes.common', 'pandas.core.algorithms', 'pandas.util', 'pandas.util._decorators', 'inspect', 'dis', 'opcode', '_opcode', 'pandas.core.util', 'pandas.core.util.hashing', 'pandas._libs.hashing', 'pandas.core.dtypes.cast', 'pandas.util._validators', 'pandas.core.construction', 'pandas.core.common', 'pandas.core.indexers', 'pandas.core.arrays', 'pandas.core.arrays.base', 'pandas.compat.numpy.function', 'pandas.core.ops', 'pandas.core.ops.array_ops', 'pandas._libs.ops', 'pandas.core.ops.missing', 'pandas.core.ops.roperator', 'pandas.core.ops.dispatch', 'pandas.core.ops.invalid', 'pandas.core.ops.common', 'pandas.core.ops.docstrings', 'pandas.core.ops.mask_ops', 'pandas.core.ops.methods', 'pandas.core.missing', 'pandas.compat._optional', 'pandas.core.sorting', 'pandas.core.arrays.boolean', 'pandas.core.arrays.masked', 'pandas.core.nanops', 'pandas.core.array_algos', 'pandas.core.array_algos.masked_reductions', 'pandas.core.arrays.categorical', 'csv', '_csv', 'pandas.core.accessor', 'pandas.core.array_algos.transforms', 'pandas.core.arrays._mixins', 'pandas.core.base', 'pandas.io', 'pandas.io.formats', 'pandas.io.formats.console', 'pandas.core.arrays.datetimes', 'pandas.core.arrays.datetimelike', 'pandas.tseries', 'pandas.tseries.frequencies', 'pandas.core.arrays._ranges', 'pandas.tseries.offsets', 'pandas.core.arrays.integer', 'pandas.core.tools', 'pandas.core.tools.numeric', 'pandas.core.arrays.interval', 'pandas.core.indexes', 'pandas.core.indexes.base', 'pandas._libs.index', 'pandas._libs.join', 'pandas.core.dtypes.concat', 'pandas.core.arrays.sparse', 'pandas.core.arrays.sparse.accessor', 'pandas.core.arrays.sparse.array', 'pandas._libs.sparse', 'pandas.core.arrays.sparse.dtype', 'pandas.io.formats.printing', 'pandas.core.indexes.frozen', 'pandas.core.strings', 'pandas.core.arrays.numpy_', 'pandas.core.arrays.period', 'pandas.core.arrays.string_', 'pandas.core.arrays.timedeltas', 'pandas.core.groupby', 'pandas.core.groupby.generic', 'pandas.core.aggregation', 'pandas.core.indexes.api', 'pandas.core.indexes.category', 'pandas.core.indexes.extension', 'pandas.core.indexes.datetimes', 'pandas.core.indexes.datetimelike', 'pandas.core.indexes.numeric', 'pandas.core.tools.timedeltas', 'pandas.core.tools.times', 'pandas.core.indexes.interval', 'pandas.util._exceptions', 'pandas.core.indexes.multi', 'pandas.core.indexes.timedeltas', 'pandas.core.indexes.period', 'pandas.core.indexes.range', 'pandas.core.series', 'pandas._libs.reshape', 'pandas.core.generic', 'pandas.core.indexing', 'pandas._libs.indexing', 'pandas.core.internals', 'pandas.core.internals.blocks', 'pandas._libs.writers', 'pandas._libs.internals', 'pandas.core.internals.concat', 'pandas.core.internals.managers', 'pandas.core.internals.ops', 'pandas.core.shared_docs', 'pandas.io.formats.format', 'unicodedata', 'pandas.io.common', 'gzip', 'mmap', 'zipfile', 'pandas.core.indexes.accessors', 'pandas.core.tools.datetimes', 'pandas.arrays', 'pandas.plotting', 'pandas.plotting._core', 'pandas.plotting._misc', 'pandas.core.window', 'pandas.core.window.ewm', 'pandas._libs.window', 'pandas._libs.window.aggregations', 'pandas.core.window.common', 'pandas.core.groupby.base', 'pandas.core.window.rolling', 'pandas.core.util.numba_', 'pandas.core.window.indexers', 'pandas._libs.window.indexers', 'pandas.core.window.numba_', 'pandas.core.window.expanding', 'pandas.core.frame', 'pandas.core.internals.construction', 'pandas.core.reshape', 'pandas.core.reshape.melt', 'pandas.core.reshape.concat', 'pandas.core.reshape.util', 'pandas.io.formats.info', 'pandas.core.groupby.groupby', 'pandas._libs.groupby', 'pandas.core.groupby.ops', 'pandas._libs.reduction', 'pandas.core.groupby.grouper', 'pandas.core.groupby.categorical', 'pandas.tseries.api', 'pandas.core.computation', 'pandas.core.computation.api', 'pandas.core.computation.eval', 'pandas.core.computation.engines', 'pandas.core.computation.align', 'pandas.core.computation.common', 'pandas.core.computation.ops', 'pandas.core.computation.scope', 'pandas.compat.chainmap', 'pandas.core.computation.expr', 'pandas.core.computation.parsing', 'pandas.core.reshape.api', 'pandas.core.reshape.merge', 'pandas.core.reshape.pivot', 'pandas.core.reshape.reshape', 'pandas.core.reshape.tile', 'pandas.api', 'pandas.api.extensions', 'pandas.api.indexers', 'pandas.api.types', 'pandas.core.dtypes.api', 'pandas.util._print_versions', 'pandas.io.api', 'pandas.io.clipboards', 'pandas.io.excel', 'pandas.io.excel._base', 'pandas._libs.parsers', 'pandas.io.excel._util', 'pandas.io.parsers', 'pandas.io.date_converters', 'pandas.io.excel._odfreader', 'pandas.io.excel._openpyxl', 'pandas.io.excel._pyxlsb', 'pandas.io.excel._xlrd', 'pandas.io.excel._odswriter', 'pandas._libs.json', 'pandas.io.formats.excel', 'pandas.io.formats.css', 'pandas.io.excel._xlsxwriter', 'pandas.io.excel._xlwt', 'pandas.io.feather_format', 'pandas.io.gbq', 'pandas.io.html', 'pandas.io.json', 'pandas.io.json._json', 'pandas.io.json._normalize', 'pandas.io.json._table_schema', 'pandas.io.orc', 'pandas.io.parquet', 'pandas.io.pickle', 'pandas.compat.pickle_compat', 'pandas.io.pytables', 'pandas.core.computation.pytables', 'pandas.io.sas', 'pandas.io.sas.sasreader', 'pandas.io.spss', 'pandas.io.sql', 'pandas.io.stata', 'pandas.util._tester', 'pandas.testing', 'pandas._testing', 'pandas._libs.testing', 'pandas._version', 'agent', 'learners', 'environment', 'visualizer', 'matplotlib', 'matplotlib.cbook', 'shlex', 'matplotlib.cbook.deprecation', 'matplotlib.rcsetup', 'matplotlib.animation', 'uuid', 'ctypes.util', 'matplotlib._animation_data', 'matplotlib.fontconfig_pattern', 'pyparsing', 'matplotlib.colors', 'matplotlib.docstring', 'matplotlib._color_data', 'cycler', 'matplotlib._version', 'matplotlib.ft2font', 'kiwisolver']
CACHEDIR=C:\Users\poop4\.matplotlib
Using fontManager instance from C:\Users\poop4\.matplotlib\fontlist-v330.json
Loaded backend tkagg version unknown.
Loaded backend TkAgg version unknown.
Loaded backend agg version unknown.
From C:\Users\poop4\anaconda3\envs\Jinha_Python\lib\site-packages\keras\backend\tensorflow_backend.py:68: The name tf.get_default_graph is deprecated. Please use tf.compat.v1.get_default_graph instead.

From C:\Users\poop4\anaconda3\envs\Jinha_Python\lib\site-packages\keras\backend\tensorflow_backend.py:508: The name tf.placeholder is deprecated. Please use tf.compat.v1.placeholder instead.

From C:\Users\poop4\anaconda3\envs\Jinha_Python\lib\site-packages\keras\backend\tensorflow_backend.py:3837: The name tf.random_uniform is deprecated. Please use tf.random.uniform instead.

From C:\Users\poop4\anaconda3\envs\Jinha_Python\lib\site-packages\keras\optimizers.py:757: The name tf.train.Optimizer is deprecated. Please use tf.compat.v1.train.Optimizer instead.

From C:\Users\poop4\anaconda3\envs\Jinha_Python\lib\site-packages\keras\backend\tensorflow_backend.py:3814: The name tf.random_normal is deprecated. Please use tf.random.normal instead.

From C:\Users\poop4\anaconda3\envs\Jinha_Python\lib\site-packages\keras\backend\tensorflow_backend.py:127: The name tf.placeholder_with_default is deprecated. Please use tf.compat.v1.placeholder_with_default instead.

From C:\Users\poop4\anaconda3\envs\Jinha_Python\lib\site-packages\keras\backend\tensorflow_backend.py:3144: calling dropout (from tensorflow.python.ops.nn_ops) with keep_prob is deprecated and will be removed in a future version.
Instructions for updating:
Please use `rate` instead of `keep_prob`. Rate should be set to `rate = 1 - keep_prob`.
From C:\Users\poop4\OneDrive\바탕 화면\branch_test\StockTrader_ddpg\actor.py:113: The name tf.train.AdamOptimizer is deprecated. Please use tf.compat.v1.train.AdamOptimizer instead.

[005380] RL:ddpg Net:actorcritic LR:0.01 DF:0.9 TU:[1,6] DRT:0.05
From C:\Users\poop4\anaconda3\envs\Jinha_Python\lib\site-packages\keras\backend\tensorflow_backend.py:2503: The name tf.Session is deprecated. Please use tf.compat.v1.Session instead.

From C:\Users\poop4\anaconda3\envs\Jinha_Python\lib\site-packages\keras\backend\tensorflow_backend.py:168: The name tf.get_default_session is deprecated. Please use tf.compat.v1.get_default_session instead.

From C:\Users\poop4\anaconda3\envs\Jinha_Python\lib\site-packages\keras\backend\tensorflow_backend.py:175: The name tf.ConfigProto is deprecated. Please use tf.compat.v1.ConfigProto instead.

From C:\Users\poop4\anaconda3\envs\Jinha_Python\lib\site-packages\keras\backend\tensorflow_backend.py:184: The name tf.global_variables is deprecated. Please use tf.compat.v1.global_variables instead.

From C:\Users\poop4\anaconda3\envs\Jinha_Python\lib\site-packages\keras\backend\tensorflow_backend.py:193: The name tf.is_variable_initialized is deprecated. Please use tf.compat.v1.is_variable_initialized instead.

From C:\Users\poop4\anaconda3\envs\Jinha_Python\lib\site-packages\keras\backend\tensorflow_backend.py:200: The name tf.variables_initializer is deprecated. Please use tf.compat.v1.variables_initializer instead.

From C:\Users\poop4\anaconda3\envs\Jinha_Python\lib\site-packages\keras\backend\tensorflow_backend.py:977: The name tf.assign_add is deprecated. Please use tf.compat.v1.assign_add instead.

From C:\Users\poop4\anaconda3\envs\Jinha_Python\lib\site-packages\keras\backend\tensorflow_backend.py:964: The name tf.assign is deprecated. Please use tf.compat.v1.assign instead.

[005380][Epoch 001/100] Epsilon:1.0000 #Expl.:185/185 #Buy:64 #Sell:37 #Hold:84 #Stocks:75 PV:12,207,937 LC:175 Loss:0.470684 ET:3.5917
[005380][Epoch 002/100] Epsilon:0.9899 #Expl.:185/185 #Buy:85 #Sell:75 #Hold:25 #Stocks:27 PV:10,901,847 LC:185 Loss:0.604061 ET:1.8660
[005380][Epoch 003/100] Epsilon:0.9798 #Expl.:182/185 #Buy:81 #Sell:52 #Hold:52 #Stocks:75 PV:12,179,476 LC:185 Loss:0.641292 ET:1.8696
[005380][Epoch 004/100] Epsilon:0.9697 #Expl.:182/185 #Buy:92 #Sell:79 #Hold:14 #Stocks:38 PV:11,325,504 LC:185 Loss:0.690573 ET:2.1306
[005380][Epoch 005/100] Epsilon:0.9596 #Expl.:178/185 #Buy:73 #Sell:49 #Hold:63 #Stocks:70 PV:11,937,462 LC:185 Loss:0.664608 ET:2.5681
[005380][Epoch 006/100] Epsilon:0.9495 #Expl.:174/185 #Buy:30 #Sell:5 #Hold:150 #Stocks:75 PV:12,178,029 LC:185 Loss:0.776036 ET:2.3776
[005380][Epoch 007/100] Epsilon:0.9394 #Expl.:174/185 #Buy:82 #Sell:59 #Hold:44 #Stocks:69 PV:11,697,747 LC:185 Loss:0.833631 ET:2.4396
[005380][Epoch 008/100] Epsilon:0.9293 #Expl.:173/185 #Buy:90 #Sell:68 #Hold:27 #Stocks:65 PV:12,001,143 LC:185 Loss:0.811376 ET:2.0205
[005380][Epoch 009/100] Epsilon:0.9192 #Expl.:173/185 #Buy:83 #Sell:60 #Hold:42 #Stocks:68 PV:12,095,689 LC:185 Loss:0.780712 ET:2.1744
[005380][Epoch 010/100] Epsilon:0.9091 #Expl.:167/185 #Buy:41 #Sell:15 #Hold:129 #Stocks:75 PV:12,161,188 LC:185 Loss:0.899962 ET:2.1676
[005380][Epoch 011/100] Epsilon:0.8990 #Expl.:168/185 #Buy:62 #Sell:37 #Hold:86 #Stocks:75 PV:12,152,449 LC:185 Loss:0.954622 ET:2.1226
[005380][Epoch 012/100] Epsilon:0.8889 #Expl.:160/185 #Buy:52 #Sell:27 #Hold:106 #Stocks:74 PV:12,005,159 LC:185 Loss:0.889694 ET:2.0218
[005380][Epoch 013/100] Epsilon:0.8788 #Expl.:162/185 #Buy:64 #Sell:38 #Hold:83 #Stocks:74 PV:11,988,739 LC:185 Loss:0.909832 ET:2.0187
[005380][Epoch 014/100] Epsilon:0.8687 #Expl.:165/185 #Buy:45 #Sell:21 #Hold:119 #Stocks:71 PV:12,112,165 LC:185 Loss:1.024047 ET:1.9946
[005380][Epoch 015/100] Epsilon:0.8586 #Expl.:151/185 #Buy:35 #Sell:11 #Hold:139 #Stocks:71 PV:12,103,123 LC:185 Loss:0.993654 ET:2.0397
[005380][Epoch 016/100] Epsilon:0.8485 #Expl.:148/185 #Buy:51 #Sell:26 #Hold:108 #Stocks:74 PV:12,038,613 LC:185 Loss:1.042565 ET:2.0804
[005380][Epoch 017/100] Epsilon:0.8384 #Expl.:157/185 #Buy:101 #Sell:78 #Hold:6 #Stocks:67 PV:11,350,524 LC:185 Loss:0.831987 ET:2.0215
[005380][Epoch 018/100] Epsilon:0.8283 #Expl.:162/185 #Buy:99 #Sell:77 #Hold:9 #Stocks:64 PV:11,430,663 LC:185 Loss:0.442094 ET:2.1774
[005380][Epoch 019/100] Epsilon:0.8182 #Expl.:151/185 #Buy:39 #Sell:14 #Hold:132 #Stocks:75 PV:12,212,451 LC:185 Loss:0.686352 ET:1.9735
[005380][Epoch 020/100] Epsilon:0.8081 #Expl.:145/185 #Buy:46 #Sell:21 #Hold:118 #Stocks:74 PV:12,043,287 LC:185 Loss:1.074554 ET:2.0321
[005380][Epoch 021/100] Epsilon:0.7980 #Expl.:135/185 #Buy:42 #Sell:17 #Hold:126 #Stocks:75 PV:12,188,072 LC:185 Loss:1.212063 ET:2.2462
[005380][Epoch 022/100] Epsilon:0.7879 #Expl.:140/185 #Buy:35 #Sell:11 #Hold:139 #Stocks:71 PV:12,108,447 LC:185 Loss:1.035450 ET:2.0558
[005380][Epoch 023/100] Epsilon:0.7778 #Expl.:153/185 #Buy:43 #Sell:17 #Hold:125 #Stocks:74 PV:12,132,293 LC:185 Loss:1.180436 ET:2.0727
[005380][Epoch 024/100] Epsilon:0.7677 #Expl.:146/185 #Buy:93 #Sell:68 #Hold:24 #Stocks:74 PV:12,052,230 LC:185 Loss:1.128303 ET:2.0134
[005380][Epoch 025/100] Epsilon:0.7576 #Expl.:150/185 #Buy:91 #Sell:65 #Hold:29 #Stocks:69 PV:11,700,234 LC:185 Loss:1.046739 ET:2.0123
[005380][Epoch 026/100] Epsilon:0.7475 #Expl.:135/185 #Buy:67 #Sell:43 #Hold:75 #Stocks:69 PV:11,796,406 LC:185 Loss:1.159360 ET:1.8880
[005380][Epoch 027/100] Epsilon:0.7374 #Expl.:136/185 #Buy:39 #Sell:13 #Hold:133 #Stocks:74 PV:12,131,656 LC:185 Loss:1.004702 ET:1.8673
[005380][Epoch 028/100] Epsilon:0.7273 #Expl.:132/185 #Buy:54 #Sell:29 #Hold:102 #Stocks:73 PV:11,936,077 LC:185 Loss:1.136229 ET:1.8738
[005380][Epoch 029/100] Epsilon:0.7172 #Expl.:141/185 #Buy:38 #Sell:13 #Hold:134 #Stocks:75 PV:12,170,163 LC:185 Loss:1.232186 ET:1.8729
[005380][Epoch 030/100] Epsilon:0.7071 #Expl.:137/185 #Buy:70 #Sell:44 #Hold:71 #Stocks:73 PV:11,933,885 LC:185 Loss:1.192752 ET:1.9112
[005380][Epoch 031/100] Epsilon:0.6970 #Expl.:130/185 #Buy:46 #Sell:22 #Hold:117 #Stocks:72 PV:12,171,540 LC:185 Loss:1.207277 ET:1.8692
[005380][Epoch 032/100] Epsilon:0.6869 #Expl.:125/185 #Buy:76 #Sell:51 #Hold:58 #Stocks:73 PV:11,920,211 LC:185 Loss:1.312709 ET:1.8958
[005380][Epoch 033/100] Epsilon:0.6768 #Expl.:132/185 #Buy:73 #Sell:48 #Hold:64 #Stocks:73 PV:11,967,645 LC:185 Loss:1.299915 ET:1.8954
[005380][Epoch 034/100] Epsilon:0.6667 #Expl.:124/185 #Buy:75 #Sell:48 #Hold:62 #Stocks:74 PV:11,989,998 LC:185 Loss:1.345238 ET:1.8686
[005380][Epoch 035/100] Epsilon:0.6566 #Expl.:120/185 #Buy:79 #Sell:54 #Hold:52 #Stocks:73 PV:11,829,838 LC:185 Loss:0.967114 ET:1.8690
[005380][Epoch 036/100] Epsilon:0.6465 #Expl.:122/185 #Buy:88 #Sell:65 #Hold:32 #Stocks:65 PV:12,023,187 LC:185 Loss:1.299199 ET:1.8763
[005380][Epoch 037/100] Epsilon:0.6364 #Expl.:120/185 #Buy:63 #Sell:38 #Hold:84 #Stocks:74 PV:12,011,541 LC:185 Loss:1.328942 ET:1.8665
[005380][Epoch 038/100] Epsilon:0.6263 #Expl.:111/185 #Buy:53 #Sell:28 #Hold:104 #Stocks:74 PV:12,076,393 LC:185 Loss:1.292967 ET:1.8768
[005380][Epoch 039/100] Epsilon:0.6162 #Expl.:128/185 #Buy:44 #Sell:18 #Hold:123 #Stocks:74 PV:12,112,047 LC:185 Loss:1.461825 ET:1.8723
[005380][Epoch 040/100] Epsilon:0.6061 #Expl.:116/185 #Buy:63 #Sell:38 #Hold:84 #Stocks:74 PV:12,092,675 LC:185 Loss:1.586968 ET:1.9831
[005380][Epoch 041/100] Epsilon:0.5960 #Expl.:120/185 #Buy:54 #Sell:30 #Hold:101 #Stocks:68 PV:12,015,691 LC:185 Loss:1.422466 ET:1.9467
[005380][Epoch 042/100] Epsilon:0.5859 #Expl.:102/185 #Buy:50 #Sell:25 #Hold:110 #Stocks:74 PV:12,018,437 LC:185 Loss:1.540933 ET:2.2008
[005380][Epoch 043/100] Epsilon:0.5758 #Expl.:108/185 #Buy:35 #Sell:10 #Hold:140 #Stocks:75 PV:12,161,748 LC:185 Loss:1.674552 ET:2.0957
[005380][Epoch 044/100] Epsilon:0.5657 #Expl.:91/185 #Buy:56 #Sell:31 #Hold:98 #Stocks:74 PV:11,995,387 LC:185 Loss:1.594966 ET:2.0050
[005380][Epoch 045/100] Epsilon:0.5556 #Expl.:112/185 #Buy:32 #Sell:7 #Hold:146 #Stocks:74 PV:12,099,664 LC:185 Loss:1.631735 ET:2.1742
[005380][Epoch 046/100] Epsilon:0.5455 #Expl.:104/185 #Buy:57 #Sell:31 #Hold:97 #Stocks:73 PV:11,929,586 LC:185 Loss:1.519214 ET:2.0156
[005380][Epoch 047/100] Epsilon:0.5354 #Expl.:110/185 #Buy:52 #Sell:26 #Hold:107 #Stocks:74 PV:12,053,296 LC:185 Loss:1.399272 ET:2.1292
[005380][Epoch 048/100] Epsilon:0.5253 #Expl.:91/185 #Buy:32 #Sell:7 #Hold:146 #Stocks:75 PV:12,180,035 LC:185 Loss:1.487040 ET:2.0566
[005380][Epoch 049/100] Epsilon:0.5152 #Expl.:87/185 #Buy:33 #Sell:8 #Hold:144 #Stocks:74 PV:12,098,379 LC:185 Loss:1.613502 ET:2.0740
[005380][Epoch 050/100] Epsilon:0.5051 #Expl.:102/185 #Buy:46 #Sell:21 #Hold:118 #Stocks:74 PV:12,065,147 LC:185 Loss:1.807720 ET:2.4313
[005380][Epoch 051/100] Epsilon:0.4949 #Expl.:98/185 #Buy:30 #Sell:5 #Hold:150 #Stocks:75 PV:12,179,458 LC:185 Loss:1.990462 ET:1.9727
[005380][Epoch 052/100] Epsilon:0.4848 #Expl.:81/185 #Buy:32 #Sell:7 #Hold:146 #Stocks:75 PV:12,168,281 LC:185 Loss:2.062429 ET:1.9891
[005380][Epoch 053/100] Epsilon:0.4747 #Expl.:87/185 #Buy:54 #Sell:29 #Hold:102 #Stocks:74 PV:12,024,554 LC:185 Loss:1.680655 ET:1.8945
[005380][Epoch 054/100] Epsilon:0.4646 #Expl.:89/185 #Buy:52 #Sell:26 #Hold:107 #Stocks:74 PV:12,117,066 LC:185 Loss:1.607103 ET:1.8779
[005380][Epoch 055/100] Epsilon:0.4545 #Expl.:81/185 #Buy:40 #Sell:15 #Hold:130 #Stocks:74 PV:12,027,806 LC:185 Loss:1.314310 ET:1.8840
[005380][Epoch 056/100] Epsilon:0.4444 #Expl.:94/185 #Buy:31 #Sell:6 #Hold:148 #Stocks:75 PV:12,155,967 LC:185 Loss:1.358619 ET:1.8836
[005380][Epoch 057/100] Epsilon:0.4343 #Expl.:79/185 #Buy:30 #Sell:5 #Hold:150 #Stocks:74 PV:12,103,033 LC:185 Loss:1.582010 ET:1.8698
[005380][Epoch 058/100] Epsilon:0.4242 #Expl.:87/185 #Buy:40 #Sell:15 #Hold:130 #Stocks:74 PV:12,068,005 LC:185 Loss:1.545806 ET:1.8794
[005380][Epoch 059/100] Epsilon:0.4141 #Expl.:87/185 #Buy:41 #Sell:14 #Hold:130 #Stocks:75 PV:12,157,960 LC:185 Loss:1.681055 ET:1.8931
[005380][Epoch 060/100] Epsilon:0.4040 #Expl.:65/185 #Buy:27 #Sell:1 #Hold:157 #Stocks:75 PV:12,156,212 LC:185 Loss:1.725349 ET:1.9507
[005380][Epoch 061/100] Epsilon:0.3939 #Expl.:81/185 #Buy:54 #Sell:29 #Hold:102 #Stocks:74 PV:12,047,515 LC:185 Loss:1.920251 ET:2.2786
[005380][Epoch 062/100] Epsilon:0.3838 #Expl.:70/185 #Buy:44 #Sell:20 #Hold:121 #Stocks:71 PV:12,046,141 LC:185 Loss:1.891396 ET:2.5143
[005380][Epoch 063/100] Epsilon:0.3737 #Expl.:63/185 #Buy:34 #Sell:8 #Hold:143 #Stocks:74 PV:12,110,528 LC:185 Loss:1.698815 ET:2.2839
[005380][Epoch 064/100] Epsilon:0.3636 #Expl.:69/185 #Buy:50 #Sell:25 #Hold:110 #Stocks:74 PV:12,080,064 LC:185 Loss:1.607921 ET:2.0253
[005380][Epoch 065/100] Epsilon:0.3535 #Expl.:53/185 #Buy:44 #Sell:19 #Hold:122 #Stocks:74 PV:12,044,189 LC:185 Loss:1.718085 ET:2.1476
[005380][Epoch 066/100] Epsilon:0.3434 #Expl.:70/185 #Buy:40 #Sell:15 #Hold:130 #Stocks:74 PV:12,038,421 LC:185 Loss:1.708488 ET:1.9783
[005380][Epoch 067/100] Epsilon:0.3333 #Expl.:58/185 #Buy:35 #Sell:10 #Hold:140 #Stocks:74 PV:12,087,042 LC:185 Loss:1.549959 ET:2.1925
[005380][Epoch 068/100] Epsilon:0.3232 #Expl.:66/185 #Buy:52 #Sell:27 #Hold:106 #Stocks:74 PV:12,125,051 LC:185 Loss:1.594817 ET:2.0770
[005380][Epoch 069/100] Epsilon:0.3131 #Expl.:56/185 #Buy:39 #Sell:14 #Hold:132 #Stocks:75 PV:12,188,733 LC:185 Loss:1.498886 ET:1.9829
[005380][Epoch 070/100] Epsilon:0.3030 #Expl.:34/185 #Buy:32 #Sell:5 #Hold:148 #Stocks:75 PV:12,166,880 LC:185 Loss:1.768457 ET:1.9319
[005380][Epoch 071/100] Epsilon:0.2929 #Expl.:55/185 #Buy:49 #Sell:24 #Hold:112 #Stocks:74 PV:12,040,553 LC:185 Loss:1.530143 ET:2.0104
[005380][Epoch 072/100] Epsilon:0.2828 #Expl.:38/185 #Buy:29 #Sell:4 #Hold:152 #Stocks:74 PV:12,112,303 LC:185 Loss:1.729412 ET:2.0098
[005380][Epoch 073/100] Epsilon:0.2727 #Expl.:55/185 #Buy:33 #Sell:8 #Hold:144 #Stocks:74 PV:12,086,453 LC:185 Loss:1.899216 ET:2.0045
[005380][Epoch 074/100] Epsilon:0.2626 #Expl.:47/185 #Buy:30 #Sell:3 #Hold:152 #Stocks:75 PV:12,150,511 LC:185 Loss:2.055025 ET:1.9678
[005380][Epoch 075/100] Epsilon:0.2525 #Expl.:51/185 #Buy:28 #Sell:3 #Hold:154 #Stocks:74 PV:12,109,045 LC:185 Loss:1.660844 ET:1.9341
[005380][Epoch 076/100] Epsilon:0.2424 #Expl.:50/185 #Buy:32 #Sell:7 #Hold:146 #Stocks:74 PV:12,079,586 LC:185 Loss:1.518297 ET:1.9262
[005380][Epoch 077/100] Epsilon:0.2323 #Expl.:39/185 #Buy:40 #Sell:15 #Hold:130 #Stocks:74 PV:12,106,893 LC:185 Loss:1.669336 ET:2.0534
[005380][Epoch 078/100] Epsilon:0.2222 #Expl.:35/185 #Buy:34 #Sell:9 #Hold:142 #Stocks:75 PV:12,195,912 LC:185 Loss:1.676732 ET:2.1266
[005380][Epoch 079/100] Epsilon:0.2121 #Expl.:44/185 #Buy:33 #Sell:8 #Hold:144 #Stocks:74 PV:12,112,928 LC:185 Loss:1.495760 ET:1.8935
[005380][Epoch 080/100] Epsilon:0.2020 #Expl.:47/185 #Buy:36 #Sell:11 #Hold:138 #Stocks:75 PV:12,168,014 LC:185 Loss:1.587402 ET:1.9343
[005380][Epoch 081/100] Epsilon:0.1919 #Expl.:48/185 #Buy:27 #Sell:1 #Hold:157 #Stocks:75 PV:12,151,745 LC:185 Loss:1.639812 ET:2.0428
[005380][Epoch 082/100] Epsilon:0.1818 #Expl.:33/185 #Buy:38 #Sell:11 #Hold:136 #Stocks:74 PV:12,102,390 LC:185 Loss:1.772956 ET:2.1202
[005380][Epoch 083/100] Epsilon:0.1717 #Expl.:45/185 #Buy:36 #Sell:11 #Hold:138 #Stocks:74 PV:12,074,315 LC:185 Loss:1.542876 ET:1.9752
[005380][Epoch 084/100] Epsilon:0.1616 #Expl.:29/185 #Buy:41 #Sell:14 #Hold:130 #Stocks:74 PV:12,127,249 LC:185 Loss:1.701512 ET:2.1249
[005380][Epoch 085/100] Epsilon:0.1515 #Expl.:26/185 #Buy:33 #Sell:7 #Hold:145 #Stocks:74 PV:12,114,486 LC:185 Loss:1.462314 ET:2.1179
[005380][Epoch 086/100] Epsilon:0.1414 #Expl.:24/185 #Buy:26 #Sell:0 #Hold:159 #Stocks:75 PV:12,150,000 LC:185 Loss:1.543097 ET:2.2029
[005380][Epoch 087/100] Epsilon:0.1313 #Expl.:32/185 #Buy:29 #Sell:4 #Hold:152 #Stocks:75 PV:12,150,835 LC:185 Loss:1.520072 ET:2.0624
[005380][Epoch 088/100] Epsilon:0.1212 #Expl.:25/185 #Buy:30 #Sell:5 #Hold:150 #Stocks:74 PV:12,106,139 LC:185 Loss:1.545775 ET:2.1799
[005380][Epoch 089/100] Epsilon:0.1111 #Expl.:24/185 #Buy:34 #Sell:9 #Hold:142 #Stocks:74 PV:12,076,246 LC:185 Loss:1.434161 ET:2.1244
[005380][Epoch 090/100] Epsilon:0.1010 #Expl.:20/185 #Buy:29 #Sell:4 #Hold:152 #Stocks:75 PV:12,156,785 LC:185 Loss:1.492560 ET:2.0953
[005380][Epoch 091/100] Epsilon:0.0909 #Expl.:16/185 #Buy:27 #Sell:1 #Hold:157 #Stocks:75 PV:12,150,253 LC:185 Loss:1.306194 ET:2.2802
[005380][Epoch 092/100] Epsilon:0.0808 #Expl.:19/185 #Buy:34 #Sell:10 #Hold:141 #Stocks:71 PV:12,124,609 LC:185 Loss:1.273613 ET:2.0684
[005380][Epoch 093/100] Epsilon:0.0707 #Expl.:10/185 #Buy:26 #Sell:1 #Hold:158 #Stocks:74 PV:12,116,911 LC:185 Loss:1.310917 ET:2.1250
[005380][Epoch 094/100] Epsilon:0.0606 #Expl.:15/185 #Buy:32 #Sell:7 #Hold:146 #Stocks:74 PV:12,096,521 LC:185 Loss:1.549562 ET:2.0011
[005380][Epoch 095/100] Epsilon:0.0505 #Expl.:10/185 #Buy:26 #Sell:0 #Hold:159 #Stocks:75 PV:12,150,000 LC:185 Loss:1.621350 ET:2.0607
[005380][Epoch 096/100] Epsilon:0.0404 #Expl.:8/185 #Buy:28 #Sell:3 #Hold:154 #Stocks:74 PV:12,100,107 LC:185 Loss:1.647583 ET:1.9141
[005380][Epoch 097/100] Epsilon:0.0303 #Expl.:11/185 #Buy:31 #Sell:5 #Hold:149 #Stocks:75 PV:12,150,180 LC:185 Loss:1.936391 ET:2.0840
[005380][Epoch 098/100] Epsilon:0.0202 #Expl.:1/185 #Buy:26 #Sell:0 #Hold:159 #Stocks:75 PV:12,150,000 LC:185 Loss:1.623713 ET:2.0734
[005380][Epoch 099/100] Epsilon:0.0101 #Expl.:1/185 #Buy:26 #Sell:0 #Hold:159 #Stocks:75 PV:12,150,000 LC:185 Loss:1.491399 ET:2.1231
[005380][Epoch 100/100] Epsilon:0.0000 #Expl.:0/185 #Buy:26 #Sell:0 #Hold:159 #Stocks:75 PV:12,150,000 LC:185 Loss:1.704265 ET:2.0788
[005380] Elapsed Time:206.4632 Max PV:12,212,451 #Win:100
