CONFIGDIR=/root/.config/matplotlib
(private) matplotlib data path: /usr/local/lib/python3.7/dist-packages/matplotlib/mpl-data
matplotlib data path: /usr/local/lib/python3.7/dist-packages/matplotlib/mpl-data
loaded rc file /usr/local/lib/python3.7/dist-packages/matplotlib/mpl-data/matplotlibrc
matplotlib version 3.2.2
interactive is False
platform is linux
loaded modules: ['sys', 'builtins', '_frozen_importlib', '_imp', '_thread', '_warnings', '_weakref', 'zipimport', '_frozen_importlib_external', '_io', 'marshal', 'posix', 'encodings', 'codecs', '_codecs', 'encodings.aliases', 'encodings.utf_8', '_signal', '__main__', 'encodings.latin_1', 'io', 'abc', '_abc', 'warnings', 're', 'enum', 'types', '_collections', 'sre_compile', '_sre', 'sre_parse', 'sre_constants', 'functools', '_functools', 'collections', '_collections_abc', 'operator', '_operator', 'keyword', 'heapq', '_heapq', 'itertools', 'reprlib', '_locale', 'copyreg', 'site', 'os', 'stat', '_stat', 'posixpath', 'genericpath', 'os.path', '_sitebuiltins', '_bootlocale', 'importlib', 'importlib._bootstrap', 'importlib._bootstrap_external', 'importlib.util', 'importlib.abc', 'importlib.machinery', 'contextlib', 'google', 'google.cloud', 'google.logging', 'mpl_toolkits', 'sphinxcontrib', 'sitecustomize', 'logging', 'time', 'traceback', 'linecache', 'tokenize', 'token', 'weakref', '_weakrefset', 'collections.abc', 'string', '_string', 'threading', 'atexit', 'argparse', 'gettext', 'locale', 'json', 'json.decoder', 'json.scanner', '_json', 'json.encoder', 'settings', 'platform', 'subprocess', 'signal', 'errno', '_posixsubprocess', 'select', 'selectors', 'math', 'utils', 'datetime', '_datetime', 'numpy', 'numpy._globals', 'numpy.__config__', 'numpy.version', 'numpy._distributor_init', 'numpy.core', 'numpy.core.multiarray', 'numpy.core.overrides', 'textwrap', 'numpy.core._multiarray_umath', 'numpy.compat', 'numpy.compat._inspect', 'numpy.compat.py3k', 'pathlib', 'fnmatch', 'ntpath', 'urllib', 'urllib.parse', 'pickle', 'struct', '_struct', '_compat_pickle', '_pickle', 'numpy.core.umath', 'numpy.core.numerictypes', 'numbers', 'numpy.core._string_helpers', 'numpy.core._type_aliases', 'numpy.core._dtype', 'numpy.core.numeric', 'numpy.core.shape_base', 'numpy.core._asarray', 'numpy.core.fromnumeric', 'numpy.core._methods', 'numpy.core._exceptions', 'numpy.core._ufunc_config', 'numpy.core.arrayprint', 'numpy.core.defchararray', 'numpy.core.records', 'numpy.core.memmap', 'numpy.core.function_base', 'numpy.core.machar', 'numpy.core.getlimits', 'numpy.core.einsumfunc', 'numpy.core._add_newdocs', 'numpy.core._multiarray_tests', 'numpy.core._dtype_ctypes', 'numpy.core._internal', 'ast', '_ast', 'ctypes', '_ctypes', 'ctypes._endian', 'numpy._pytesttester', 'numpy.lib', 'numpy.lib.mixins', 'numpy.lib.scimath', 'numpy.lib.type_check', 'numpy.lib.ufunclike', 'numpy.lib.index_tricks', 'numpy.matrixlib', 'numpy.matrixlib.defmatrix', 'numpy.linalg', 'numpy.linalg.linalg', 'numpy.lib.twodim_base', 'numpy.linalg.lapack_lite', 'numpy.linalg._umath_linalg', 'numpy.lib.function_base', 'numpy.lib.histograms', 'numpy.lib.stride_tricks', 'numpy.lib.nanfunctions', 'numpy.lib.shape_base', 'numpy.lib.polynomial', 'numpy.lib.utils', 'numpy.lib.arraysetops', 'numpy.lib.npyio', 'numpy.lib.format', 'numpy.lib._datasource', 'shutil', 'zlib', 'bz2', '_compression', '_bz2', 'lzma', '_lzma', 'pwd', 'grp', 'numpy.lib._iotools', 'numpy.lib.financial', 'decimal', '_decimal', 'numpy.lib.arrayterator', 'numpy.lib.arraypad', 'numpy.lib._version', 'numpy.fft', 'numpy.fft._pocketfft', 'numpy.fft._pocketfft_internal', 'numpy.fft.helper', 'numpy.polynomial', 'numpy.polynomial.polynomial', 'numpy.polynomial.polyutils', 'numpy.polynomial._polybase', 'numpy.polynomial.chebyshev', 'numpy.polynomial.legendre', 'numpy.polynomial.hermite', 'numpy.polynomial.hermite_e', 'numpy.polynomial.laguerre', 'numpy.random', 'numpy.random._pickle', 'numpy.random.mtrand', 'cython_runtime', 'numpy.random.bit_generator', '_cython_0_29_21', 'numpy.random._common', 'secrets', 'base64', 'binascii', 'hmac', '_hashlib', 'hashlib', '_blake2', '_sha3', 'random', 'bisect', '_bisect', '_random', 'numpy.random._bounded_integers', 'numpy.random._mt19937', 'numpy.random._philox', 'numpy.random._pcg64', 'numpy.random._sfc64', 'numpy.random._generator', 'numpy.ctypeslib', 'numpy.ma', 'numpy.ma.core', 'numpy.ma.extras', 'data_manager', 'pandas', 'pytz', 'pytz.exceptions', 'pytz.lazy', 'pytz.tzinfo', 'pytz.tzfile', 'dateutil', 'dateutil._version', 'pandas.compat', 'pandas._typing', 'typing', 'typing.io', 'typing.re', 'pandas.compat.numpy', 'distutils', 'distutils.version', 'pandas._libs', 'pandas._libs.interval', 'pandas._libs.hashtable', 'pandas._libs.missing', 'pandas._libs.tslibs', 'pandas._libs.tslibs.dtypes', 'pandas._libs.tslibs.conversion', 'pandas._libs.tslibs.base', 'pandas._libs.tslibs.nattype', 'pandas._libs.tslibs.np_datetime', 'pandas._libs.tslibs.timezones', 'dateutil.tz', 'dateutil.tz.tz', 'six', '__future__', 'six.moves', 'dateutil.tz._common', 'dateutil.tz._factories', 'pandas._libs.tslibs.tzconversion', 'pandas._libs.tslibs.ccalendar', 'pandas._libs.tslibs.parsing', 'pandas._libs.tslibs.offsets', 'pandas._libs.tslibs.timedeltas', 'pandas._libs.tslibs.timestamps', 'pandas._libs.tslibs.fields', 'pandas._config', 'pandas._config.config', 'pandas._config.dates', 'pandas._config.display', 'pandas._config.localization', 'pandas._libs.tslibs.strptime', 'calendar', 'dateutil.easter', 'dateutil.relativedelta', 'dateutil._common', 'pandas._libs.properties', 'dateutil.parser', 'dateutil.parser._parser', 'dateutil.parser.isoparser', 'pandas._libs.tslibs.period', 'pandas._libs.tslibs.vectorized', 'pandas._libs.ops_dispatch', 'pandas._libs.algos', 'pandas._libs.lib', 'pandas._libs.tslib', 'pandas.core', 'pandas.core.config_init', 'pandas.core.api', 'pandas.core.dtypes', 'pandas.core.dtypes.dtypes', 'pandas.core.dtypes.base', 'pandas.errors', 'pandas.core.dtypes.generic', 'pandas.core.dtypes.inference', 'pandas.core.dtypes.missing', 'pandas.core.dtypes.common', 'pandas.core.algorithms', 'pandas.util', 'pandas.util._decorators', 'inspect', 'dis', 'opcode', '_opcode', 'pandas.core.util', 'pandas.core.util.hashing', 'pandas._libs.hashing', 'pandas.core.dtypes.cast', 'pandas.util._validators', 'pandas.core.construction', 'pandas.core.common', 'pandas.core.indexers', 'pandas.core.arrays', 'pandas.core.arrays.base', 'pandas.compat.numpy.function', 'pandas.core.ops', 'pandas.core.ops.array_ops', 'pandas._libs.ops', 'pandas.core.ops.missing', 'pandas.core.ops.roperator', 'pandas.core.ops.dispatch', 'pandas.core.ops.invalid', 'pandas.core.ops.common', 'pandas.core.ops.docstrings', 'pandas.core.ops.mask_ops', 'pandas.core.ops.methods', 'pandas.core.missing', 'pandas.compat._optional', 'pandas.core.sorting', 'pandas.core.arrays.boolean', 'pandas.core.arrays.masked', 'pandas.core.nanops', 'bottleneck', 'bottleneck.reduce', 'bottleneck.nonreduce', 'bottleneck.nonreduce_axis', 'bottleneck.move', 'bottleneck.slow', 'bottleneck.slow.reduce', 'bottleneck.slow.nonreduce', 'bottleneck.slow.nonreduce_axis', 'bottleneck.slow.move', 'bottleneck.benchmark', 'bottleneck.benchmark.bench', 'bottleneck.benchmark.autotimeit', 'timeit', 'gc', 'bottleneck.benchmark.bench_detailed', 'bottleneck.tests', 'bottleneck.tests.util', 'bottleneck._pytesttester', 'bottleneck._version', 'pandas.core.array_algos', 'pandas.core.array_algos.masked_reductions', 'pandas.core.arrays.categorical', 'csv', '_csv', 'pandas.core.accessor', 'pandas.core.array_algos.transforms', 'pandas.core.arrays._mixins', 'pandas.core.base', 'pandas.io', 'pandas.io.formats', 'pandas.io.formats.console', 'pandas.core.arrays.datetimes', 'pandas.core.arrays.datetimelike', 'pandas.tseries', 'pandas.tseries.frequencies', 'pandas.core.arrays._ranges', 'pandas.tseries.offsets', 'pandas.core.arrays.integer', 'pandas.core.tools', 'pandas.core.tools.numeric', 'pandas.core.arrays.interval', 'pandas.core.indexes', 'pandas.core.indexes.base', 'copy', 'pandas._libs.index', 'pandas._libs.join', 'pandas.core.dtypes.concat', 'pandas.core.arrays.sparse', 'pandas.core.arrays.sparse.accessor', 'pandas.core.arrays.sparse.array', 'pandas._libs.sparse', 'pandas.core.arrays.sparse.dtype', 'pandas.io.formats.printing', 'pandas.core.indexes.frozen', 'pandas.core.strings', 'pandas.core.arrays.numpy_', 'pandas.core.arrays.period', 'pandas.core.arrays.string_', 'pandas.core.arrays.timedeltas', 'pandas.core.groupby', 'pandas.core.groupby.generic', 'pandas.core.aggregation', 'pandas.core.indexes.api', 'pandas.core.indexes.category', 'pandas.core.indexes.extension', 'pandas.core.indexes.datetimes', 'pandas.core.indexes.datetimelike', 'pandas.core.indexes.numeric', 'pandas.core.tools.timedeltas', 'pandas.core.tools.times', 'pandas.core.indexes.interval', 'pandas.util._exceptions', 'pandas.core.indexes.multi', 'pandas.core.indexes.timedeltas', 'pandas.core.indexes.period', 'pandas.core.indexes.range', 'pandas.core.series', 'pandas._libs.reshape', 'pandas.core.generic', 'pandas.core.indexing', 'pandas._libs.indexing', 'pandas.core.internals', 'pandas.core.internals.blocks', 'pandas._libs.writers', 'pandas._libs.internals', 'pandas.core.internals.concat', 'pandas.core.internals.managers', 'pandas.core.internals.ops', 'pandas.core.shared_docs', 'pandas.io.formats.format', 'unicodedata', 'pandas.io.common', 'gzip', 'mmap', 'zipfile', 'pandas.core.indexes.accessors', 'pandas.core.tools.datetimes', 'pandas.arrays', 'pandas.plotting', 'pandas.plotting._core', 'pandas.plotting._misc', 'pandas.core.window', 'pandas.core.window.ewm', 'pandas._libs.window', 'pandas._libs.window.aggregations', 'pandas.core.window.common', 'pandas.core.groupby.base', 'pandas.core.window.rolling', 'pandas.core.util.numba_', 'pandas.core.window.indexers', 'pandas._libs.window.indexers', 'pandas.core.window.numba_', 'pandas.core.window.expanding', 'pandas.core.frame', 'pandas.core.internals.construction', 'pandas.core.reshape', 'pandas.core.reshape.melt', 'pandas.core.reshape.concat', 'pandas.core.reshape.util', 'pandas.io.formats.info', 'pandas.core.groupby.groupby', 'pandas._libs.groupby', 'pandas.core.groupby.ops', 'pandas._libs.reduction', 'pandas.core.groupby.grouper', 'pandas.core.groupby.categorical', 'pandas.tseries.api', 'pandas.core.computation', 'pandas.core.computation.api', 'pandas.core.computation.eval', 'pandas.core.computation.engines', 'pandas.core.computation.align', 'pandas.core.computation.common', 'pandas.core.computation.ops', 'pandas.core.computation.scope', 'pprint', 'pandas.compat.chainmap', 'pandas.core.computation.expr', 'pandas.core.computation.parsing', 'pandas.core.reshape.api', 'pandas.core.reshape.merge', 'pandas.core.reshape.pivot', 'pandas.core.reshape.reshape', 'pandas.core.reshape.tile', 'pandas.api', 'pandas.api.extensions', 'pandas.api.indexers', 'pandas.api.types', 'pandas.core.dtypes.api', 'pandas.util._print_versions', 'pandas.io.api', 'pandas.io.clipboards', 'pandas.io.excel', 'pandas.io.excel._base', 'pandas._libs.parsers', 'pandas.io.excel._util', 'pandas.io.parsers', 'pandas.io.date_converters', 'pandas.io.excel._odfreader', 'pandas.io.excel._openpyxl', 'pandas.io.excel._pyxlsb', 'pandas.io.excel._xlrd', 'pandas.io.excel._odswriter', 'pandas._libs.json', 'pandas.io.formats.excel', 'pandas.io.formats.css', 'pandas.io.excel._xlsxwriter', 'pandas.io.excel._xlwt', 'pandas.io.feather_format', 'pandas.io.gbq', 'pandas.io.html', 'pandas.io.json', 'pandas.io.json._json', 'pandas.io.json._normalize', 'pandas.io.json._table_schema', 'pandas.io.orc', 'pandas.io.parquet', 'pandas.io.pickle', 'pandas.compat.pickle_compat', 'pandas.io.pytables', 'pandas.core.computation.pytables', 'pandas.io.sas', 'pandas.io.sas.sasreader', 'pandas.io.spss', 'pandas.io.sql', 'pandas.io.stata', 'pandas.util._tester', 'pandas.testing', 'pandas._testing', 'tempfile', 'pandas._libs.testing', 'pandas._version', 'agent', 'learners', 'environment', 'visualizer', 'matplotlib', 'matplotlib.cbook', 'glob', 'shlex', 'matplotlib.cbook.deprecation', 'matplotlib.rcsetup', 'matplotlib.fontconfig_pattern', 'pyparsing', 'matplotlib.colors', 'matplotlib.docstring', 'matplotlib._color_data', 'cycler', 'matplotlib._version', 'matplotlib.ft2font', 'kiwisolver', 'socket', '_socket']
CACHEDIR=/root/.cache/matplotlib
Using fontManager instance from /root/.cache/matplotlib/fontlist-v310.json
Loaded backend module://ipykernel.pylab.backend_inline version unknown.
Loaded backend agg version unknown.
NumExpr defaulting to 2 threads.
From /usr/local/lib/python3.7/dist-packages/keras/backend/tensorflow_backend.py:68: The name tf.get_default_graph is deprecated. Please use tf.compat.v1.get_default_graph instead.

From /usr/local/lib/python3.7/dist-packages/keras/backend/tensorflow_backend.py:508: The name tf.placeholder is deprecated. Please use tf.compat.v1.placeholder instead.

From /usr/local/lib/python3.7/dist-packages/keras/backend/tensorflow_backend.py:3837: The name tf.random_uniform is deprecated. Please use tf.random.uniform instead.

From /usr/local/lib/python3.7/dist-packages/keras/optimizers.py:757: The name tf.train.Optimizer is deprecated. Please use tf.compat.v1.train.Optimizer instead.

From /usr/local/lib/python3.7/dist-packages/keras/backend/tensorflow_backend.py:3814: The name tf.random_normal is deprecated. Please use tf.random.normal instead.

From /usr/local/lib/python3.7/dist-packages/keras/backend/tensorflow_backend.py:127: The name tf.placeholder_with_default is deprecated. Please use tf.compat.v1.placeholder_with_default instead.

From /usr/local/lib/python3.7/dist-packages/keras/backend/tensorflow_backend.py:3144: calling dropout (from tensorflow.python.ops.nn_ops) with keep_prob is deprecated and will be removed in a future version.
Instructions for updating:
Please use `rate` instead of `keep_prob`. Rate should be set to `rate = 1 - keep_prob`.
From /content/drive/MyDrive/StockTrader_TD3/actor.py:112: The name tf.train.AdamOptimizer is deprecated. Please use tf.compat.v1.train.AdamOptimizer instead.

[005380] RL:td3 Net:actorcritic LR:0.01 DF:0.9 TU:[1,6] DRT:0.05
From /usr/local/lib/python3.7/dist-packages/keras/backend/tensorflow_backend.py:2503: The name tf.Session is deprecated. Please use tf.compat.v1.Session instead.

From /usr/local/lib/python3.7/dist-packages/keras/backend/tensorflow_backend.py:168: The name tf.get_default_session is deprecated. Please use tf.compat.v1.get_default_session instead.

From /usr/local/lib/python3.7/dist-packages/keras/backend/tensorflow_backend.py:175: The name tf.ConfigProto is deprecated. Please use tf.compat.v1.ConfigProto instead.

From /usr/local/lib/python3.7/dist-packages/keras/backend/tensorflow_backend.py:184: The name tf.global_variables is deprecated. Please use tf.compat.v1.global_variables instead.

From /usr/local/lib/python3.7/dist-packages/keras/backend/tensorflow_backend.py:193: The name tf.is_variable_initialized is deprecated. Please use tf.compat.v1.is_variable_initialized instead.

From /usr/local/lib/python3.7/dist-packages/keras/backend/tensorflow_backend.py:200: The name tf.variables_initializer is deprecated. Please use tf.compat.v1.variables_initializer instead.

From /usr/local/lib/python3.7/dist-packages/keras/backend/tensorflow_backend.py:977: The name tf.assign_add is deprecated. Please use tf.compat.v1.assign_add instead.

From /usr/local/lib/python3.7/dist-packages/keras/backend/tensorflow_backend.py:964: The name tf.assign is deprecated. Please use tf.compat.v1.assign instead.

[005380][Epoch 001/200] Epsilon:1.0000 #Expl.:185/185 #Buy:67 #Sell:42 #Hold:76 #Stocks:73 PV:11,892,172 LC:175 Loss:0.805295 ET:5.7746
[005380][Epoch 002/200] Epsilon:0.9950 #Expl.:185/185 #Buy:36 #Sell:10 #Hold:139 #Stocks:75 PV:12,155,176 LC:185 Loss:1.223933 ET:2.6240
[005380][Epoch 003/200] Epsilon:0.9899 #Expl.:183/185 #Buy:80 #Sell:56 #Hold:49 #Stocks:70 PV:11,890,577 LC:185 Loss:1.361795 ET:2.6256
[005380][Epoch 004/200] Epsilon:0.9849 #Expl.:181/185 #Buy:91 #Sell:72 #Hold:22 #Stocks:56 PV:12,030,045 LC:185 Loss:1.255330 ET:2.6317
[005380][Epoch 005/200] Epsilon:0.9799 #Expl.:181/185 #Buy:38 #Sell:13 #Hold:134 #Stocks:74 PV:12,122,100 LC:185 Loss:1.431180 ET:2.6140
[005380][Epoch 006/200] Epsilon:0.9749 #Expl.:184/185 #Buy:89 #Sell:66 #Hold:30 #Stocks:68 PV:12,042,937 LC:185 Loss:1.369013 ET:2.5914
[005380][Epoch 007/200] Epsilon:0.9698 #Expl.:180/185 #Buy:56 #Sell:29 #Hold:100 #Stocks:74 PV:12,063,644 LC:185 Loss:1.527053 ET:2.6204
[005380][Epoch 008/200] Epsilon:0.9648 #Expl.:180/185 #Buy:97 #Sell:74 #Hold:14 #Stocks:65 PV:11,590,749 LC:185 Loss:1.231512 ET:2.6274
[005380][Epoch 009/200] Epsilon:0.9598 #Expl.:177/185 #Buy:51 #Sell:27 #Hold:107 #Stocks:70 PV:11,908,220 LC:185 Loss:1.065522 ET:2.6400
[005380][Epoch 010/200] Epsilon:0.9548 #Expl.:178/185 #Buy:48 #Sell:23 #Hold:114 #Stocks:74 PV:12,044,986 LC:185 Loss:1.363497 ET:2.6405
[005380][Epoch 011/200] Epsilon:0.9497 #Expl.:171/185 #Buy:58 #Sell:32 #Hold:95 #Stocks:74 PV:12,000,451 LC:185 Loss:1.502431 ET:2.6847
[005380][Epoch 012/200] Epsilon:0.9447 #Expl.:177/185 #Buy:39 #Sell:14 #Hold:132 #Stocks:75 PV:12,175,219 LC:185 Loss:1.626955 ET:2.6020
[005380][Epoch 013/200] Epsilon:0.9397 #Expl.:172/185 #Buy:95 #Sell:79 #Hold:11 #Stocks:45 PV:10,920,680 LC:185 Loss:1.297456 ET:2.5846
[005380][Epoch 014/200] Epsilon:0.9347 #Expl.:176/185 #Buy:36 #Sell:11 #Hold:138 #Stocks:74 PV:12,091,859 LC:185 Loss:1.201284 ET:2.5661
[005380][Epoch 015/200] Epsilon:0.9296 #Expl.:176/185 #Buy:83 #Sell:59 #Hold:43 #Stocks:67 PV:11,954,506 LC:185 Loss:1.267098 ET:2.6188
[005380][Epoch 016/200] Epsilon:0.9246 #Expl.:176/185 #Buy:66 #Sell:41 #Hold:78 #Stocks:74 PV:11,989,527 LC:185 Loss:1.511514 ET:2.6275
[005380][Epoch 017/200] Epsilon:0.9196 #Expl.:172/185 #Buy:80 #Sell:79 #Hold:26 #Stocks:3 PV:9,854,914 LC:185 Loss:0.990673 ET:2.6308
[005380][Epoch 018/200] Epsilon:0.9146 #Expl.:168/185 #Buy:94 #Sell:70 #Hold:21 #Stocks:69 PV:11,845,507 LC:185 Loss:0.759953 ET:2.6322
[005380][Epoch 019/200] Epsilon:0.9095 #Expl.:170/185 #Buy:56 #Sell:31 #Hold:98 #Stocks:73 PV:11,886,353 LC:185 Loss:1.228401 ET:2.5359
[005380][Epoch 020/200] Epsilon:0.9045 #Expl.:167/185 #Buy:54 #Sell:29 #Hold:102 #Stocks:73 PV:11,870,946 LC:185 Loss:1.385441 ET:2.5877
[005380][Epoch 021/200] Epsilon:0.8995 #Expl.:163/185 #Buy:48 #Sell:23 #Hold:114 #Stocks:74 PV:11,992,713 LC:185 Loss:1.488843 ET:2.6120
[005380][Epoch 022/200] Epsilon:0.8945 #Expl.:166/185 #Buy:47 #Sell:21 #Hold:117 #Stocks:74 PV:12,091,487 LC:185 Loss:1.589836 ET:2.5826
[005380][Epoch 023/200] Epsilon:0.8894 #Expl.:158/185 #Buy:78 #Sell:55 #Hold:52 #Stocks:67 PV:11,974,170 LC:185 Loss:1.549253 ET:2.5918
[005380][Epoch 024/200] Epsilon:0.8844 #Expl.:170/185 #Buy:51 #Sell:26 #Hold:108 #Stocks:74 PV:12,034,579 LC:185 Loss:1.644786 ET:2.5890
[005380][Epoch 025/200] Epsilon:0.8794 #Expl.:159/185 #Buy:61 #Sell:37 #Hold:87 #Stocks:70 PV:11,871,448 LC:185 Loss:1.500549 ET:2.5808
[005380][Epoch 026/200] Epsilon:0.8744 #Expl.:154/185 #Buy:94 #Sell:85 #Hold:6 #Stocks:27 PV:10,765,993 LC:185 Loss:1.142337 ET:2.6467
[005380][Epoch 027/200] Epsilon:0.8693 #Expl.:157/185 #Buy:72 #Sell:49 #Hold:64 #Stocks:67 PV:11,934,077 LC:185 Loss:1.040241 ET:2.6602
[005380][Epoch 028/200] Epsilon:0.8643 #Expl.:160/185 #Buy:94 #Sell:82 #Hold:9 #Stocks:36 PV:10,477,376 LC:185 Loss:0.991929 ET:2.5792
[005380][Epoch 029/200] Epsilon:0.8593 #Expl.:160/185 #Buy:72 #Sell:48 #Hold:65 #Stocks:71 PV:12,088,208 LC:185 Loss:1.161326 ET:2.5757
[005380][Epoch 030/200] Epsilon:0.8543 #Expl.:160/185 #Buy:70 #Sell:44 #Hold:71 #Stocks:73 PV:11,900,489 LC:185 Loss:1.243375 ET:2.5974
[005380][Epoch 031/200] Epsilon:0.8492 #Expl.:149/185 #Buy:81 #Sell:57 #Hold:47 #Stocks:66 PV:11,605,535 LC:185 Loss:1.426734 ET:2.5706
[005380][Epoch 032/200] Epsilon:0.8442 #Expl.:164/185 #Buy:89 #Sell:64 #Hold:32 #Stocks:71 PV:12,043,039 LC:185 Loss:1.336307 ET:2.6118
[005380][Epoch 033/200] Epsilon:0.8392 #Expl.:156/185 #Buy:91 #Sell:66 #Hold:28 #Stocks:73 PV:11,831,745 LC:185 Loss:1.510882 ET:2.6132
[005380][Epoch 034/200] Epsilon:0.8342 #Expl.:158/185 #Buy:81 #Sell:56 #Hold:48 #Stocks:72 PV:11,709,732 LC:185 Loss:1.540432 ET:2.6192
[005380][Epoch 035/200] Epsilon:0.8291 #Expl.:155/185 #Buy:85 #Sell:61 #Hold:39 #Stocks:71 PV:12,041,137 LC:185 Loss:1.486961 ET:2.6276
[005380][Epoch 036/200] Epsilon:0.8241 #Expl.:153/185 #Buy:102 #Sell:78 #Hold:5 #Stocks:71 PV:11,594,964 LC:185 Loss:1.338060 ET:2.6118
[005380][Epoch 037/200] Epsilon:0.8191 #Expl.:154/185 #Buy:58 #Sell:31 #Hold:96 #Stocks:74 PV:12,104,647 LC:185 Loss:1.571381 ET:2.5954
[005380][Epoch 038/200] Epsilon:0.8141 #Expl.:159/185 #Buy:91 #Sell:68 #Hold:26 #Stocks:67 PV:11,858,040 LC:185 Loss:1.518879 ET:2.6036
[005380][Epoch 039/200] Epsilon:0.8090 #Expl.:153/185 #Buy:60 #Sell:33 #Hold:92 #Stocks:75 PV:12,153,938 LC:185 Loss:1.734742 ET:2.6170
[005380][Epoch 040/200] Epsilon:0.8040 #Expl.:152/185 #Buy:84 #Sell:81 #Hold:20 #Stocks:9 PV:10,313,978 LC:185 Loss:1.150992 ET:2.5841
[005380][Epoch 041/200] Epsilon:0.7990 #Expl.:153/185 #Buy:56 #Sell:32 #Hold:97 #Stocks:70 PV:11,957,652 LC:185 Loss:1.117393 ET:2.6138
[005380][Epoch 042/200] Epsilon:0.7940 #Expl.:143/185 #Buy:82 #Sell:58 #Hold:45 #Stocks:66 PV:11,818,194 LC:185 Loss:1.396683 ET:2.5950
[005380][Epoch 043/200] Epsilon:0.7889 #Expl.:148/185 #Buy:84 #Sell:57 #Hold:44 #Stocks:72 PV:11,810,366 LC:185 Loss:1.344826 ET:2.6183
[005380][Epoch 044/200] Epsilon:0.7839 #Expl.:146/185 #Buy:74 #Sell:73 #Hold:38 #Stocks:3 PV:9,961,212 LC:185 Loss:1.246624 ET:2.6004
[005380][Epoch 045/200] Epsilon:0.7789 #Expl.:150/185 #Buy:84 #Sell:61 #Hold:40 #Stocks:68 PV:12,002,272 LC:185 Loss:1.064521 ET:2.7888
[005380][Epoch 046/200] Epsilon:0.7739 #Expl.:147/185 #Buy:75 #Sell:73 #Hold:37 #Stocks:6 PV:9,941,098 LC:185 Loss:1.105072 ET:2.6525
[005380][Epoch 047/200] Epsilon:0.7688 #Expl.:143/185 #Buy:92 #Sell:84 #Hold:9 #Stocks:24 PV:10,671,349 LC:185 Loss:0.552930 ET:2.5704
[005380][Epoch 048/200] Epsilon:0.7638 #Expl.:139/185 #Buy:84 #Sell:82 #Hold:19 #Stocks:6 PV:10,293,111 LC:185 Loss:0.384382 ET:2.5568
[005380][Epoch 049/200] Epsilon:0.7588 #Expl.:130/185 #Buy:79 #Sell:56 #Hold:50 #Stocks:63 PV:11,817,786 LC:185 Loss:0.697913 ET:2.5623
[005380][Epoch 050/200] Epsilon:0.7538 #Expl.:139/185 #Buy:71 #Sell:46 #Hold:68 #Stocks:74 PV:12,037,722 LC:185 Loss:1.300938 ET:2.5874
[005380][Epoch 051/200] Epsilon:0.7487 #Expl.:140/185 #Buy:74 #Sell:70 #Hold:41 #Stocks:12 PV:9,846,811 LC:185 Loss:0.999032 ET:2.6276
[005380][Epoch 052/200] Epsilon:0.7437 #Expl.:137/185 #Buy:93 #Sell:68 #Hold:24 #Stocks:69 PV:11,823,439 LC:185 Loss:0.908418 ET:2.5554
[005380][Epoch 053/200] Epsilon:0.7387 #Expl.:135/185 #Buy:90 #Sell:66 #Hold:29 #Stocks:69 PV:11,766,505 LC:185 Loss:1.148300 ET:2.6097
[005380][Epoch 054/200] Epsilon:0.7337 #Expl.:140/185 #Buy:79 #Sell:54 #Hold:52 #Stocks:74 PV:12,008,794 LC:185 Loss:1.397057 ET:2.5886
[005380][Epoch 055/200] Epsilon:0.7286 #Expl.:138/185 #Buy:95 #Sell:73 #Hold:17 #Stocks:65 PV:11,103,545 LC:185 Loss:1.235272 ET:2.5994
[005380][Epoch 056/200] Epsilon:0.7236 #Expl.:133/185 #Buy:80 #Sell:55 #Hold:50 #Stocks:74 PV:12,123,670 LC:185 Loss:1.403694 ET:2.5563
[005380][Epoch 057/200] Epsilon:0.7186 #Expl.:146/185 #Buy:86 #Sell:61 #Hold:38 #Stocks:69 PV:11,780,882 LC:185 Loss:1.431800 ET:2.6744
[005380][Epoch 058/200] Epsilon:0.7136 #Expl.:129/185 #Buy:73 #Sell:71 #Hold:41 #Stocks:6 PV:10,165,081 LC:185 Loss:1.048579 ET:2.6237
[005380][Epoch 059/200] Epsilon:0.7085 #Expl.:129/185 #Buy:91 #Sell:84 #Hold:10 #Stocks:21 PV:10,137,834 LC:185 Loss:0.491617 ET:2.5752
[005380][Epoch 060/200] Epsilon:0.7035 #Expl.:134/185 #Buy:78 #Sell:76 #Hold:31 #Stocks:6 PV:9,732,178 LC:185 Loss:0.285623 ET:2.5927
[005380][Epoch 061/200] Epsilon:0.6985 #Expl.:133/185 #Buy:86 #Sell:61 #Hold:38 #Stocks:71 PV:11,861,543 LC:185 Loss:0.718812 ET:2.5917
[005380][Epoch 062/200] Epsilon:0.6935 #Expl.:115/185 #Buy:84 #Sell:84 #Hold:17 #Stocks:0 PV:9,831,306 LC:185 Loss:0.730253 ET:2.5888
[005380][Epoch 063/200] Epsilon:0.6884 #Expl.:123/185 #Buy:82 #Sell:76 #Hold:27 #Stocks:18 PV:10,455,916 LC:185 Loss:0.421678 ET:2.5650
[005380][Epoch 064/200] Epsilon:0.6834 #Expl.:126/185 #Buy:87 #Sell:87 #Hold:11 #Stocks:0 PV:10,010,339 LC:185 Loss:0.269522 ET:2.6048
[005380][Epoch 065/200] Epsilon:0.6784 #Expl.:126/185 #Buy:93 #Sell:68 #Hold:24 #Stocks:63 PV:11,659,220 LC:185 Loss:0.623431 ET:2.6452
[005380][Epoch 066/200] Epsilon:0.6734 #Expl.:127/185 #Buy:88 #Sell:62 #Hold:35 #Stocks:71 PV:11,588,284 LC:185 Loss:1.085259 ET:2.6127
[005380][Epoch 067/200] Epsilon:0.6683 #Expl.:125/185 #Buy:64 #Sell:64 #Hold:57 #Stocks:0 PV:9,935,536 LC:185 Loss:0.790705 ET:2.5902
[005380][Epoch 068/200] Epsilon:0.6633 #Expl.:125/185 #Buy:93 #Sell:86 #Hold:6 #Stocks:21 PV:10,463,682 LC:185 Loss:0.454676 ET:2.5852
[005380][Epoch 069/200] Epsilon:0.6583 #Expl.:120/185 #Buy:65 #Sell:65 #Hold:55 #Stocks:0 PV:10,061,669 LC:185 Loss:0.272634 ET:2.6010
