(private) matplotlib data path: C:\Users\poop4\anaconda3\envs\Jinha_Python\lib\site-packages\matplotlib\mpl-data
matplotlib data path: C:\Users\poop4\anaconda3\envs\Jinha_Python\lib\site-packages\matplotlib\mpl-data
CONFIGDIR=C:\Users\poop4\.matplotlib
matplotlib version 3.3.2
interactive is False
platform is win32
loaded modules: ['builtins', 'sys', '_frozen_importlib', '_imp', '_warnings', '_thread', '_weakref', '_frozen_importlib_external', '_io', 'marshal', 'nt', 'winreg', 'zipimport', 'encodings', 'codecs', '_codecs', 'encodings.aliases', 'encodings.utf_8', '_signal', '__main__', 'encodings.latin_1', 'io', 'abc', '_weakrefset', 'site', 'os', 'errno', 'stat', '_stat', 'ntpath', 'genericpath', 'os.path', '_collections_abc', '_sitebuiltins', 'sysconfig', '_bootlocale', '_locale', 'encodings.cp949', '_codecs_kr', '_multibytecodec', 'types', 'functools', '_functools', 'collections', 'operator', '_operator', 'keyword', 'heapq', '_heapq', 'itertools', 'reprlib', '_collections', 'weakref', 'collections.abc', 'importlib', 'importlib._bootstrap', 'importlib._bootstrap_external', 'warnings', 'importlib.util', 'importlib.abc', 'importlib.machinery', 'contextlib', 'google', 'mpl_toolkits', 'logging', 'time', 'traceback', 'linecache', 'tokenize', 're', 'enum', 'sre_compile', '_sre', 'sre_parse', 'sre_constants', 'copyreg', 'token', 'string', '_string', 'threading', 'atexit', 'argparse', 'copy', 'textwrap', 'gettext', 'locale', 'struct', '_struct', 'json', 'json.decoder', 'json.scanner', '_json', 'json.encoder', 'settings', 'platform', 'subprocess', 'signal', 'msvcrt', '_winapi', 'socket', '_socket', 'selectors', 'math', 'select', 'utils', 'datetime', '_datetime', 'numpy', 'numpy._globals', 'numpy.__config__', 'numpy.version', 'numpy._distributor_init', 'mkl', 'ctypes', '_ctypes', 'ctypes._endian', 'mkl._mklinit', 'mkl._py_mkl_service', 'cython_runtime', 'six', '__future__', 'numpy.core', 'numpy.core.multiarray', 'numpy.core.overrides', 'numpy.core._multiarray_umath', 'numpy.compat', 'numpy.compat._inspect', 'numpy.compat.py3k', 'pathlib', 'fnmatch', 'posixpath', 'urllib', 'urllib.parse', 'pickle', '_compat_pickle', '_pickle', 'numpy.core.umath', 'numpy.core.numerictypes', 'numbers', 'numpy.core._string_helpers', 'numpy.core._type_aliases', 'numpy.core._dtype', 'numpy.core.numeric', 'numpy.core.shape_base', 'numpy.core._asarray', 'numpy.core.fromnumeric', 'numpy.core._methods', 'numpy.core._exceptions', 'numpy.core._ufunc_config', 'numpy.core.arrayprint', 'numpy.core.defchararray', 'numpy.core.records', 'numpy.core.memmap', 'numpy.core.function_base', 'numpy.core.machar', 'numpy.core.getlimits', 'numpy.core.einsumfunc', 'numpy.core._add_newdocs', 'numpy.core._multiarray_tests', 'numpy.core._dtype_ctypes', 'numpy.core._internal', 'ast', '_ast', 'numpy._pytesttester', 'numpy.lib', 'numpy.lib.mixins', 'numpy.lib.scimath', 'numpy.lib.type_check', 'numpy.lib.ufunclike', 'numpy.lib.index_tricks', 'numpy.matrixlib', 'numpy.matrixlib.defmatrix', 'numpy.linalg', 'numpy.linalg.linalg', 'numpy.lib.twodim_base', 'numpy.linalg.lapack_lite', 'numpy.linalg._umath_linalg', 'numpy.lib.function_base', 'numpy.lib.histograms', 'numpy.lib.stride_tricks', 'numpy.lib.nanfunctions', 'numpy.lib.shape_base', 'numpy.lib.polynomial', 'numpy.lib.utils', 'numpy.lib.arraysetops', 'numpy.lib.npyio', 'numpy.lib.format', 'numpy.lib._datasource', 'shutil', 'zlib', 'bz2', '_compression', '_bz2', 'lzma', '_lzma', 'numpy.lib._iotools', 'numpy.lib.financial', 'decimal', '_decimal', 'numpy.lib.arrayterator', 'numpy.lib.arraypad', 'numpy.lib._version', 'numpy.fft', 'numpy.fft._pocketfft', 'numpy.fft._pocketfft_internal', 'numpy.fft.helper', 'numpy.polynomial', 'numpy.polynomial.polynomial', 'numpy.polynomial.polyutils', 'numpy.polynomial._polybase', 'numpy.polynomial.chebyshev', 'numpy.polynomial.legendre', 'numpy.polynomial.hermite', 'numpy.polynomial.hermite_e', 'numpy.polynomial.laguerre', 'numpy.random', 'numpy.random._pickle', 'numpy.random.mtrand', 'numpy.random.bit_generator', '_cython_0_29_21', 'numpy.random._common', 'secrets', 'base64', 'binascii', 'hmac', 'hashlib', '_hashlib', '_blake2', '_sha3', 'random', 'bisect', '_bisect', '_random', 'numpy.random._bounded_integers', 'numpy.random._mt19937', 'numpy.random._philox', 'numpy.random._pcg64', 'numpy.random._sfc64', 'numpy.random._generator', 'numpy.ctypeslib', 'numpy.ma', 'numpy.ma.core', 'numpy.ma.extras', 'numpy.testing', 'unittest', 'unittest.result', 'unittest.util', 'unittest.case', 'difflib', 'pprint', 'unittest.suite', 'unittest.loader', 'unittest.main', 'unittest.runner', 'unittest.signals', 'numpy.testing._private', 'numpy.testing._private.utils', 'gc', 'tempfile', 'numpy.testing._private.decorators', 'numpy.testing._private.nosetester', 'data_manager', 'pandas', 'pytz', 'pytz.exceptions', 'pytz.lazy', 'pytz.tzinfo', 'pytz.tzfile', 'dateutil', 'dateutil._version', 'pandas.compat', 'pandas._typing', 'typing', 'typing.io', 'typing.re', 'pandas.compat.numpy', 'distutils', 'distutils.version', 'pandas._libs', 'pandas._libs.interval', 'pandas._libs.hashtable', 'pandas._libs.missing', 'pandas._libs.tslibs', 'pandas._libs.tslibs.dtypes', 'pandas._libs.tslibs.conversion', 'pandas._libs.tslibs.base', 'pandas._libs.tslibs.nattype', 'pandas._libs.tslibs.np_datetime', 'pandas._libs.tslibs.timezones', 'dateutil.tz', 'dateutil.tz.tz', 'six.moves', 'dateutil.tz._common', 'dateutil.tz._factories', 'dateutil.tz.win', 'ctypes.wintypes', 'pandas._libs.tslibs.tzconversion', 'pandas._libs.tslibs.ccalendar', 'pandas._libs.tslibs.parsing', 'pandas._libs.tslibs.offsets', 'pandas._libs.tslibs.timedeltas', 'pandas._libs.tslibs.timestamps', 'pandas._libs.tslibs.fields', 'pandas._config', 'pandas._config.config', 'pandas._config.dates', 'pandas._config.display', 'pandas._config.localization', 'pandas._libs.tslibs.strptime', 'calendar', 'dateutil.easter', 'dateutil.relativedelta', 'dateutil._common', 'pandas._libs.properties', 'dateutil.parser', 'dateutil.parser._parser', 'dateutil.parser.isoparser', 'pandas._libs.tslibs.period', 'pandas._libs.tslibs.vectorized', 'pandas._libs.ops_dispatch', 'pandas._libs.algos', 'pandas._libs.lib', 'pandas._libs.tslib', 'pandas.core', 'pandas.core.config_init', 'pandas.core.api', 'pandas.core.dtypes', 'pandas.core.dtypes.dtypes', 'pandas.core.dtypes.base', 'pandas.errors', 'pandas.core.dtypes.generic', 'pandas.core.dtypes.inference', 'pandas.core.dtypes.missing', 'pandas.core.dtypes.common', 'pandas.core.algorithms', 'pandas.util', 'pandas.util._decorators', 'inspect', 'dis', 'opcode', '_opcode', 'pandas.core.util', 'pandas.core.util.hashing', 'pandas._libs.hashing', 'pandas.core.dtypes.cast', 'pandas.util._validators', 'pandas.core.construction', 'pandas.core.common', 'pandas.core.indexers', 'pandas.core.arrays', 'pandas.core.arrays.base', 'pandas.compat.numpy.function', 'pandas.core.ops', 'pandas.core.ops.array_ops', 'pandas._libs.ops', 'pandas.core.ops.missing', 'pandas.core.ops.roperator', 'pandas.core.ops.dispatch', 'pandas.core.ops.invalid', 'pandas.core.ops.common', 'pandas.core.ops.docstrings', 'pandas.core.ops.mask_ops', 'pandas.core.ops.methods', 'pandas.core.missing', 'pandas.compat._optional', 'pandas.core.sorting', 'pandas.core.arrays.boolean', 'pandas.core.arrays.masked', 'pandas.core.nanops', 'pandas.core.array_algos', 'pandas.core.array_algos.masked_reductions', 'pandas.core.arrays.categorical', 'csv', '_csv', 'pandas.core.accessor', 'pandas.core.array_algos.transforms', 'pandas.core.arrays._mixins', 'pandas.core.base', 'pandas.io', 'pandas.io.formats', 'pandas.io.formats.console', 'pandas.core.arrays.datetimes', 'pandas.core.arrays.datetimelike', 'pandas.tseries', 'pandas.tseries.frequencies', 'pandas.core.arrays._ranges', 'pandas.tseries.offsets', 'pandas.core.arrays.integer', 'pandas.core.tools', 'pandas.core.tools.numeric', 'pandas.core.arrays.interval', 'pandas.core.indexes', 'pandas.core.indexes.base', 'pandas._libs.index', 'pandas._libs.join', 'pandas.core.dtypes.concat', 'pandas.core.arrays.sparse', 'pandas.core.arrays.sparse.accessor', 'pandas.core.arrays.sparse.array', 'pandas._libs.sparse', 'pandas.core.arrays.sparse.dtype', 'pandas.io.formats.printing', 'pandas.core.indexes.frozen', 'pandas.core.strings', 'pandas.core.arrays.numpy_', 'pandas.core.arrays.period', 'pandas.core.arrays.string_', 'pandas.core.arrays.timedeltas', 'pandas.core.groupby', 'pandas.core.groupby.generic', 'pandas.core.aggregation', 'pandas.core.indexes.api', 'pandas.core.indexes.category', 'pandas.core.indexes.extension', 'pandas.core.indexes.datetimes', 'pandas.core.indexes.datetimelike', 'pandas.core.indexes.numeric', 'pandas.core.tools.timedeltas', 'pandas.core.tools.times', 'pandas.core.indexes.interval', 'pandas.util._exceptions', 'pandas.core.indexes.multi', 'pandas.core.indexes.timedeltas', 'pandas.core.indexes.period', 'pandas.core.indexes.range', 'pandas.core.series', 'pandas._libs.reshape', 'pandas.core.generic', 'pandas.core.indexing', 'pandas._libs.indexing', 'pandas.core.internals', 'pandas.core.internals.blocks', 'pandas._libs.writers', 'pandas._libs.internals', 'pandas.core.internals.concat', 'pandas.core.internals.managers', 'pandas.core.internals.ops', 'pandas.core.shared_docs', 'pandas.io.formats.format', 'unicodedata', 'pandas.io.common', 'gzip', 'mmap', 'zipfile', 'pandas.core.indexes.accessors', 'pandas.core.tools.datetimes', 'pandas.arrays', 'pandas.plotting', 'pandas.plotting._core', 'pandas.plotting._misc', 'pandas.core.window', 'pandas.core.window.ewm', 'pandas._libs.window', 'pandas._libs.window.aggregations', 'pandas.core.window.common', 'pandas.core.groupby.base', 'pandas.core.window.rolling', 'pandas.core.util.numba_', 'pandas.core.window.indexers', 'pandas._libs.window.indexers', 'pandas.core.window.numba_', 'pandas.core.window.expanding', 'pandas.core.frame', 'pandas.core.internals.construction', 'pandas.core.reshape', 'pandas.core.reshape.melt', 'pandas.core.reshape.concat', 'pandas.core.reshape.util', 'pandas.io.formats.info', 'pandas.core.groupby.groupby', 'pandas._libs.groupby', 'pandas.core.groupby.ops', 'pandas._libs.reduction', 'pandas.core.groupby.grouper', 'pandas.core.groupby.categorical', 'pandas.tseries.api', 'pandas.core.computation', 'pandas.core.computation.api', 'pandas.core.computation.eval', 'pandas.core.computation.engines', 'pandas.core.computation.align', 'pandas.core.computation.common', 'pandas.core.computation.ops', 'pandas.core.computation.scope', 'pandas.compat.chainmap', 'pandas.core.computation.expr', 'pandas.core.computation.parsing', 'pandas.core.reshape.api', 'pandas.core.reshape.merge', 'pandas.core.reshape.pivot', 'pandas.core.reshape.reshape', 'pandas.core.reshape.tile', 'pandas.api', 'pandas.api.extensions', 'pandas.api.indexers', 'pandas.api.types', 'pandas.core.dtypes.api', 'pandas.util._print_versions', 'pandas.io.api', 'pandas.io.clipboards', 'pandas.io.excel', 'pandas.io.excel._base', 'pandas._libs.parsers', 'pandas.io.excel._util', 'pandas.io.parsers', 'pandas.io.date_converters', 'pandas.io.excel._odfreader', 'pandas.io.excel._openpyxl', 'pandas.io.excel._pyxlsb', 'pandas.io.excel._xlrd', 'pandas.io.excel._odswriter', 'pandas._libs.json', 'pandas.io.formats.excel', 'pandas.io.formats.css', 'pandas.io.excel._xlsxwriter', 'pandas.io.excel._xlwt', 'pandas.io.feather_format', 'pandas.io.gbq', 'pandas.io.html', 'pandas.io.json', 'pandas.io.json._json', 'pandas.io.json._normalize', 'pandas.io.json._table_schema', 'pandas.io.orc', 'pandas.io.parquet', 'pandas.io.pickle', 'pandas.compat.pickle_compat', 'pandas.io.pytables', 'pandas.core.computation.pytables', 'pandas.io.sas', 'pandas.io.sas.sasreader', 'pandas.io.spss', 'pandas.io.sql', 'pandas.io.stata', 'pandas.util._tester', 'pandas.testing', 'pandas._testing', 'pandas._libs.testing', 'pandas._version', 'agent', 'learners', 'environment', 'visualizer', 'matplotlib', 'matplotlib.cbook', 'shlex', 'matplotlib.cbook.deprecation', 'matplotlib.rcsetup', 'matplotlib.animation', 'uuid', 'ctypes.util', 'matplotlib._animation_data', 'matplotlib.fontconfig_pattern', 'pyparsing', 'matplotlib.colors', 'matplotlib.docstring', 'matplotlib._color_data', 'cycler', 'matplotlib._version', 'matplotlib.ft2font', 'kiwisolver']
CACHEDIR=C:\Users\poop4\.matplotlib
Using fontManager instance from C:\Users\poop4\.matplotlib\fontlist-v330.json
Loaded backend tkagg version unknown.
Loaded backend TkAgg version unknown.
Loaded backend agg version unknown.
From C:\Users\poop4\anaconda3\envs\Jinha_Python\lib\site-packages\keras\backend\tensorflow_backend.py:68: The name tf.get_default_graph is deprecated. Please use tf.compat.v1.get_default_graph instead.

From C:\Users\poop4\anaconda3\envs\Jinha_Python\lib\site-packages\keras\backend\tensorflow_backend.py:508: The name tf.placeholder is deprecated. Please use tf.compat.v1.placeholder instead.

From C:\Users\poop4\anaconda3\envs\Jinha_Python\lib\site-packages\keras\backend\tensorflow_backend.py:3837: The name tf.random_uniform is deprecated. Please use tf.random.uniform instead.

From C:\Users\poop4\anaconda3\envs\Jinha_Python\lib\site-packages\keras\optimizers.py:757: The name tf.train.Optimizer is deprecated. Please use tf.compat.v1.train.Optimizer instead.

From C:\Users\poop4\anaconda3\envs\Jinha_Python\lib\site-packages\keras\backend\tensorflow_backend.py:3814: The name tf.random_normal is deprecated. Please use tf.random.normal instead.

From C:\Users\poop4\anaconda3\envs\Jinha_Python\lib\site-packages\keras\backend\tensorflow_backend.py:127: The name tf.placeholder_with_default is deprecated. Please use tf.compat.v1.placeholder_with_default instead.

From C:\Users\poop4\anaconda3\envs\Jinha_Python\lib\site-packages\keras\backend\tensorflow_backend.py:3144: calling dropout (from tensorflow.python.ops.nn_ops) with keep_prob is deprecated and will be removed in a future version.
Instructions for updating:
Please use `rate` instead of `keep_prob`. Rate should be set to `rate = 1 - keep_prob`.
From C:\Users\poop4\OneDrive\바탕 화면\branch_test\StockTrader_ddpg\actor.py:113: The name tf.train.AdamOptimizer is deprecated. Please use tf.compat.v1.train.AdamOptimizer instead.

[005380] RL:ddpg Net:actorcritic LR:0.01 DF:0.9 TU:[1,6] DRT:0.05
From C:\Users\poop4\anaconda3\envs\Jinha_Python\lib\site-packages\keras\backend\tensorflow_backend.py:2503: The name tf.Session is deprecated. Please use tf.compat.v1.Session instead.

From C:\Users\poop4\anaconda3\envs\Jinha_Python\lib\site-packages\keras\backend\tensorflow_backend.py:168: The name tf.get_default_session is deprecated. Please use tf.compat.v1.get_default_session instead.

From C:\Users\poop4\anaconda3\envs\Jinha_Python\lib\site-packages\keras\backend\tensorflow_backend.py:175: The name tf.ConfigProto is deprecated. Please use tf.compat.v1.ConfigProto instead.

From C:\Users\poop4\anaconda3\envs\Jinha_Python\lib\site-packages\keras\backend\tensorflow_backend.py:184: The name tf.global_variables is deprecated. Please use tf.compat.v1.global_variables instead.

From C:\Users\poop4\anaconda3\envs\Jinha_Python\lib\site-packages\keras\backend\tensorflow_backend.py:193: The name tf.is_variable_initialized is deprecated. Please use tf.compat.v1.is_variable_initialized instead.

From C:\Users\poop4\anaconda3\envs\Jinha_Python\lib\site-packages\keras\backend\tensorflow_backend.py:200: The name tf.variables_initializer is deprecated. Please use tf.compat.v1.variables_initializer instead.

From C:\Users\poop4\anaconda3\envs\Jinha_Python\lib\site-packages\keras\backend\tensorflow_backend.py:977: The name tf.assign_add is deprecated. Please use tf.compat.v1.assign_add instead.

From C:\Users\poop4\anaconda3\envs\Jinha_Python\lib\site-packages\keras\backend\tensorflow_backend.py:964: The name tf.assign is deprecated. Please use tf.compat.v1.assign instead.

[005380][Epoch 001/100] Epsilon:1.0000 #Expl.:185/185 #Buy:32 #Sell:7 #Hold:146 #Stocks:74 PV:12,091,377 LC:173 Loss:0.465653 ET:3.4280
[005380][Epoch 002/100] Epsilon:0.9899 #Expl.:184/185 #Buy:41 #Sell:15 #Hold:129 #Stocks:75 PV:12,204,926 LC:185 Loss:0.689860 ET:1.8755
[005380][Epoch 003/100] Epsilon:0.9798 #Expl.:183/185 #Buy:55 #Sell:28 #Hold:102 #Stocks:75 PV:12,168,298 LC:185 Loss:0.799664 ET:1.8994
[005380][Epoch 004/100] Epsilon:0.9697 #Expl.:181/185 #Buy:50 #Sell:22 #Hold:113 #Stocks:74 PV:12,097,833 LC:185 Loss:0.877490 ET:1.8848
[005380][Epoch 005/100] Epsilon:0.9596 #Expl.:176/185 #Buy:33 #Sell:7 #Hold:145 #Stocks:74 PV:12,131,299 LC:185 Loss:0.826372 ET:1.8937
[005380][Epoch 006/100] Epsilon:0.9495 #Expl.:175/185 #Buy:41 #Sell:16 #Hold:128 #Stocks:75 PV:12,178,847 LC:185 Loss:0.919457 ET:1.8768
[005380][Epoch 007/100] Epsilon:0.9394 #Expl.:173/185 #Buy:57 #Sell:31 #Hold:97 #Stocks:71 PV:11,997,296 LC:185 Loss:0.789181 ET:1.8864
[005380][Epoch 008/100] Epsilon:0.9293 #Expl.:175/185 #Buy:47 #Sell:22 #Hold:116 #Stocks:74 PV:11,996,928 LC:185 Loss:0.808934 ET:1.8832
[005380][Epoch 009/100] Epsilon:0.9192 #Expl.:168/185 #Buy:37 #Sell:12 #Hold:136 #Stocks:74 PV:12,113,371 LC:185 Loss:0.807175 ET:1.8779
[005380][Epoch 010/100] Epsilon:0.9091 #Expl.:171/185 #Buy:52 #Sell:27 #Hold:106 #Stocks:74 PV:12,004,739 LC:185 Loss:0.880312 ET:1.8778
[005380][Epoch 011/100] Epsilon:0.8990 #Expl.:167/185 #Buy:36 #Sell:10 #Hold:139 #Stocks:74 PV:12,058,849 LC:185 Loss:0.937089 ET:1.8770
[005380][Epoch 012/100] Epsilon:0.8889 #Expl.:166/185 #Buy:52 #Sell:26 #Hold:107 #Stocks:73 PV:11,953,209 LC:185 Loss:0.804645 ET:1.8952
[005380][Epoch 013/100] Epsilon:0.8788 #Expl.:167/185 #Buy:44 #Sell:19 #Hold:122 #Stocks:74 PV:12,115,469 LC:185 Loss:0.899085 ET:1.8716
[005380][Epoch 014/100] Epsilon:0.8687 #Expl.:166/185 #Buy:33 #Sell:7 #Hold:145 #Stocks:74 PV:12,126,933 LC:185 Loss:0.929391 ET:1.8765
[005380][Epoch 015/100] Epsilon:0.8586 #Expl.:153/185 #Buy:46 #Sell:21 #Hold:118 #Stocks:74 PV:12,022,439 LC:185 Loss:0.959612 ET:1.8859
[005380][Epoch 016/100] Epsilon:0.8485 #Expl.:145/185 #Buy:28 #Sell:3 #Hold:154 #Stocks:74 PV:12,113,777 LC:185 Loss:1.009092 ET:1.8758
[005380][Epoch 017/100] Epsilon:0.8384 #Expl.:146/185 #Buy:47 #Sell:21 #Hold:117 #Stocks:74 PV:12,121,870 LC:185 Loss:1.054056 ET:1.8783
[005380][Epoch 018/100] Epsilon:0.8283 #Expl.:151/185 #Buy:40 #Sell:15 #Hold:130 #Stocks:75 PV:12,223,428 LC:185 Loss:0.948782 ET:1.8731
[005380][Epoch 019/100] Epsilon:0.8182 #Expl.:153/185 #Buy:56 #Sell:31 #Hold:98 #Stocks:74 PV:12,021,467 LC:185 Loss:1.054563 ET:1.8819
[005380][Epoch 020/100] Epsilon:0.8081 #Expl.:146/185 #Buy:30 #Sell:5 #Hold:150 #Stocks:75 PV:12,182,542 LC:185 Loss:1.108811 ET:1.8975
[005380][Epoch 021/100] Epsilon:0.7980 #Expl.:151/185 #Buy:62 #Sell:36 #Hold:87 #Stocks:71 PV:12,075,269 LC:185 Loss:1.180939 ET:1.8778
[005380][Epoch 022/100] Epsilon:0.7879 #Expl.:142/185 #Buy:40 #Sell:11 #Hold:134 #Stocks:75 PV:12,155,117 LC:185 Loss:1.140786 ET:1.8945
[005380][Epoch 023/100] Epsilon:0.7778 #Expl.:148/185 #Buy:42 #Sell:17 #Hold:126 #Stocks:73 PV:11,851,049 LC:185 Loss:1.023104 ET:1.8866
[005380][Epoch 024/100] Epsilon:0.7677 #Expl.:144/185 #Buy:41 #Sell:16 #Hold:128 #Stocks:74 PV:12,048,305 LC:185 Loss:1.248650 ET:1.8724
[005380][Epoch 025/100] Epsilon:0.7576 #Expl.:143/185 #Buy:54 #Sell:28 #Hold:103 #Stocks:73 PV:11,927,122 LC:185 Loss:1.432076 ET:1.8825
[005380][Epoch 026/100] Epsilon:0.7475 #Expl.:149/185 #Buy:60 #Sell:35 #Hold:90 #Stocks:74 PV:12,018,721 LC:185 Loss:1.174224 ET:1.9247
[005380][Epoch 027/100] Epsilon:0.7374 #Expl.:133/185 #Buy:28 #Sell:4 #Hold:153 #Stocks:71 PV:12,111,325 LC:185 Loss:1.521169 ET:2.0730
[005380][Epoch 028/100] Epsilon:0.7273 #Expl.:136/185 #Buy:58 #Sell:33 #Hold:94 #Stocks:71 PV:12,081,323 LC:185 Loss:1.317380 ET:2.7807
[005380][Epoch 029/100] Epsilon:0.7172 #Expl.:129/185 #Buy:32 #Sell:6 #Hold:147 #Stocks:75 PV:12,159,039 LC:185 Loss:1.420344 ET:2.2629
[005380][Epoch 030/100] Epsilon:0.7071 #Expl.:123/185 #Buy:37 #Sell:12 #Hold:136 #Stocks:74 PV:12,042,348 LC:185 Loss:1.493235 ET:2.1616
[005380][Epoch 031/100] Epsilon:0.6970 #Expl.:135/185 #Buy:54 #Sell:29 #Hold:102 #Stocks:72 PV:11,809,591 LC:185 Loss:1.241183 ET:2.1547
[005380][Epoch 032/100] Epsilon:0.6869 #Expl.:126/185 #Buy:55 #Sell:31 #Hold:99 #Stocks:71 PV:11,579,834 LC:185 Loss:0.937851 ET:1.9741
[005380][Epoch 033/100] Epsilon:0.6768 #Expl.:130/185 #Buy:26 #Sell:0 #Hold:159 #Stocks:75 PV:12,150,500 LC:185 Loss:1.148068 ET:2.2647
[005380][Epoch 034/100] Epsilon:0.6667 #Expl.:124/185 #Buy:58 #Sell:37 #Hold:90 #Stocks:62 PV:11,558,941 LC:185 Loss:1.246207 ET:2.1852
[005380][Epoch 035/100] Epsilon:0.6566 #Expl.:125/185 #Buy:29 #Sell:4 #Hold:152 #Stocks:75 PV:12,161,156 LC:185 Loss:1.463198 ET:2.2798
[005380][Epoch 036/100] Epsilon:0.6465 #Expl.:120/185 #Buy:25 #Sell:0 #Hold:160 #Stocks:74 PV:12,113,519 LC:185 Loss:1.832753 ET:1.9210
[005380][Epoch 037/100] Epsilon:0.6364 #Expl.:114/185 #Buy:26 #Sell:1 #Hold:158 #Stocks:74 PV:12,100,917 LC:185 Loss:1.614125 ET:2.0368
[005380][Epoch 038/100] Epsilon:0.6263 #Expl.:121/185 #Buy:53 #Sell:29 #Hold:103 #Stocks:68 PV:11,611,663 LC:185 Loss:1.821834 ET:2.0896
[005380][Epoch 039/100] Epsilon:0.6162 #Expl.:107/185 #Buy:27 #Sell:2 #Hold:156 #Stocks:74 PV:12,098,211 LC:185 Loss:1.486341 ET:2.3284
[005380][Epoch 040/100] Epsilon:0.6061 #Expl.:107/185 #Buy:27 #Sell:2 #Hold:156 #Stocks:74 PV:12,101,124 LC:185 Loss:1.766088 ET:2.2736
[005380][Epoch 041/100] Epsilon:0.5960 #Expl.:104/185 #Buy:46 #Sell:20 #Hold:119 #Stocks:74 PV:12,042,904 LC:185 Loss:1.688464 ET:1.9714
[005380][Epoch 042/100] Epsilon:0.5859 #Expl.:95/185 #Buy:42 #Sell:20 #Hold:123 #Stocks:66 PV:11,797,137 LC:185 Loss:1.321000 ET:2.0723
[005380][Epoch 043/100] Epsilon:0.5758 #Expl.:111/185 #Buy:44 #Sell:19 #Hold:122 #Stocks:74 PV:12,001,103 LC:185 Loss:1.304744 ET:2.1991
[005380][Epoch 044/100] Epsilon:0.5657 #Expl.:103/185 #Buy:39 #Sell:14 #Hold:132 #Stocks:74 PV:12,087,957 LC:185 Loss:1.593597 ET:2.0929
[005380][Epoch 045/100] Epsilon:0.5556 #Expl.:102/185 #Buy:39 #Sell:13 #Hold:133 #Stocks:74 PV:11,988,731 LC:185 Loss:1.773355 ET:2.1417
[005380][Epoch 046/100] Epsilon:0.5455 #Expl.:105/185 #Buy:47 #Sell:20 #Hold:118 #Stocks:73 PV:11,965,950 LC:185 Loss:1.669193 ET:2.0817
[005380][Epoch 047/100] Epsilon:0.5354 #Expl.:105/185 #Buy:28 #Sell:3 #Hold:154 #Stocks:74 PV:12,001,092 LC:185 Loss:1.991331 ET:2.1946
[005380][Epoch 048/100] Epsilon:0.5253 #Expl.:100/185 #Buy:37 #Sell:12 #Hold:136 #Stocks:73 PV:11,936,999 LC:185 Loss:2.123343 ET:2.2156
[005380][Epoch 049/100] Epsilon:0.5152 #Expl.:96/185 #Buy:43 #Sell:19 #Hold:123 #Stocks:70 PV:11,836,566 LC:185 Loss:2.064576 ET:2.2765
[005380][Epoch 050/100] Epsilon:0.5051 #Expl.:89/185 #Buy:34 #Sell:9 #Hold:142 #Stocks:73 PV:11,950,546 LC:185 Loss:2.069787 ET:2.1258
[005380][Epoch 051/100] Epsilon:0.4949 #Expl.:99/185 #Buy:27 #Sell:2 #Hold:156 #Stocks:75 PV:12,166,689 LC:185 Loss:1.843984 ET:2.0725
[005380][Epoch 052/100] Epsilon:0.4848 #Expl.:93/185 #Buy:41 #Sell:17 #Hold:127 #Stocks:70 PV:11,876,428 LC:185 Loss:1.815700 ET:2.0191
[005380][Epoch 053/100] Epsilon:0.4747 #Expl.:95/185 #Buy:33 #Sell:10 #Hold:142 #Stocks:68 PV:11,980,765 LC:185 Loss:1.605258 ET:2.1030
[005380][Epoch 054/100] Epsilon:0.4646 #Expl.:102/185 #Buy:42 #Sell:17 #Hold:126 #Stocks:73 PV:11,863,744 LC:185 Loss:1.583249 ET:1.9694
[005380][Epoch 055/100] Epsilon:0.4545 #Expl.:77/185 #Buy:35 #Sell:10 #Hold:140 #Stocks:73 PV:11,967,805 LC:185 Loss:1.690142 ET:2.0964
[005380][Epoch 056/100] Epsilon:0.4444 #Expl.:81/185 #Buy:38 #Sell:13 #Hold:134 #Stocks:73 PV:11,954,784 LC:185 Loss:1.406445 ET:1.9834
[005380][Epoch 057/100] Epsilon:0.4343 #Expl.:77/185 #Buy:36 #Sell:12 #Hold:137 #Stocks:70 PV:11,885,300 LC:185 Loss:1.462727 ET:2.1407
[005380][Epoch 058/100] Epsilon:0.4242 #Expl.:90/185 #Buy:35 #Sell:11 #Hold:139 #Stocks:71 PV:12,133,212 LC:185 Loss:2.006030 ET:2.2651
[005380][Epoch 059/100] Epsilon:0.4141 #Expl.:75/185 #Buy:26 #Sell:1 #Hold:158 #Stocks:74 PV:12,064,378 LC:185 Loss:1.467183 ET:2.0445
[005380][Epoch 060/100] Epsilon:0.4040 #Expl.:80/185 #Buy:39 #Sell:18 #Hold:128 #Stocks:63 PV:11,471,529 LC:185 Loss:1.631764 ET:2.0663
[005380][Epoch 061/100] Epsilon:0.3939 #Expl.:70/185 #Buy:37 #Sell:12 #Hold:136 #Stocks:73 PV:11,849,154 LC:185 Loss:1.094915 ET:1.8706
[005380][Epoch 062/100] Epsilon:0.3838 #Expl.:76/185 #Buy:38 #Sell:15 #Hold:132 #Stocks:69 PV:11,684,956 LC:185 Loss:1.276389 ET:1.8965
[005380][Epoch 063/100] Epsilon:0.3737 #Expl.:65/185 #Buy:34 #Sell:16 #Hold:135 #Stocks:54 PV:11,187,272 LC:185 Loss:1.100342 ET:1.8782
[005380][Epoch 064/100] Epsilon:0.3636 #Expl.:61/185 #Buy:30 #Sell:5 #Hold:150 #Stocks:74 PV:12,006,586 LC:185 Loss:1.344235 ET:1.9921
[005380][Epoch 065/100] Epsilon:0.3535 #Expl.:68/185 #Buy:33 #Sell:6 #Hold:146 #Stocks:74 PV:11,991,992 LC:185 Loss:1.793531 ET:2.2211
[005380][Epoch 066/100] Epsilon:0.3434 #Expl.:73/185 #Buy:25 #Sell:0 #Hold:160 #Stocks:74 PV:12,051,010 LC:185 Loss:1.604150 ET:1.8993
[005380][Epoch 067/100] Epsilon:0.3333 #Expl.:56/185 #Buy:26 #Sell:1 #Hold:158 #Stocks:74 PV:11,988,837 LC:185 Loss:1.591263 ET:1.8757
[005380][Epoch 068/100] Epsilon:0.3232 #Expl.:55/185 #Buy:34 #Sell:9 #Hold:142 #Stocks:72 PV:11,811,675 LC:185 Loss:1.322614 ET:1.8885
[005380][Epoch 069/100] Epsilon:0.3131 #Expl.:53/185 #Buy:25 #Sell:11 #Hold:149 #Stocks:42 PV:10,902,635 LC:185 Loss:1.035567 ET:1.8418
[005380][Epoch 070/100] Epsilon:0.3030 #Expl.:66/185 #Buy:31 #Sell:15 #Hold:139 #Stocks:48 PV:10,851,190 LC:185 Loss:0.790416 ET:1.8855
[005380][Epoch 071/100] Epsilon:0.2929 #Expl.:50/185 #Buy:29 #Sell:8 #Hold:148 #Stocks:63 PV:11,292,572 LC:185 Loss:0.484464 ET:1.9221
[005380][Epoch 072/100] Epsilon:0.2828 #Expl.:52/185 #Buy:29 #Sell:4 #Hold:152 #Stocks:74 PV:11,994,302 LC:185 Loss:1.033107 ET:1.9963
[005380][Epoch 073/100] Epsilon:0.2727 #Expl.:57/185 #Buy:34 #Sell:9 #Hold:142 #Stocks:73 PV:11,834,797 LC:185 Loss:1.148113 ET:2.0838
[005380][Epoch 074/100] Epsilon:0.2626 #Expl.:44/185 #Buy:31 #Sell:7 #Hold:147 #Stocks:72 PV:11,730,443 LC:185 Loss:0.845440 ET:1.8839
[005380][Epoch 075/100] Epsilon:0.2525 #Expl.:42/185 #Buy:28 #Sell:6 #Hold:151 #Stocks:66 PV:11,388,239 LC:185 Loss:0.714064 ET:1.8641
[005380][Epoch 076/100] Epsilon:0.2424 #Expl.:40/185 #Buy:20 #Sell:9 #Hold:156 #Stocks:33 PV:10,714,715 LC:185 Loss:0.670181 ET:1.8709
[005380][Epoch 077/100] Epsilon:0.2323 #Expl.:45/185 #Buy:31 #Sell:7 #Hold:147 #Stocks:71 PV:11,534,972 LC:185 Loss:0.521006 ET:1.8835
[005380][Epoch 078/100] Epsilon:0.2222 #Expl.:50/185 #Buy:27 #Sell:2 #Hold:156 #Stocks:74 PV:12,011,972 LC:185 Loss:0.798119 ET:1.8785
[005380][Epoch 079/100] Epsilon:0.2121 #Expl.:42/185 #Buy:30 #Sell:6 #Hold:149 #Stocks:70 PV:11,379,560 LC:185 Loss:0.920530 ET:1.8822
[005380][Epoch 080/100] Epsilon:0.2020 #Expl.:38/185 #Buy:26 #Sell:1 #Hold:158 #Stocks:73 PV:11,889,279 LC:185 Loss:1.043909 ET:1.9828
[005380][Epoch 081/100] Epsilon:0.1919 #Expl.:34/185 #Buy:27 #Sell:4 #Hold:154 #Stocks:69 PV:11,673,833 LC:185 Loss:0.916735 ET:2.0821
[005380][Epoch 082/100] Epsilon:0.1818 #Expl.:24/185 #Buy:17 #Sell:3 #Hold:165 #Stocks:42 PV:10,805,606 LC:185 Loss:0.740384 ET:2.1625
[005380][Epoch 083/100] Epsilon:0.1717 #Expl.:31/185 #Buy:25 #Sell:1 #Hold:159 #Stocks:72 PV:11,687,891 LC:185 Loss:0.685371 ET:2.0020
[005380][Epoch 084/100] Epsilon:0.1616 #Expl.:26/185 #Buy:24 #Sell:0 #Hold:161 #Stocks:70 PV:11,408,010 LC:185 Loss:0.793999 ET:1.9612
[005380][Epoch 085/100] Epsilon:0.1515 #Expl.:22/185 #Buy:16 #Sell:4 #Hold:165 #Stocks:36 PV:10,780,585 LC:185 Loss:0.571548 ET:2.0710
[005380][Epoch 086/100] Epsilon:0.1414 #Expl.:27/185 #Buy:20 #Sell:2 #Hold:163 #Stocks:54 PV:11,422,966 LC:185 Loss:0.515992 ET:2.0169
[005380][Epoch 087/100] Epsilon:0.1313 #Expl.:27/185 #Buy:14 #Sell:8 #Hold:163 #Stocks:18 PV:10,275,433 LC:185 Loss:0.474667 ET:1.9535
[005380][Epoch 088/100] Epsilon:0.1212 #Expl.:31/185 #Buy:25 #Sell:4 #Hold:156 #Stocks:63 PV:11,454,862 LC:185 Loss:0.383670 ET:1.8800
[005380][Epoch 089/100] Epsilon:0.1111 #Expl.:30/185 #Buy:25 #Sell:1 #Hold:159 #Stocks:71 PV:11,559,383 LC:185 Loss:0.440808 ET:1.9173
[005380][Epoch 090/100] Epsilon:0.1010 #Expl.:20/185 #Buy:13 #Sell:3 #Hold:169 #Stocks:30 PV:10,496,923 LC:185 Loss:0.498036 ET:1.9190
[005380][Epoch 091/100] Epsilon:0.0909 #Expl.:24/185 #Buy:17 #Sell:3 #Hold:165 #Stocks:42 PV:10,928,541 LC:185 Loss:0.391265 ET:2.0038
[005380][Epoch 092/100] Epsilon:0.0808 #Expl.:17/185 #Buy:10 #Sell:3 #Hold:172 #Stocks:21 PV:10,384,549 LC:185 Loss:0.346169 ET:2.0310
[005380][Epoch 093/100] Epsilon:0.0707 #Expl.:14/185 #Buy:13 #Sell:0 #Hold:172 #Stocks:39 PV:10,987,701 LC:185 Loss:0.241323 ET:2.0089
[005380][Epoch 094/100] Epsilon:0.0606 #Expl.:5/185 #Buy:5 #Sell:0 #Hold:180 #Stocks:15 PV:10,362,690 LC:185 Loss:0.252015 ET:1.8735
[005380][Epoch 095/100] Epsilon:0.0505 #Expl.:11/185 #Buy:11 #Sell:0 #Hold:174 #Stocks:33 PV:10,716,306 LC:185 Loss:0.185921 ET:1.9879
[005380][Epoch 096/100] Epsilon:0.0404 #Expl.:5/185 #Buy:4 #Sell:0 #Hold:181 #Stocks:12 PV:10,287,752 LC:185 Loss:0.190450 ET:1.9365
[005380][Epoch 097/100] Epsilon:0.0303 #Expl.:10/185 #Buy:4 #Sell:3 #Hold:178 #Stocks:3 PV:10,117,808 LC:185 Loss:0.133731 ET:1.9808
[005380][Epoch 098/100] Epsilon:0.0202 #Expl.:6/185 #Buy:5 #Sell:1 #Hold:179 #Stocks:12 PV:10,346,589 LC:185 Loss:0.128314 ET:2.0155
[005380][Epoch 099/100] Epsilon:0.0101 #Expl.:1/185 #Buy:0 #Sell:0 #Hold:185 #Stocks:0 PV:10,000,000 LC:185 Loss:0.140701 ET:2.1174
[005380][Epoch 100/100] Epsilon:0.0000 #Expl.:0/185 #Buy:0 #Sell:0 #Hold:185 #Stocks:0 PV:10,000,000 LC:185 Loss:0.104794 ET:2.1116
[005380] Elapsed Time:202.6142 Max PV:12,223,428 #Win:98
