CONFIGDIR=/root/.config/matplotlib
(private) matplotlib data path: /usr/local/lib/python3.7/dist-packages/matplotlib/mpl-data
matplotlib data path: /usr/local/lib/python3.7/dist-packages/matplotlib/mpl-data
loaded rc file /usr/local/lib/python3.7/dist-packages/matplotlib/mpl-data/matplotlibrc
matplotlib version 3.2.2
interactive is False
platform is linux
loaded modules: ['sys', 'builtins', '_frozen_importlib', '_imp', '_thread', '_warnings', '_weakref', 'zipimport', '_frozen_importlib_external', '_io', 'marshal', 'posix', 'encodings', 'codecs', '_codecs', 'encodings.aliases', 'encodings.utf_8', '_signal', '__main__', 'encodings.latin_1', 'io', 'abc', '_abc', 'warnings', 're', 'enum', 'types', '_collections', 'sre_compile', '_sre', 'sre_parse', 'sre_constants', 'functools', '_functools', 'collections', '_collections_abc', 'operator', '_operator', 'keyword', 'heapq', '_heapq', 'itertools', 'reprlib', '_locale', 'copyreg', 'site', 'os', 'stat', '_stat', 'posixpath', 'genericpath', 'os.path', '_sitebuiltins', '_bootlocale', 'importlib', 'importlib._bootstrap', 'importlib._bootstrap_external', 'importlib.util', 'importlib.abc', 'importlib.machinery', 'contextlib', 'google', 'google.cloud', 'google.logging', 'mpl_toolkits', 'sphinxcontrib', 'sitecustomize', 'logging', 'time', 'traceback', 'linecache', 'tokenize', 'token', 'weakref', '_weakrefset', 'collections.abc', 'string', '_string', 'threading', 'atexit', 'argparse', 'gettext', 'locale', 'json', 'json.decoder', 'json.scanner', '_json', 'json.encoder', 'settings', 'platform', 'subprocess', 'signal', 'errno', '_posixsubprocess', 'select', 'selectors', 'math', 'utils', 'datetime', '_datetime', 'numpy', 'numpy._globals', 'numpy.__config__', 'numpy.version', 'numpy._distributor_init', 'numpy.core', 'numpy.core.multiarray', 'numpy.core.overrides', 'textwrap', 'numpy.core._multiarray_umath', 'numpy.compat', 'numpy.compat._inspect', 'numpy.compat.py3k', 'pathlib', 'fnmatch', 'ntpath', 'urllib', 'urllib.parse', 'pickle', 'struct', '_struct', '_compat_pickle', '_pickle', 'numpy.core.umath', 'numpy.core.numerictypes', 'numbers', 'numpy.core._string_helpers', 'numpy.core._type_aliases', 'numpy.core._dtype', 'numpy.core.numeric', 'numpy.core.shape_base', 'numpy.core._asarray', 'numpy.core.fromnumeric', 'numpy.core._methods', 'numpy.core._exceptions', 'numpy.core._ufunc_config', 'numpy.core.arrayprint', 'numpy.core.defchararray', 'numpy.core.records', 'numpy.core.memmap', 'numpy.core.function_base', 'numpy.core.machar', 'numpy.core.getlimits', 'numpy.core.einsumfunc', 'numpy.core._add_newdocs', 'numpy.core._multiarray_tests', 'numpy.core._dtype_ctypes', 'numpy.core._internal', 'ast', '_ast', 'ctypes', '_ctypes', 'ctypes._endian', 'numpy._pytesttester', 'numpy.lib', 'numpy.lib.mixins', 'numpy.lib.scimath', 'numpy.lib.type_check', 'numpy.lib.ufunclike', 'numpy.lib.index_tricks', 'numpy.matrixlib', 'numpy.matrixlib.defmatrix', 'numpy.linalg', 'numpy.linalg.linalg', 'numpy.lib.twodim_base', 'numpy.linalg.lapack_lite', 'numpy.linalg._umath_linalg', 'numpy.lib.function_base', 'numpy.lib.histograms', 'numpy.lib.stride_tricks', 'numpy.lib.nanfunctions', 'numpy.lib.shape_base', 'numpy.lib.polynomial', 'numpy.lib.utils', 'numpy.lib.arraysetops', 'numpy.lib.npyio', 'numpy.lib.format', 'numpy.lib._datasource', 'shutil', 'zlib', 'bz2', '_compression', '_bz2', 'lzma', '_lzma', 'pwd', 'grp', 'numpy.lib._iotools', 'numpy.lib.financial', 'decimal', '_decimal', 'numpy.lib.arrayterator', 'numpy.lib.arraypad', 'numpy.lib._version', 'numpy.fft', 'numpy.fft._pocketfft', 'numpy.fft._pocketfft_internal', 'numpy.fft.helper', 'numpy.polynomial', 'numpy.polynomial.polynomial', 'numpy.polynomial.polyutils', 'numpy.polynomial._polybase', 'numpy.polynomial.chebyshev', 'numpy.polynomial.legendre', 'numpy.polynomial.hermite', 'numpy.polynomial.hermite_e', 'numpy.polynomial.laguerre', 'numpy.random', 'numpy.random._pickle', 'numpy.random.mtrand', 'cython_runtime', 'numpy.random.bit_generator', '_cython_0_29_21', 'numpy.random._common', 'secrets', 'base64', 'binascii', 'hmac', '_hashlib', 'hashlib', '_blake2', '_sha3', 'random', 'bisect', '_bisect', '_random', 'numpy.random._bounded_integers', 'numpy.random._mt19937', 'numpy.random._philox', 'numpy.random._pcg64', 'numpy.random._sfc64', 'numpy.random._generator', 'numpy.ctypeslib', 'numpy.ma', 'numpy.ma.core', 'numpy.ma.extras', 'data_manager', 'pandas', 'pytz', 'pytz.exceptions', 'pytz.lazy', 'pytz.tzinfo', 'pytz.tzfile', 'dateutil', 'dateutil._version', 'pandas.compat', 'pandas._typing', 'typing', 'typing.io', 'typing.re', 'pandas.compat.numpy', 'distutils', 'distutils.version', 'pandas._libs', 'pandas._libs.interval', 'pandas._libs.hashtable', 'pandas._libs.missing', 'pandas._libs.tslibs', 'pandas._libs.tslibs.dtypes', 'pandas._libs.tslibs.conversion', 'pandas._libs.tslibs.base', 'pandas._libs.tslibs.nattype', 'pandas._libs.tslibs.np_datetime', 'pandas._libs.tslibs.timezones', 'dateutil.tz', 'dateutil.tz.tz', 'six', '__future__', 'six.moves', 'dateutil.tz._common', 'dateutil.tz._factories', 'pandas._libs.tslibs.tzconversion', 'pandas._libs.tslibs.ccalendar', 'pandas._libs.tslibs.parsing', 'pandas._libs.tslibs.offsets', 'pandas._libs.tslibs.timedeltas', 'pandas._libs.tslibs.timestamps', 'pandas._libs.tslibs.fields', 'pandas._config', 'pandas._config.config', 'pandas._config.dates', 'pandas._config.display', 'pandas._config.localization', 'pandas._libs.tslibs.strptime', 'calendar', 'dateutil.easter', 'dateutil.relativedelta', 'dateutil._common', 'pandas._libs.properties', 'dateutil.parser', 'dateutil.parser._parser', 'dateutil.parser.isoparser', 'pandas._libs.tslibs.period', 'pandas._libs.tslibs.vectorized', 'pandas._libs.ops_dispatch', 'pandas._libs.algos', 'pandas._libs.lib', 'pandas._libs.tslib', 'pandas.core', 'pandas.core.config_init', 'pandas.core.api', 'pandas.core.dtypes', 'pandas.core.dtypes.dtypes', 'pandas.core.dtypes.base', 'pandas.errors', 'pandas.core.dtypes.generic', 'pandas.core.dtypes.inference', 'pandas.core.dtypes.missing', 'pandas.core.dtypes.common', 'pandas.core.algorithms', 'pandas.util', 'pandas.util._decorators', 'inspect', 'dis', 'opcode', '_opcode', 'pandas.core.util', 'pandas.core.util.hashing', 'pandas._libs.hashing', 'pandas.core.dtypes.cast', 'pandas.util._validators', 'pandas.core.construction', 'pandas.core.common', 'pandas.core.indexers', 'pandas.core.arrays', 'pandas.core.arrays.base', 'pandas.compat.numpy.function', 'pandas.core.ops', 'pandas.core.ops.array_ops', 'pandas._libs.ops', 'pandas.core.ops.missing', 'pandas.core.ops.roperator', 'pandas.core.ops.dispatch', 'pandas.core.ops.invalid', 'pandas.core.ops.common', 'pandas.core.ops.docstrings', 'pandas.core.ops.mask_ops', 'pandas.core.ops.methods', 'pandas.core.missing', 'pandas.compat._optional', 'pandas.core.sorting', 'pandas.core.arrays.boolean', 'pandas.core.arrays.masked', 'pandas.core.nanops', 'bottleneck', 'bottleneck.reduce', 'bottleneck.nonreduce', 'bottleneck.nonreduce_axis', 'bottleneck.move', 'bottleneck.slow', 'bottleneck.slow.reduce', 'bottleneck.slow.nonreduce', 'bottleneck.slow.nonreduce_axis', 'bottleneck.slow.move', 'bottleneck.benchmark', 'bottleneck.benchmark.bench', 'bottleneck.benchmark.autotimeit', 'timeit', 'gc', 'bottleneck.benchmark.bench_detailed', 'bottleneck.tests', 'bottleneck.tests.util', 'bottleneck._pytesttester', 'bottleneck._version', 'pandas.core.array_algos', 'pandas.core.array_algos.masked_reductions', 'pandas.core.arrays.categorical', 'csv', '_csv', 'pandas.core.accessor', 'pandas.core.array_algos.transforms', 'pandas.core.arrays._mixins', 'pandas.core.base', 'pandas.io', 'pandas.io.formats', 'pandas.io.formats.console', 'pandas.core.arrays.datetimes', 'pandas.core.arrays.datetimelike', 'pandas.tseries', 'pandas.tseries.frequencies', 'pandas.core.arrays._ranges', 'pandas.tseries.offsets', 'pandas.core.arrays.integer', 'pandas.core.tools', 'pandas.core.tools.numeric', 'pandas.core.arrays.interval', 'pandas.core.indexes', 'pandas.core.indexes.base', 'copy', 'pandas._libs.index', 'pandas._libs.join', 'pandas.core.dtypes.concat', 'pandas.core.arrays.sparse', 'pandas.core.arrays.sparse.accessor', 'pandas.core.arrays.sparse.array', 'pandas._libs.sparse', 'pandas.core.arrays.sparse.dtype', 'pandas.io.formats.printing', 'pandas.core.indexes.frozen', 'pandas.core.strings', 'pandas.core.arrays.numpy_', 'pandas.core.arrays.period', 'pandas.core.arrays.string_', 'pandas.core.arrays.timedeltas', 'pandas.core.groupby', 'pandas.core.groupby.generic', 'pandas.core.aggregation', 'pandas.core.indexes.api', 'pandas.core.indexes.category', 'pandas.core.indexes.extension', 'pandas.core.indexes.datetimes', 'pandas.core.indexes.datetimelike', 'pandas.core.indexes.numeric', 'pandas.core.tools.timedeltas', 'pandas.core.tools.times', 'pandas.core.indexes.interval', 'pandas.util._exceptions', 'pandas.core.indexes.multi', 'pandas.core.indexes.timedeltas', 'pandas.core.indexes.period', 'pandas.core.indexes.range', 'pandas.core.series', 'pandas._libs.reshape', 'pandas.core.generic', 'pandas.core.indexing', 'pandas._libs.indexing', 'pandas.core.internals', 'pandas.core.internals.blocks', 'pandas._libs.writers', 'pandas._libs.internals', 'pandas.core.internals.concat', 'pandas.core.internals.managers', 'pandas.core.internals.ops', 'pandas.core.shared_docs', 'pandas.io.formats.format', 'unicodedata', 'pandas.io.common', 'gzip', 'mmap', 'zipfile', 'pandas.core.indexes.accessors', 'pandas.core.tools.datetimes', 'pandas.arrays', 'pandas.plotting', 'pandas.plotting._core', 'pandas.plotting._misc', 'pandas.core.window', 'pandas.core.window.ewm', 'pandas._libs.window', 'pandas._libs.window.aggregations', 'pandas.core.window.common', 'pandas.core.groupby.base', 'pandas.core.window.rolling', 'pandas.core.util.numba_', 'pandas.core.window.indexers', 'pandas._libs.window.indexers', 'pandas.core.window.numba_', 'pandas.core.window.expanding', 'pandas.core.frame', 'pandas.core.internals.construction', 'pandas.core.reshape', 'pandas.core.reshape.melt', 'pandas.core.reshape.concat', 'pandas.core.reshape.util', 'pandas.io.formats.info', 'pandas.core.groupby.groupby', 'pandas._libs.groupby', 'pandas.core.groupby.ops', 'pandas._libs.reduction', 'pandas.core.groupby.grouper', 'pandas.core.groupby.categorical', 'pandas.tseries.api', 'pandas.core.computation', 'pandas.core.computation.api', 'pandas.core.computation.eval', 'pandas.core.computation.engines', 'pandas.core.computation.align', 'pandas.core.computation.common', 'pandas.core.computation.ops', 'pandas.core.computation.scope', 'pprint', 'pandas.compat.chainmap', 'pandas.core.computation.expr', 'pandas.core.computation.parsing', 'pandas.core.reshape.api', 'pandas.core.reshape.merge', 'pandas.core.reshape.pivot', 'pandas.core.reshape.reshape', 'pandas.core.reshape.tile', 'pandas.api', 'pandas.api.extensions', 'pandas.api.indexers', 'pandas.api.types', 'pandas.core.dtypes.api', 'pandas.util._print_versions', 'pandas.io.api', 'pandas.io.clipboards', 'pandas.io.excel', 'pandas.io.excel._base', 'pandas._libs.parsers', 'pandas.io.excel._util', 'pandas.io.parsers', 'pandas.io.date_converters', 'pandas.io.excel._odfreader', 'pandas.io.excel._openpyxl', 'pandas.io.excel._pyxlsb', 'pandas.io.excel._xlrd', 'pandas.io.excel._odswriter', 'pandas._libs.json', 'pandas.io.formats.excel', 'pandas.io.formats.css', 'pandas.io.excel._xlsxwriter', 'pandas.io.excel._xlwt', 'pandas.io.feather_format', 'pandas.io.gbq', 'pandas.io.html', 'pandas.io.json', 'pandas.io.json._json', 'pandas.io.json._normalize', 'pandas.io.json._table_schema', 'pandas.io.orc', 'pandas.io.parquet', 'pandas.io.pickle', 'pandas.compat.pickle_compat', 'pandas.io.pytables', 'pandas.core.computation.pytables', 'pandas.io.sas', 'pandas.io.sas.sasreader', 'pandas.io.spss', 'pandas.io.sql', 'pandas.io.stata', 'pandas.util._tester', 'pandas.testing', 'pandas._testing', 'tempfile', 'pandas._libs.testing', 'pandas._version', 'agent', 'learners', 'environment', 'visualizer', 'matplotlib', 'matplotlib.cbook', 'glob', 'shlex', 'matplotlib.cbook.deprecation', 'matplotlib.rcsetup', 'matplotlib.fontconfig_pattern', 'pyparsing', 'matplotlib.colors', 'matplotlib.docstring', 'matplotlib._color_data', 'cycler', 'matplotlib._version', 'matplotlib.ft2font', 'kiwisolver', 'socket', '_socket']
CACHEDIR=/root/.cache/matplotlib
Using fontManager instance from /root/.cache/matplotlib/fontlist-v310.json
Loaded backend module://ipykernel.pylab.backend_inline version unknown.
Loaded backend agg version unknown.
NumExpr defaulting to 2 threads.
From /usr/local/lib/python3.7/dist-packages/keras/backend/tensorflow_backend.py:68: The name tf.get_default_graph is deprecated. Please use tf.compat.v1.get_default_graph instead.

From /usr/local/lib/python3.7/dist-packages/keras/backend/tensorflow_backend.py:508: The name tf.placeholder is deprecated. Please use tf.compat.v1.placeholder instead.

From /usr/local/lib/python3.7/dist-packages/keras/backend/tensorflow_backend.py:3837: The name tf.random_uniform is deprecated. Please use tf.random.uniform instead.

From /usr/local/lib/python3.7/dist-packages/keras/optimizers.py:757: The name tf.train.Optimizer is deprecated. Please use tf.compat.v1.train.Optimizer instead.

From /usr/local/lib/python3.7/dist-packages/keras/backend/tensorflow_backend.py:3814: The name tf.random_normal is deprecated. Please use tf.random.normal instead.

From /usr/local/lib/python3.7/dist-packages/keras/backend/tensorflow_backend.py:127: The name tf.placeholder_with_default is deprecated. Please use tf.compat.v1.placeholder_with_default instead.

From /usr/local/lib/python3.7/dist-packages/keras/backend/tensorflow_backend.py:3144: calling dropout (from tensorflow.python.ops.nn_ops) with keep_prob is deprecated and will be removed in a future version.
Instructions for updating:
Please use `rate` instead of `keep_prob`. Rate should be set to `rate = 1 - keep_prob`.
From /content/drive/My Drive/StockTrader_TD3/actor.py:112: The name tf.train.AdamOptimizer is deprecated. Please use tf.compat.v1.train.AdamOptimizer instead.

[005380] RL:td3 Net:actorcritic LR:0.01 DF:0.9 TU:[1,6] DRT:0.05
From /usr/local/lib/python3.7/dist-packages/keras/backend/tensorflow_backend.py:2503: The name tf.Session is deprecated. Please use tf.compat.v1.Session instead.

From /usr/local/lib/python3.7/dist-packages/keras/backend/tensorflow_backend.py:168: The name tf.get_default_session is deprecated. Please use tf.compat.v1.get_default_session instead.

From /usr/local/lib/python3.7/dist-packages/keras/backend/tensorflow_backend.py:175: The name tf.ConfigProto is deprecated. Please use tf.compat.v1.ConfigProto instead.

From /usr/local/lib/python3.7/dist-packages/keras/backend/tensorflow_backend.py:184: The name tf.global_variables is deprecated. Please use tf.compat.v1.global_variables instead.

From /usr/local/lib/python3.7/dist-packages/keras/backend/tensorflow_backend.py:193: The name tf.is_variable_initialized is deprecated. Please use tf.compat.v1.is_variable_initialized instead.

From /usr/local/lib/python3.7/dist-packages/keras/backend/tensorflow_backend.py:200: The name tf.variables_initializer is deprecated. Please use tf.compat.v1.variables_initializer instead.

From /usr/local/lib/python3.7/dist-packages/keras/backend/tensorflow_backend.py:977: The name tf.assign_add is deprecated. Please use tf.compat.v1.assign_add instead.

From /usr/local/lib/python3.7/dist-packages/keras/backend/tensorflow_backend.py:964: The name tf.assign is deprecated. Please use tf.compat.v1.assign instead.

[005380][Epoch 001/200] Epsilon:1.0000 #Expl.:185/185 #Buy:60 #Sell:31 #Hold:94 #Stocks:75 PV:12,153,185 LC:135 Loss:0.792393 ET:5.8624
[005380][Epoch 002/200] Epsilon:0.9950 #Expl.:183/185 #Buy:38 #Sell:12 #Hold:135 #Stocks:75 PV:12,186,463 LC:185 Loss:1.430899 ET:3.4564
[005380][Epoch 003/200] Epsilon:0.9899 #Expl.:182/185 #Buy:65 #Sell:42 #Hold:78 #Stocks:67 PV:11,968,295 LC:185 Loss:1.383313 ET:3.4570
[005380][Epoch 004/200] Epsilon:0.9849 #Expl.:182/185 #Buy:65 #Sell:40 #Hold:80 #Stocks:74 PV:12,047,522 LC:185 Loss:1.388259 ET:3.4295
[005380][Epoch 005/200] Epsilon:0.9799 #Expl.:183/185 #Buy:79 #Sell:56 #Hold:50 #Stocks:67 PV:11,820,883 LC:185 Loss:1.229446 ET:3.4277
[005380][Epoch 006/200] Epsilon:0.9749 #Expl.:179/185 #Buy:94 #Sell:69 #Hold:22 #Stocks:71 PV:12,026,359 LC:185 Loss:1.276313 ET:3.4412
[005380][Epoch 007/200] Epsilon:0.9698 #Expl.:179/185 #Buy:35 #Sell:10 #Hold:140 #Stocks:74 PV:12,032,833 LC:185 Loss:1.307988 ET:3.4673
[005380][Epoch 008/200] Epsilon:0.9648 #Expl.:181/185 #Buy:68 #Sell:43 #Hold:74 #Stocks:74 PV:12,012,448 LC:185 Loss:1.427915 ET:3.4678
[005380][Epoch 009/200] Epsilon:0.9598 #Expl.:174/185 #Buy:45 #Sell:21 #Hold:119 #Stocks:71 PV:12,017,293 LC:185 Loss:1.426321 ET:3.4550
[005380][Epoch 010/200] Epsilon:0.9548 #Expl.:175/185 #Buy:94 #Sell:87 #Hold:4 #Stocks:21 PV:10,378,653 LC:185 Loss:1.007987 ET:3.4194
[005380][Epoch 011/200] Epsilon:0.9497 #Expl.:173/185 #Buy:63 #Sell:39 #Hold:83 #Stocks:71 PV:12,094,770 LC:185 Loss:0.995438 ET:3.4338
[005380][Epoch 012/200] Epsilon:0.9447 #Expl.:176/185 #Buy:90 #Sell:66 #Hold:29 #Stocks:70 PV:11,455,249 LC:185 Loss:1.156420 ET:3.4414
[005380][Epoch 013/200] Epsilon:0.9397 #Expl.:178/185 #Buy:71 #Sell:48 #Hold:66 #Stocks:68 PV:12,021,838 LC:185 Loss:1.331147 ET:3.4837
[005380][Epoch 014/200] Epsilon:0.9347 #Expl.:174/185 #Buy:93 #Sell:71 #Hold:21 #Stocks:65 PV:11,633,351 LC:185 Loss:1.527466 ET:3.5240
[005380][Epoch 015/200] Epsilon:0.9296 #Expl.:166/185 #Buy:88 #Sell:86 #Hold:11 #Stocks:6 PV:10,280,679 LC:185 Loss:1.206858 ET:3.6191
[005380][Epoch 016/200] Epsilon:0.9246 #Expl.:171/185 #Buy:85 #Sell:83 #Hold:17 #Stocks:6 PV:9,931,389 LC:185 Loss:0.538508 ET:3.4339
[005380][Epoch 017/200] Epsilon:0.9196 #Expl.:164/185 #Buy:75 #Sell:51 #Hold:59 #Stocks:68 PV:12,097,860 LC:185 Loss:0.865037 ET:3.4636
[005380][Epoch 018/200] Epsilon:0.9146 #Expl.:172/185 #Buy:77 #Sell:51 #Hold:57 #Stocks:74 PV:11,994,963 LC:185 Loss:1.393048 ET:3.4666
[005380][Epoch 019/200] Epsilon:0.9095 #Expl.:168/185 #Buy:92 #Sell:67 #Hold:26 #Stocks:70 PV:11,853,646 LC:185 Loss:1.407555 ET:3.5356
[005380][Epoch 020/200] Epsilon:0.9045 #Expl.:169/185 #Buy:63 #Sell:38 #Hold:84 #Stocks:74 PV:12,019,122 LC:185 Loss:1.598559 ET:3.4381
[005380][Epoch 021/200] Epsilon:0.8995 #Expl.:168/185 #Buy:98 #Sell:73 #Hold:14 #Stocks:71 PV:11,570,217 LC:185 Loss:1.369574 ET:3.4666
[005380][Epoch 022/200] Epsilon:0.8945 #Expl.:164/185 #Buy:83 #Sell:77 #Hold:25 #Stocks:18 PV:9,978,378 LC:185 Loss:0.904626 ET:3.4416
[005380][Epoch 023/200] Epsilon:0.8894 #Expl.:162/185 #Buy:98 #Sell:77 #Hold:10 #Stocks:59 PV:11,437,160 LC:185 Loss:0.794003 ET:3.4945
[005380][Epoch 024/200] Epsilon:0.8844 #Expl.:165/185 #Buy:78 #Sell:54 #Hold:53 #Stocks:70 PV:11,835,071 LC:185 Loss:1.171032 ET:3.4439
[005380][Epoch 025/200] Epsilon:0.8794 #Expl.:166/185 #Buy:84 #Sell:81 #Hold:20 #Stocks:9 PV:9,889,993 LC:185 Loss:0.923616 ET:3.4558
[005380][Epoch 026/200] Epsilon:0.8744 #Expl.:164/185 #Buy:77 #Sell:52 #Hold:56 #Stocks:73 PV:11,903,142 LC:185 Loss:0.937022 ET:3.4640
[005380][Epoch 027/200] Epsilon:0.8693 #Expl.:160/185 #Buy:63 #Sell:36 #Hold:86 #Stocks:75 PV:12,178,368 LC:185 Loss:1.509650 ET:3.4604
[005380][Epoch 028/200] Epsilon:0.8643 #Expl.:160/185 #Buy:93 #Sell:71 #Hold:21 #Stocks:62 PV:11,367,140 LC:185 Loss:1.721387 ET:3.4248
[005380][Epoch 029/200] Epsilon:0.8593 #Expl.:149/185 #Buy:65 #Sell:41 #Hold:79 #Stocks:70 PV:11,990,952 LC:185 Loss:1.773314 ET:3.4408
[005380][Epoch 030/200] Epsilon:0.8543 #Expl.:164/185 #Buy:71 #Sell:47 #Hold:67 #Stocks:71 PV:12,005,884 LC:185 Loss:1.940964 ET:3.4271
[005380][Epoch 031/200] Epsilon:0.8492 #Expl.:166/185 #Buy:94 #Sell:91 #Hold:0 #Stocks:9 PV:10,036,879 LC:185 Loss:1.537128 ET:3.4625
[005380][Epoch 032/200] Epsilon:0.8442 #Expl.:159/185 #Buy:94 #Sell:79 #Hold:12 #Stocks:45 PV:11,130,972 LC:185 Loss:0.865739 ET:3.4856
[005380][Epoch 033/200] Epsilon:0.8392 #Expl.:150/185 #Buy:67 #Sell:43 #Hold:75 #Stocks:70 PV:11,962,970 LC:185 Loss:1.470193 ET:3.4519
[005380][Epoch 034/200] Epsilon:0.8342 #Expl.:159/185 #Buy:101 #Sell:83 #Hold:1 #Stocks:54 PV:11,433,839 LC:185 Loss:1.703162 ET:3.4079
[005380][Epoch 035/200] Epsilon:0.8291 #Expl.:153/185 #Buy:81 #Sell:80 #Hold:24 #Stocks:3 PV:9,880,343 LC:185 Loss:1.044965 ET:3.5242
[005380][Epoch 036/200] Epsilon:0.8241 #Expl.:154/185 #Buy:81 #Sell:60 #Hold:44 #Stocks:61 PV:11,911,865 LC:185 Loss:1.052153 ET:3.4590
[005380][Epoch 037/200] Epsilon:0.8191 #Expl.:156/185 #Buy:89 #Sell:84 #Hold:12 #Stocks:15 PV:10,127,226 LC:185 Loss:1.136923 ET:3.4933
[005380][Epoch 038/200] Epsilon:0.8141 #Expl.:147/185 #Buy:93 #Sell:73 #Hold:19 #Stocks:54 PV:11,259,067 LC:185 Loss:0.812016 ET:3.4647
[005380][Epoch 039/200] Epsilon:0.8090 #Expl.:137/185 #Buy:90 #Sell:83 #Hold:12 #Stocks:21 PV:10,540,495 LC:185 Loss:0.841782 ET:3.4105
[005380][Epoch 040/200] Epsilon:0.8040 #Expl.:151/185 #Buy:78 #Sell:53 #Hold:54 #Stocks:63 PV:11,860,127 LC:185 Loss:0.965787 ET:3.4575
[005380][Epoch 041/200] Epsilon:0.7990 #Expl.:147/185 #Buy:89 #Sell:82 #Hold:14 #Stocks:21 PV:10,646,392 LC:185 Loss:1.194376 ET:3.4512
[005380][Epoch 042/200] Epsilon:0.7940 #Expl.:145/185 #Buy:89 #Sell:72 #Hold:24 #Stocks:48 PV:11,492,100 LC:185 Loss:1.135056 ET:3.4470
[005380][Epoch 043/200] Epsilon:0.7889 #Expl.:146/185 #Buy:82 #Sell:81 #Hold:22 #Stocks:3 PV:10,079,740 LC:185 Loss:1.175018 ET:3.4649
[005380][Epoch 044/200] Epsilon:0.7839 #Expl.:147/185 #Buy:98 #Sell:79 #Hold:8 #Stocks:55 PV:11,361,264 LC:185 Loss:0.672683 ET:3.4639
[005380][Epoch 045/200] Epsilon:0.7789 #Expl.:144/185 #Buy:85 #Sell:61 #Hold:39 #Stocks:70 PV:11,564,430 LC:185 Loss:1.143005 ET:3.5797
[005380][Epoch 046/200] Epsilon:0.7739 #Expl.:144/185 #Buy:96 #Sell:87 #Hold:2 #Stocks:27 PV:11,300,092 LC:185 Loss:1.353837 ET:3.4118
[005380][Epoch 047/200] Epsilon:0.7688 #Expl.:139/185 #Buy:97 #Sell:76 #Hold:12 #Stocks:60 PV:11,159,433 LC:185 Loss:1.051828 ET:3.5218
[005380][Epoch 048/200] Epsilon:0.7638 #Expl.:138/185 #Buy:79 #Sell:53 #Hold:53 #Stocks:73 PV:11,830,022 LC:185 Loss:1.389554 ET:3.4570
[005380][Epoch 049/200] Epsilon:0.7588 #Expl.:147/185 #Buy:101 #Sell:79 #Hold:5 #Stocks:64 PV:11,371,235 LC:185 Loss:1.524569 ET:3.5933
[005380][Epoch 050/200] Epsilon:0.7538 #Expl.:138/185 #Buy:79 #Sell:79 #Hold:27 #Stocks:0 PV:10,284,628 LC:185 Loss:0.697977 ET:3.6424
[005380][Epoch 051/200] Epsilon:0.7487 #Expl.:129/185 #Buy:93 #Sell:71 #Hold:21 #Stocks:66 PV:11,698,697 LC:185 Loss:0.745806 ET:3.6329
[005380][Epoch 052/200] Epsilon:0.7437 #Expl.:134/185 #Buy:68 #Sell:68 #Hold:49 #Stocks:0 PV:9,944,233 LC:185 Loss:0.858855 ET:3.6056
[005380][Epoch 053/200] Epsilon:0.7387 #Expl.:140/185 #Buy:79 #Sell:72 #Hold:34 #Stocks:21 PV:10,123,668 LC:185 Loss:0.359027 ET:3.6763
[005380][Epoch 054/200] Epsilon:0.7337 #Expl.:140/185 #Buy:97 #Sell:74 #Hold:14 #Stocks:67 PV:11,859,245 LC:185 Loss:0.627753 ET:3.6135
[005380][Epoch 055/200] Epsilon:0.7286 #Expl.:149/185 #Buy:77 #Sell:52 #Hold:56 #Stocks:74 PV:12,021,795 LC:185 Loss:1.768061 ET:3.6567
[005380][Epoch 056/200] Epsilon:0.7236 #Expl.:139/185 #Buy:90 #Sell:66 #Hold:29 #Stocks:66 PV:11,633,701 LC:185 Loss:1.734776 ET:3.6152
[005380][Epoch 057/200] Epsilon:0.7186 #Expl.:132/185 #Buy:93 #Sell:66 #Hold:26 #Stocks:72 PV:11,680,764 LC:185 Loss:1.476043 ET:3.5637
[005380][Epoch 058/200] Epsilon:0.7136 #Expl.:140/185 #Buy:81 #Sell:78 #Hold:26 #Stocks:9 PV:10,770,805 LC:185 Loss:1.060047 ET:3.5669
[005380][Epoch 059/200] Epsilon:0.7085 #Expl.:126/185 #Buy:99 #Sell:81 #Hold:5 #Stocks:54 PV:10,675,051 LC:185 Loss:0.400153 ET:3.5118
[005380][Epoch 060/200] Epsilon:0.7035 #Expl.:121/185 #Buy:91 #Sell:70 #Hold:24 #Stocks:61 PV:11,864,688 LC:185 Loss:0.824796 ET:3.5446
[005380][Epoch 061/200] Epsilon:0.6985 #Expl.:140/185 #Buy:89 #Sell:64 #Hold:32 #Stocks:74 PV:12,060,578 LC:185 Loss:1.501273 ET:3.5782
[005380][Epoch 062/200] Epsilon:0.6935 #Expl.:132/185 #Buy:85 #Sell:62 #Hold:38 #Stocks:66 PV:11,689,110 LC:185 Loss:1.538234 ET:3.5027
[005380][Epoch 063/200] Epsilon:0.6884 #Expl.:130/185 #Buy:89 #Sell:61 #Hold:35 #Stocks:73 PV:11,908,724 LC:185 Loss:1.499542 ET:3.5675
[005380][Epoch 064/200] Epsilon:0.6834 #Expl.:136/185 #Buy:73 #Sell:71 #Hold:41 #Stocks:6 PV:9,940,622 LC:185 Loss:1.328417 ET:3.6620
[005380][Epoch 065/200] Epsilon:0.6784 #Expl.:127/185 #Buy:79 #Sell:79 #Hold:27 #Stocks:0 PV:10,351,613 LC:185 Loss:0.388691 ET:3.6056
[005380][Epoch 066/200] Epsilon:0.6734 #Expl.:120/185 #Buy:93 #Sell:72 #Hold:20 #Stocks:57 PV:11,387,315 LC:185 Loss:0.710692 ET:3.6686
[005380][Epoch 067/200] Epsilon:0.6683 #Expl.:117/185 #Buy:93 #Sell:70 #Hold:22 #Stocks:64 PV:11,636,526 LC:185 Loss:1.244472 ET:3.6126
[005380][Epoch 068/200] Epsilon:0.6633 #Expl.:118/185 #Buy:95 #Sell:70 #Hold:20 #Stocks:72 PV:11,748,684 LC:185 Loss:1.468490 ET:3.7290
[005380][Epoch 069/200] Epsilon:0.6583 #Expl.:125/185 #Buy:89 #Sell:84 #Hold:12 #Stocks:15 PV:10,212,898 LC:185 Loss:0.926367 ET:3.6069
[005380][Epoch 070/200] Epsilon:0.6533 #Expl.:119/185 #Buy:96 #Sell:83 #Hold:6 #Stocks:39 PV:10,540,721 LC:185 Loss:0.466991 ET:3.5906
