CONFIGDIR=/root/.config/matplotlib
(private) matplotlib data path: /usr/local/lib/python3.7/dist-packages/matplotlib/mpl-data
matplotlib data path: /usr/local/lib/python3.7/dist-packages/matplotlib/mpl-data
loaded rc file /usr/local/lib/python3.7/dist-packages/matplotlib/mpl-data/matplotlibrc
matplotlib version 3.2.2
interactive is False
platform is linux
loaded modules: ['sys', 'builtins', '_frozen_importlib', '_imp', '_thread', '_warnings', '_weakref', 'zipimport', '_frozen_importlib_external', '_io', 'marshal', 'posix', 'encodings', 'codecs', '_codecs', 'encodings.aliases', 'encodings.utf_8', '_signal', '__main__', 'encodings.latin_1', 'io', 'abc', '_abc', 'warnings', 're', 'enum', 'types', '_collections', 'sre_compile', '_sre', 'sre_parse', 'sre_constants', 'functools', '_functools', 'collections', '_collections_abc', 'operator', '_operator', 'keyword', 'heapq', '_heapq', 'itertools', 'reprlib', '_locale', 'copyreg', 'site', 'os', 'stat', '_stat', 'posixpath', 'genericpath', 'os.path', '_sitebuiltins', '_bootlocale', 'importlib', 'importlib._bootstrap', 'importlib._bootstrap_external', 'importlib.util', 'importlib.abc', 'importlib.machinery', 'contextlib', 'google', 'google.cloud', 'google.logging', 'mpl_toolkits', 'sphinxcontrib', 'sitecustomize', 'logging', 'time', 'traceback', 'linecache', 'tokenize', 'token', 'weakref', '_weakrefset', 'collections.abc', 'string', '_string', 'threading', 'atexit', 'argparse', 'gettext', 'locale', 'json', 'json.decoder', 'json.scanner', '_json', 'json.encoder', 'settings', 'platform', 'subprocess', 'signal', 'errno', '_posixsubprocess', 'select', 'selectors', 'math', 'utils', 'datetime', '_datetime', 'numpy', 'numpy._globals', 'numpy.__config__', 'numpy.version', 'numpy._distributor_init', 'numpy.core', 'numpy.core.multiarray', 'numpy.core.overrides', 'textwrap', 'numpy.core._multiarray_umath', 'numpy.compat', 'numpy.compat._inspect', 'numpy.compat.py3k', 'pathlib', 'fnmatch', 'ntpath', 'urllib', 'urllib.parse', 'pickle', 'struct', '_struct', '_compat_pickle', '_pickle', 'numpy.core.umath', 'numpy.core.numerictypes', 'numbers', 'numpy.core._string_helpers', 'numpy.core._type_aliases', 'numpy.core._dtype', 'numpy.core.numeric', 'numpy.core.shape_base', 'numpy.core._asarray', 'numpy.core.fromnumeric', 'numpy.core._methods', 'numpy.core._exceptions', 'numpy.core._ufunc_config', 'numpy.core.arrayprint', 'numpy.core.defchararray', 'numpy.core.records', 'numpy.core.memmap', 'numpy.core.function_base', 'numpy.core.machar', 'numpy.core.getlimits', 'numpy.core.einsumfunc', 'numpy.core._add_newdocs', 'numpy.core._multiarray_tests', 'numpy.core._dtype_ctypes', 'numpy.core._internal', 'ast', '_ast', 'ctypes', '_ctypes', 'ctypes._endian', 'numpy._pytesttester', 'numpy.lib', 'numpy.lib.mixins', 'numpy.lib.scimath', 'numpy.lib.type_check', 'numpy.lib.ufunclike', 'numpy.lib.index_tricks', 'numpy.matrixlib', 'numpy.matrixlib.defmatrix', 'numpy.linalg', 'numpy.linalg.linalg', 'numpy.lib.twodim_base', 'numpy.linalg.lapack_lite', 'numpy.linalg._umath_linalg', 'numpy.lib.function_base', 'numpy.lib.histograms', 'numpy.lib.stride_tricks', 'numpy.lib.nanfunctions', 'numpy.lib.shape_base', 'numpy.lib.polynomial', 'numpy.lib.utils', 'numpy.lib.arraysetops', 'numpy.lib.npyio', 'numpy.lib.format', 'numpy.lib._datasource', 'shutil', 'zlib', 'bz2', '_compression', '_bz2', 'lzma', '_lzma', 'pwd', 'grp', 'numpy.lib._iotools', 'numpy.lib.financial', 'decimal', '_decimal', 'numpy.lib.arrayterator', 'numpy.lib.arraypad', 'numpy.lib._version', 'numpy.fft', 'numpy.fft._pocketfft', 'numpy.fft._pocketfft_internal', 'numpy.fft.helper', 'numpy.polynomial', 'numpy.polynomial.polynomial', 'numpy.polynomial.polyutils', 'numpy.polynomial._polybase', 'numpy.polynomial.chebyshev', 'numpy.polynomial.legendre', 'numpy.polynomial.hermite', 'numpy.polynomial.hermite_e', 'numpy.polynomial.laguerre', 'numpy.random', 'numpy.random._pickle', 'numpy.random.mtrand', 'cython_runtime', 'numpy.random.bit_generator', '_cython_0_29_21', 'numpy.random._common', 'secrets', 'base64', 'binascii', 'hmac', '_hashlib', 'hashlib', '_blake2', '_sha3', 'random', 'bisect', '_bisect', '_random', 'numpy.random._bounded_integers', 'numpy.random._mt19937', 'numpy.random._philox', 'numpy.random._pcg64', 'numpy.random._sfc64', 'numpy.random._generator', 'numpy.ctypeslib', 'numpy.ma', 'numpy.ma.core', 'numpy.ma.extras', 'data_manager', 'pandas', 'pytz', 'pytz.exceptions', 'pytz.lazy', 'pytz.tzinfo', 'pytz.tzfile', 'dateutil', 'dateutil._version', 'pandas.compat', 'pandas._typing', 'typing', 'typing.io', 'typing.re', 'pandas.compat.numpy', 'distutils', 'distutils.version', 'pandas._libs', 'pandas._libs.interval', 'pandas._libs.hashtable', 'pandas._libs.missing', 'pandas._libs.tslibs', 'pandas._libs.tslibs.dtypes', 'pandas._libs.tslibs.conversion', 'pandas._libs.tslibs.base', 'pandas._libs.tslibs.nattype', 'pandas._libs.tslibs.np_datetime', 'pandas._libs.tslibs.timezones', 'dateutil.tz', 'dateutil.tz.tz', 'six', '__future__', 'six.moves', 'dateutil.tz._common', 'dateutil.tz._factories', 'pandas._libs.tslibs.tzconversion', 'pandas._libs.tslibs.ccalendar', 'pandas._libs.tslibs.parsing', 'pandas._libs.tslibs.offsets', 'pandas._libs.tslibs.timedeltas', 'pandas._libs.tslibs.timestamps', 'pandas._libs.tslibs.fields', 'pandas._config', 'pandas._config.config', 'pandas._config.dates', 'pandas._config.display', 'pandas._config.localization', 'pandas._libs.tslibs.strptime', 'calendar', 'dateutil.easter', 'dateutil.relativedelta', 'dateutil._common', 'pandas._libs.properties', 'dateutil.parser', 'dateutil.parser._parser', 'dateutil.parser.isoparser', 'pandas._libs.tslibs.period', 'pandas._libs.tslibs.vectorized', 'pandas._libs.ops_dispatch', 'pandas._libs.algos', 'pandas._libs.lib', 'pandas._libs.tslib', 'pandas.core', 'pandas.core.config_init', 'pandas.core.api', 'pandas.core.dtypes', 'pandas.core.dtypes.dtypes', 'pandas.core.dtypes.base', 'pandas.errors', 'pandas.core.dtypes.generic', 'pandas.core.dtypes.inference', 'pandas.core.dtypes.missing', 'pandas.core.dtypes.common', 'pandas.core.algorithms', 'pandas.util', 'pandas.util._decorators', 'inspect', 'dis', 'opcode', '_opcode', 'pandas.core.util', 'pandas.core.util.hashing', 'pandas._libs.hashing', 'pandas.core.dtypes.cast', 'pandas.util._validators', 'pandas.core.construction', 'pandas.core.common', 'pandas.core.indexers', 'pandas.core.arrays', 'pandas.core.arrays.base', 'pandas.compat.numpy.function', 'pandas.core.ops', 'pandas.core.ops.array_ops', 'pandas._libs.ops', 'pandas.core.ops.missing', 'pandas.core.ops.roperator', 'pandas.core.ops.dispatch', 'pandas.core.ops.invalid', 'pandas.core.ops.common', 'pandas.core.ops.docstrings', 'pandas.core.ops.mask_ops', 'pandas.core.ops.methods', 'pandas.core.missing', 'pandas.compat._optional', 'pandas.core.sorting', 'pandas.core.arrays.boolean', 'pandas.core.arrays.masked', 'pandas.core.nanops', 'bottleneck', 'bottleneck.reduce', 'bottleneck.nonreduce', 'bottleneck.nonreduce_axis', 'bottleneck.move', 'bottleneck.slow', 'bottleneck.slow.reduce', 'bottleneck.slow.nonreduce', 'bottleneck.slow.nonreduce_axis', 'bottleneck.slow.move', 'bottleneck.benchmark', 'bottleneck.benchmark.bench', 'bottleneck.benchmark.autotimeit', 'timeit', 'gc', 'bottleneck.benchmark.bench_detailed', 'bottleneck.tests', 'bottleneck.tests.util', 'bottleneck._pytesttester', 'bottleneck._version', 'pandas.core.array_algos', 'pandas.core.array_algos.masked_reductions', 'pandas.core.arrays.categorical', 'csv', '_csv', 'pandas.core.accessor', 'pandas.core.array_algos.transforms', 'pandas.core.arrays._mixins', 'pandas.core.base', 'pandas.io', 'pandas.io.formats', 'pandas.io.formats.console', 'pandas.core.arrays.datetimes', 'pandas.core.arrays.datetimelike', 'pandas.tseries', 'pandas.tseries.frequencies', 'pandas.core.arrays._ranges', 'pandas.tseries.offsets', 'pandas.core.arrays.integer', 'pandas.core.tools', 'pandas.core.tools.numeric', 'pandas.core.arrays.interval', 'pandas.core.indexes', 'pandas.core.indexes.base', 'copy', 'pandas._libs.index', 'pandas._libs.join', 'pandas.core.dtypes.concat', 'pandas.core.arrays.sparse', 'pandas.core.arrays.sparse.accessor', 'pandas.core.arrays.sparse.array', 'pandas._libs.sparse', 'pandas.core.arrays.sparse.dtype', 'pandas.io.formats.printing', 'pandas.core.indexes.frozen', 'pandas.core.strings', 'pandas.core.arrays.numpy_', 'pandas.core.arrays.period', 'pandas.core.arrays.string_', 'pandas.core.arrays.timedeltas', 'pandas.core.groupby', 'pandas.core.groupby.generic', 'pandas.core.aggregation', 'pandas.core.indexes.api', 'pandas.core.indexes.category', 'pandas.core.indexes.extension', 'pandas.core.indexes.datetimes', 'pandas.core.indexes.datetimelike', 'pandas.core.indexes.numeric', 'pandas.core.tools.timedeltas', 'pandas.core.tools.times', 'pandas.core.indexes.interval', 'pandas.util._exceptions', 'pandas.core.indexes.multi', 'pandas.core.indexes.timedeltas', 'pandas.core.indexes.period', 'pandas.core.indexes.range', 'pandas.core.series', 'pandas._libs.reshape', 'pandas.core.generic', 'pandas.core.indexing', 'pandas._libs.indexing', 'pandas.core.internals', 'pandas.core.internals.blocks', 'pandas._libs.writers', 'pandas._libs.internals', 'pandas.core.internals.concat', 'pandas.core.internals.managers', 'pandas.core.internals.ops', 'pandas.core.shared_docs', 'pandas.io.formats.format', 'unicodedata', 'pandas.io.common', 'gzip', 'mmap', 'zipfile', 'pandas.core.indexes.accessors', 'pandas.core.tools.datetimes', 'pandas.arrays', 'pandas.plotting', 'pandas.plotting._core', 'pandas.plotting._misc', 'pandas.core.window', 'pandas.core.window.ewm', 'pandas._libs.window', 'pandas._libs.window.aggregations', 'pandas.core.window.common', 'pandas.core.groupby.base', 'pandas.core.window.rolling', 'pandas.core.util.numba_', 'pandas.core.window.indexers', 'pandas._libs.window.indexers', 'pandas.core.window.numba_', 'pandas.core.window.expanding', 'pandas.core.frame', 'pandas.core.internals.construction', 'pandas.core.reshape', 'pandas.core.reshape.melt', 'pandas.core.reshape.concat', 'pandas.core.reshape.util', 'pandas.io.formats.info', 'pandas.core.groupby.groupby', 'pandas._libs.groupby', 'pandas.core.groupby.ops', 'pandas._libs.reduction', 'pandas.core.groupby.grouper', 'pandas.core.groupby.categorical', 'pandas.tseries.api', 'pandas.core.computation', 'pandas.core.computation.api', 'pandas.core.computation.eval', 'pandas.core.computation.engines', 'pandas.core.computation.align', 'pandas.core.computation.common', 'pandas.core.computation.ops', 'pandas.core.computation.scope', 'pprint', 'pandas.compat.chainmap', 'pandas.core.computation.expr', 'pandas.core.computation.parsing', 'pandas.core.reshape.api', 'pandas.core.reshape.merge', 'pandas.core.reshape.pivot', 'pandas.core.reshape.reshape', 'pandas.core.reshape.tile', 'pandas.api', 'pandas.api.extensions', 'pandas.api.indexers', 'pandas.api.types', 'pandas.core.dtypes.api', 'pandas.util._print_versions', 'pandas.io.api', 'pandas.io.clipboards', 'pandas.io.excel', 'pandas.io.excel._base', 'pandas._libs.parsers', 'pandas.io.excel._util', 'pandas.io.parsers', 'pandas.io.date_converters', 'pandas.io.excel._odfreader', 'pandas.io.excel._openpyxl', 'pandas.io.excel._pyxlsb', 'pandas.io.excel._xlrd', 'pandas.io.excel._odswriter', 'pandas._libs.json', 'pandas.io.formats.excel', 'pandas.io.formats.css', 'pandas.io.excel._xlsxwriter', 'pandas.io.excel._xlwt', 'pandas.io.feather_format', 'pandas.io.gbq', 'pandas.io.html', 'pandas.io.json', 'pandas.io.json._json', 'pandas.io.json._normalize', 'pandas.io.json._table_schema', 'pandas.io.orc', 'pandas.io.parquet', 'pandas.io.pickle', 'pandas.compat.pickle_compat', 'pandas.io.pytables', 'pandas.core.computation.pytables', 'pandas.io.sas', 'pandas.io.sas.sasreader', 'pandas.io.spss', 'pandas.io.sql', 'pandas.io.stata', 'pandas.util._tester', 'pandas.testing', 'pandas._testing', 'tempfile', 'pandas._libs.testing', 'pandas._version', 'agent', 'learners', 'environment', 'visualizer', 'matplotlib', 'matplotlib.cbook', 'glob', 'shlex', 'matplotlib.cbook.deprecation', 'matplotlib.rcsetup', 'matplotlib.fontconfig_pattern', 'pyparsing', 'matplotlib.colors', 'matplotlib.docstring', 'matplotlib._color_data', 'cycler', 'matplotlib._version', 'matplotlib.ft2font', 'kiwisolver', 'socket', '_socket']
CACHEDIR=/root/.cache/matplotlib
Using fontManager instance from /root/.cache/matplotlib/fontlist-v310.json
Loaded backend module://ipykernel.pylab.backend_inline version unknown.
Loaded backend agg version unknown.
NumExpr defaulting to 2 threads.
From /usr/local/lib/python3.7/dist-packages/keras/backend/tensorflow_backend.py:68: The name tf.get_default_graph is deprecated. Please use tf.compat.v1.get_default_graph instead.

From /usr/local/lib/python3.7/dist-packages/keras/backend/tensorflow_backend.py:508: The name tf.placeholder is deprecated. Please use tf.compat.v1.placeholder instead.

From /usr/local/lib/python3.7/dist-packages/keras/backend/tensorflow_backend.py:3837: The name tf.random_uniform is deprecated. Please use tf.random.uniform instead.

From /usr/local/lib/python3.7/dist-packages/keras/optimizers.py:757: The name tf.train.Optimizer is deprecated. Please use tf.compat.v1.train.Optimizer instead.

From /usr/local/lib/python3.7/dist-packages/keras/backend/tensorflow_backend.py:3814: The name tf.random_normal is deprecated. Please use tf.random.normal instead.

From /usr/local/lib/python3.7/dist-packages/keras/backend/tensorflow_backend.py:127: The name tf.placeholder_with_default is deprecated. Please use tf.compat.v1.placeholder_with_default instead.

From /usr/local/lib/python3.7/dist-packages/keras/backend/tensorflow_backend.py:3144: calling dropout (from tensorflow.python.ops.nn_ops) with keep_prob is deprecated and will be removed in a future version.
Instructions for updating:
Please use `rate` instead of `keep_prob`. Rate should be set to `rate = 1 - keep_prob`.
From /content/drive/MyDrive/StockTrader_TD3/actor.py:112: The name tf.train.AdamOptimizer is deprecated. Please use tf.compat.v1.train.AdamOptimizer instead.

[005380] RL:td3 Net:actorcritic LR:0.001 DF:0.9 TU:[1,6] DRT:0.05
From /usr/local/lib/python3.7/dist-packages/keras/backend/tensorflow_backend.py:2503: The name tf.Session is deprecated. Please use tf.compat.v1.Session instead.

From /usr/local/lib/python3.7/dist-packages/keras/backend/tensorflow_backend.py:168: The name tf.get_default_session is deprecated. Please use tf.compat.v1.get_default_session instead.

From /usr/local/lib/python3.7/dist-packages/keras/backend/tensorflow_backend.py:175: The name tf.ConfigProto is deprecated. Please use tf.compat.v1.ConfigProto instead.

From /usr/local/lib/python3.7/dist-packages/keras/backend/tensorflow_backend.py:184: The name tf.global_variables is deprecated. Please use tf.compat.v1.global_variables instead.

From /usr/local/lib/python3.7/dist-packages/keras/backend/tensorflow_backend.py:193: The name tf.is_variable_initialized is deprecated. Please use tf.compat.v1.is_variable_initialized instead.

From /usr/local/lib/python3.7/dist-packages/keras/backend/tensorflow_backend.py:200: The name tf.variables_initializer is deprecated. Please use tf.compat.v1.variables_initializer instead.

From /usr/local/lib/python3.7/dist-packages/keras/backend/tensorflow_backend.py:977: The name tf.assign_add is deprecated. Please use tf.compat.v1.assign_add instead.

From /usr/local/lib/python3.7/dist-packages/keras/backend/tensorflow_backend.py:964: The name tf.assign is deprecated. Please use tf.compat.v1.assign instead.

[005380][Epoch 001/100] Epsilon:1.0000 #Expl.:121/121 #Buy:24 #Sell:1 #Hold:96 #Stocks:67 PV:10,851,687 LC:111 Loss:0.587032 ET:4.5649
[005380][Epoch 002/100] Epsilon:0.9899 #Expl.:120/121 #Buy:49 #Sell:26 #Hold:46 #Stocks:67 PV:10,833,072 LC:121 Loss:0.852670 ET:1.7029
[005380][Epoch 003/100] Epsilon:0.9798 #Expl.:118/121 #Buy:66 #Sell:45 #Hold:10 #Stocks:62 PV:10,612,475 LC:121 Loss:0.584638 ET:1.7370
[005380][Epoch 004/100] Epsilon:0.9697 #Expl.:119/121 #Buy:39 #Sell:16 #Hold:66 #Stocks:69 PV:11,127,922 LC:121 Loss:0.605636 ET:1.7519
[005380][Epoch 005/100] Epsilon:0.9596 #Expl.:117/121 #Buy:33 #Sell:10 #Hold:78 #Stocks:68 PV:10,960,446 LC:121 Loss:0.601581 ET:1.7363
[005380][Epoch 006/100] Epsilon:0.9495 #Expl.:115/121 #Buy:33 #Sell:10 #Hold:78 #Stocks:67 PV:10,835,725 LC:121 Loss:0.742618 ET:1.6660
[005380][Epoch 007/100] Epsilon:0.9394 #Expl.:114/121 #Buy:57 #Sell:57 #Hold:7 #Stocks:0 PV:10,180,223 LC:121 Loss:0.574733 ET:1.7139
[005380][Epoch 008/100] Epsilon:0.9293 #Expl.:113/121 #Buy:32 #Sell:9 #Hold:80 #Stocks:67 PV:10,814,372 LC:121 Loss:0.485694 ET:1.7088
[005380][Epoch 009/100] Epsilon:0.9192 #Expl.:111/121 #Buy:47 #Sell:24 #Hold:50 #Stocks:67 PV:10,799,502 LC:121 Loss:0.530217 ET:1.7048
[005380][Epoch 010/100] Epsilon:0.9091 #Expl.:108/121 #Buy:62 #Sell:41 #Hold:18 #Stocks:62 PV:10,510,297 LC:121 Loss:0.505534 ET:1.8146
[005380][Epoch 011/100] Epsilon:0.8990 #Expl.:108/121 #Buy:66 #Sell:43 #Hold:12 #Stocks:64 PV:10,888,728 LC:121 Loss:0.560771 ET:1.7261
[005380][Epoch 012/100] Epsilon:0.8889 #Expl.:107/121 #Buy:42 #Sell:19 #Hold:60 #Stocks:67 PV:10,895,408 LC:121 Loss:0.631472 ET:1.7158
[005380][Epoch 013/100] Epsilon:0.8788 #Expl.:108/121 #Buy:46 #Sell:23 #Hold:52 #Stocks:68 PV:10,959,959 LC:121 Loss:0.824733 ET:1.6680
[005380][Epoch 014/100] Epsilon:0.8687 #Expl.:105/121 #Buy:62 #Sell:42 #Hold:17 #Stocks:60 PV:10,720,046 LC:121 Loss:0.610987 ET:1.6985
[005380][Epoch 015/100] Epsilon:0.8586 #Expl.:107/121 #Buy:56 #Sell:33 #Hold:32 #Stocks:64 PV:10,868,247 LC:121 Loss:0.734015 ET:1.7144
[005380][Epoch 016/100] Epsilon:0.8485 #Expl.:101/121 #Buy:63 #Sell:41 #Hold:17 #Stocks:63 PV:11,212,391 LC:121 Loss:1.021479 ET:1.7240
[005380][Epoch 017/100] Epsilon:0.8384 #Expl.:106/121 #Buy:59 #Sell:57 #Hold:5 #Stocks:6 PV:10,076,655 LC:121 Loss:0.545824 ET:1.7485
[005380][Epoch 018/100] Epsilon:0.8283 #Expl.:96/121 #Buy:66 #Sell:44 #Hold:11 #Stocks:66 PV:10,714,797 LC:121 Loss:0.350377 ET:1.7449
[005380][Epoch 019/100] Epsilon:0.8182 #Expl.:92/121 #Buy:62 #Sell:50 #Hold:9 #Stocks:36 PV:9,731,924 LC:121 Loss:0.206180 ET:1.7713
[005380][Epoch 020/100] Epsilon:0.8081 #Expl.:96/121 #Buy:56 #Sell:54 #Hold:11 #Stocks:6 PV:10,069,942 LC:121 Loss:0.174056 ET:1.7126
[005380][Epoch 021/100] Epsilon:0.7980 #Expl.:95/121 #Buy:55 #Sell:55 #Hold:11 #Stocks:0 PV:9,986,545 LC:121 Loss:0.115775 ET:1.7383
[005380][Epoch 022/100] Epsilon:0.7879 #Expl.:83/121 #Buy:60 #Sell:52 #Hold:9 #Stocks:24 PV:9,972,163 LC:121 Loss:0.078283 ET:1.7618
[005380][Epoch 023/100] Epsilon:0.7778 #Expl.:94/121 #Buy:55 #Sell:31 #Hold:35 #Stocks:67 PV:10,842,896 LC:121 Loss:0.261655 ET:1.7245
[005380][Epoch 024/100] Epsilon:0.7677 #Expl.:92/121 #Buy:69 #Sell:50 #Hold:2 #Stocks:57 PV:9,923,210 LC:121 Loss:0.229829 ET:1.7168
[005380][Epoch 025/100] Epsilon:0.7576 #Expl.:91/121 #Buy:50 #Sell:49 #Hold:22 #Stocks:3 PV:10,490,716 LC:121 Loss:0.300145 ET:1.7580
[005380][Epoch 026/100] Epsilon:0.7475 #Expl.:86/121 #Buy:49 #Sell:49 #Hold:23 #Stocks:0 PV:10,209,881 LC:121 Loss:0.172272 ET:1.6972
[005380][Epoch 027/100] Epsilon:0.7374 #Expl.:94/121 #Buy:59 #Sell:36 #Hold:26 #Stocks:66 PV:10,652,534 LC:121 Loss:0.298640 ET:1.7167
[005380][Epoch 028/100] Epsilon:0.7273 #Expl.:83/121 #Buy:70 #Sell:51 #Hold:0 #Stocks:56 PV:10,647,563 LC:121 Loss:0.374527 ET:1.6963
[005380][Epoch 029/100] Epsilon:0.7172 #Expl.:92/121 #Buy:61 #Sell:54 #Hold:6 #Stocks:21 PV:10,132,736 LC:121 Loss:0.249441 ET:1.7461
[005380][Epoch 030/100] Epsilon:0.7071 #Expl.:77/121 #Buy:58 #Sell:56 #Hold:7 #Stocks:6 PV:9,998,798 LC:121 Loss:0.147298 ET:1.6801
[005380][Epoch 031/100] Epsilon:0.6970 #Expl.:87/121 #Buy:51 #Sell:47 #Hold:23 #Stocks:12 PV:9,816,737 LC:121 Loss:0.088572 ET:1.7167
[005380][Epoch 032/100] Epsilon:0.6869 #Expl.:80/121 #Buy:69 #Sell:52 #Hold:0 #Stocks:51 PV:10,347,693 LC:121 Loss:0.127261 ET:1.6825
[005380][Epoch 033/100] Epsilon:0.6768 #Expl.:77/121 #Buy:64 #Sell:56 #Hold:1 #Stocks:24 PV:10,351,883 LC:121 Loss:0.154129 ET:1.7866
[005380][Epoch 034/100] Epsilon:0.6667 #Expl.:87/121 #Buy:64 #Sell:57 #Hold:0 #Stocks:21 PV:10,359,633 LC:121 Loss:0.134102 ET:1.7518
[005380][Epoch 035/100] Epsilon:0.6566 #Expl.:78/121 #Buy:65 #Sell:53 #Hold:3 #Stocks:36 PV:10,557,823 LC:121 Loss:0.140085 ET:1.7342
[005380][Epoch 036/100] Epsilon:0.6465 #Expl.:91/121 #Buy:48 #Sell:48 #Hold:25 #Stocks:0 PV:10,019,419 LC:121 Loss:0.089632 ET:1.7322
[005380][Epoch 037/100] Epsilon:0.6364 #Expl.:67/121 #Buy:53 #Sell:48 #Hold:20 #Stocks:15 PV:10,203,240 LC:121 Loss:0.074162 ET:1.7228
[005380][Epoch 038/100] Epsilon:0.6263 #Expl.:78/121 #Buy:63 #Sell:52 #Hold:6 #Stocks:33 PV:9,914,853 LC:121 Loss:0.066225 ET:1.7011
[005380][Epoch 039/100] Epsilon:0.6162 #Expl.:70/121 #Buy:58 #Sell:57 #Hold:6 #Stocks:3 PV:10,082,800 LC:121 Loss:0.065038 ET:1.7785
[005380][Epoch 040/100] Epsilon:0.6061 #Expl.:74/121 #Buy:49 #Sell:44 #Hold:28 #Stocks:15 PV:9,975,854 LC:121 Loss:0.052993 ET:1.7287
[005380][Epoch 041/100] Epsilon:0.5960 #Expl.:69/121 #Buy:53 #Sell:50 #Hold:18 #Stocks:9 PV:10,293,400 LC:121 Loss:0.052480 ET:1.7469
[005380][Epoch 042/100] Epsilon:0.5859 #Expl.:77/121 #Buy:43 #Sell:43 #Hold:35 #Stocks:0 PV:10,099,180 LC:121 Loss:0.059171 ET:1.6982
[005380][Epoch 043/100] Epsilon:0.5758 #Expl.:71/121 #Buy:38 #Sell:36 #Hold:47 #Stocks:6 PV:9,875,795 LC:121 Loss:0.040227 ET:1.7054
[005380][Epoch 044/100] Epsilon:0.5657 #Expl.:67/121 #Buy:64 #Sell:51 #Hold:6 #Stocks:39 PV:10,019,463 LC:121 Loss:0.118337 ET:1.6935
[005380][Epoch 045/100] Epsilon:0.5556 #Expl.:69/121 #Buy:40 #Sell:40 #Hold:41 #Stocks:0 PV:9,748,928 LC:121 Loss:0.087544 ET:1.7344
[005380][Epoch 046/100] Epsilon:0.5455 #Expl.:61/121 #Buy:60 #Sell:56 #Hold:5 #Stocks:12 PV:10,034,331 LC:121 Loss:0.104893 ET:1.7558
[005380][Epoch 047/100] Epsilon:0.5354 #Expl.:77/121 #Buy:67 #Sell:46 #Hold:8 #Stocks:63 PV:10,212,997 LC:121 Loss:0.125196 ET:1.7214
[005380][Epoch 048/100] Epsilon:0.5253 #Expl.:68/121 #Buy:52 #Sell:51 #Hold:18 #Stocks:3 PV:9,898,742 LC:121 Loss:0.120319 ET:1.7161
[005380][Epoch 049/100] Epsilon:0.5152 #Expl.:63/121 #Buy:38 #Sell:38 #Hold:45 #Stocks:0 PV:10,193,875 LC:121 Loss:0.088988 ET:1.6755
[005380][Epoch 050/100] Epsilon:0.5051 #Expl.:62/121 #Buy:55 #Sell:52 #Hold:14 #Stocks:9 PV:10,228,812 LC:121 Loss:0.075411 ET:1.7185
[005380][Epoch 051/100] Epsilon:0.4949 #Expl.:61/121 #Buy:56 #Sell:50 #Hold:15 #Stocks:18 PV:10,311,316 LC:121 Loss:0.053259 ET:1.7197
[005380][Epoch 052/100] Epsilon:0.4848 #Expl.:59/121 #Buy:58 #Sell:55 #Hold:8 #Stocks:9 PV:10,088,104 LC:121 Loss:0.040458 ET:1.7285
[005380][Epoch 053/100] Epsilon:0.4747 #Expl.:56/121 #Buy:36 #Sell:35 #Hold:50 #Stocks:3 PV:10,056,675 LC:121 Loss:0.034890 ET:1.7250
[005380][Epoch 054/100] Epsilon:0.4646 #Expl.:54/121 #Buy:32 #Sell:31 #Hold:58 #Stocks:3 PV:9,991,973 LC:121 Loss:0.029814 ET:1.7404
[005380][Epoch 055/100] Epsilon:0.4545 #Expl.:51/121 #Buy:31 #Sell:29 #Hold:61 #Stocks:6 PV:10,123,390 LC:121 Loss:0.025211 ET:1.8268
[005380][Epoch 056/100] Epsilon:0.4444 #Expl.:53/121 #Buy:41 #Sell:41 #Hold:39 #Stocks:0 PV:9,940,469 LC:121 Loss:0.031852 ET:1.6637
[005380][Epoch 057/100] Epsilon:0.4343 #Expl.:63/121 #Buy:40 #Sell:40 #Hold:41 #Stocks:0 PV:10,023,859 LC:121 Loss:0.032873 ET:1.6817
[005380][Epoch 058/100] Epsilon:0.4242 #Expl.:57/121 #Buy:54 #Sell:44 #Hold:23 #Stocks:30 PV:10,006,307 LC:121 Loss:0.028549 ET:1.7321
[005380][Epoch 059/100] Epsilon:0.4141 #Expl.:41/121 #Buy:40 #Sell:40 #Hold:41 #Stocks:0 PV:9,995,204 LC:121 Loss:0.026606 ET:1.6923
[005380][Epoch 060/100] Epsilon:0.4040 #Expl.:51/121 #Buy:46 #Sell:45 #Hold:30 #Stocks:3 PV:10,021,626 LC:121 Loss:0.020416 ET:1.6673
[005380][Epoch 061/100] Epsilon:0.3939 #Expl.:54/121 #Buy:40 #Sell:39 #Hold:42 #Stocks:3 PV:9,801,455 LC:121 Loss:0.014594 ET:1.6883
[005380][Epoch 062/100] Epsilon:0.3838 #Expl.:49/121 #Buy:40 #Sell:37 #Hold:44 #Stocks:9 PV:9,955,138 LC:121 Loss:0.022582 ET:1.6906
[005380][Epoch 063/100] Epsilon:0.3737 #Expl.:32/121 #Buy:23 #Sell:23 #Hold:75 #Stocks:0 PV:9,811,316 LC:121 Loss:0.019720 ET:1.7485
[005380][Epoch 064/100] Epsilon:0.3636 #Expl.:45/121 #Buy:31 #Sell:31 #Hold:59 #Stocks:0 PV:10,099,684 LC:121 Loss:0.024547 ET:1.7089
[005380][Epoch 065/100] Epsilon:0.3535 #Expl.:41/121 #Buy:33 #Sell:33 #Hold:55 #Stocks:0 PV:9,897,655 LC:121 Loss:0.031865 ET:1.7212
[005380][Epoch 066/100] Epsilon:0.3434 #Expl.:39/121 #Buy:30 #Sell:30 #Hold:61 #Stocks:0 PV:10,024,117 LC:121 Loss:0.025184 ET:1.6518
[005380][Epoch 067/100] Epsilon:0.3333 #Expl.:43/121 #Buy:41 #Sell:41 #Hold:39 #Stocks:0 PV:9,969,634 LC:121 Loss:0.016552 ET:1.6812
[005380][Epoch 068/100] Epsilon:0.3232 #Expl.:36/121 #Buy:34 #Sell:32 #Hold:55 #Stocks:6 PV:9,855,524 LC:121 Loss:0.014318 ET:1.7391
[005380][Epoch 069/100] Epsilon:0.3131 #Expl.:40/121 #Buy:32 #Sell:30 #Hold:59 #Stocks:6 PV:9,858,204 LC:121 Loss:0.021514 ET:1.6907
[005380][Epoch 070/100] Epsilon:0.3030 #Expl.:34/121 #Buy:27 #Sell:27 #Hold:67 #Stocks:0 PV:10,026,914 LC:121 Loss:0.018367 ET:1.7060
[005380][Epoch 071/100] Epsilon:0.2929 #Expl.:41/121 #Buy:41 #Sell:41 #Hold:39 #Stocks:0 PV:9,919,206 LC:121 Loss:0.019402 ET:1.6799
[005380][Epoch 072/100] Epsilon:0.2828 #Expl.:40/121 #Buy:25 #Sell:25 #Hold:71 #Stocks:0 PV:10,011,137 LC:121 Loss:0.016571 ET:1.7109
[005380][Epoch 073/100] Epsilon:0.2727 #Expl.:37/121 #Buy:33 #Sell:33 #Hold:55 #Stocks:0 PV:10,159,165 LC:121 Loss:0.020218 ET:1.7454
[005380][Epoch 074/100] Epsilon:0.2626 #Expl.:24/121 #Buy:19 #Sell:19 #Hold:83 #Stocks:0 PV:10,035,725 LC:121 Loss:0.016162 ET:1.7045
[005380][Epoch 075/100] Epsilon:0.2525 #Expl.:28/121 #Buy:28 #Sell:28 #Hold:65 #Stocks:0 PV:9,920,294 LC:121 Loss:0.012292 ET:1.6705
[005380][Epoch 076/100] Epsilon:0.2424 #Expl.:26/121 #Buy:18 #Sell:18 #Hold:85 #Stocks:0 PV:9,962,213 LC:121 Loss:0.009746 ET:1.7150
[005380][Epoch 077/100] Epsilon:0.2323 #Expl.:25/121 #Buy:17 #Sell:17 #Hold:87 #Stocks:0 PV:9,976,681 LC:121 Loss:0.007208 ET:1.7125
[005380][Epoch 078/100] Epsilon:0.2222 #Expl.:30/121 #Buy:27 #Sell:27 #Hold:67 #Stocks:0 PV:9,974,360 LC:121 Loss:0.004984 ET:1.7066
[005380][Epoch 079/100] Epsilon:0.2121 #Expl.:26/121 #Buy:14 #Sell:14 #Hold:93 #Stocks:0 PV:9,956,701 LC:121 Loss:0.004426 ET:1.7278
[005380][Epoch 080/100] Epsilon:0.2020 #Expl.:29/121 #Buy:19 #Sell:19 #Hold:83 #Stocks:0 PV:9,957,650 LC:121 Loss:0.005623 ET:1.6992
[005380][Epoch 081/100] Epsilon:0.1919 #Expl.:19/121 #Buy:12 #Sell:11 #Hold:98 #Stocks:3 PV:9,927,702 LC:121 Loss:0.005153 ET:1.7175
[005380][Epoch 082/100] Epsilon:0.1818 #Expl.:20/121 #Buy:18 #Sell:18 #Hold:85 #Stocks:0 PV:10,083,181 LC:121 Loss:0.009100 ET:1.7014
[005380][Epoch 083/100] Epsilon:0.1717 #Expl.:19/121 #Buy:14 #Sell:14 #Hold:93 #Stocks:0 PV:9,976,254 LC:121 Loss:0.013995 ET:1.7242
[005380][Epoch 084/100] Epsilon:0.1616 #Expl.:19/121 #Buy:16 #Sell:16 #Hold:89 #Stocks:0 PV:10,055,759 LC:121 Loss:0.008621 ET:1.6905
[005380][Epoch 085/100] Epsilon:0.1515 #Expl.:18/121 #Buy:16 #Sell:16 #Hold:89 #Stocks:0 PV:9,965,767 LC:121 Loss:0.006166 ET:1.7358
[005380][Epoch 086/100] Epsilon:0.1414 #Expl.:20/121 #Buy:14 #Sell:14 #Hold:93 #Stocks:0 PV:9,983,306 LC:121 Loss:0.005875 ET:1.7169
[005380][Epoch 087/100] Epsilon:0.1313 #Expl.:10/121 #Buy:9 #Sell:9 #Hold:103 #Stocks:0 PV:10,034,613 LC:121 Loss:0.003922 ET:1.7481
[005380][Epoch 088/100] Epsilon:0.1212 #Expl.:12/121 #Buy:7 #Sell:7 #Hold:107 #Stocks:0 PV:9,963,823 LC:121 Loss:0.004391 ET:1.7070
[005380][Epoch 089/100] Epsilon:0.1111 #Expl.:16/121 #Buy:7 #Sell:7 #Hold:107 #Stocks:0 PV:9,990,819 LC:121 Loss:0.006051 ET:1.7344
[005380][Epoch 090/100] Epsilon:0.1010 #Expl.:8/121 #Buy:7 #Sell:7 #Hold:107 #Stocks:0 PV:9,959,612 LC:121 Loss:0.004210 ET:1.7335
[005380][Epoch 091/100] Epsilon:0.0909 #Expl.:10/121 #Buy:7 #Sell:7 #Hold:107 #Stocks:0 PV:9,964,201 LC:121 Loss:0.003665 ET:1.6566
[005380][Epoch 092/100] Epsilon:0.0808 #Expl.:5/121 #Buy:4 #Sell:3 #Hold:114 #Stocks:3 PV:10,003,544 LC:121 Loss:0.003772 ET:1.6735
[005380][Epoch 093/100] Epsilon:0.0707 #Expl.:13/121 #Buy:10 #Sell:10 #Hold:101 #Stocks:0 PV:9,997,851 LC:121 Loss:0.002856 ET:1.7277
[005380][Epoch 094/100] Epsilon:0.0606 #Expl.:8/121 #Buy:5 #Sell:5 #Hold:111 #Stocks:0 PV:10,004,025 LC:121 Loss:0.002827 ET:1.6962
[005380][Epoch 095/100] Epsilon:0.0505 #Expl.:7/121 #Buy:6 #Sell:6 #Hold:109 #Stocks:0 PV:9,987,767 LC:121 Loss:0.003061 ET:1.7184
[005380][Epoch 096/100] Epsilon:0.0404 #Expl.:2/121 #Buy:2 #Sell:2 #Hold:117 #Stocks:0 PV:9,988,600 LC:121 Loss:0.004264 ET:1.7228
[005380][Epoch 097/100] Epsilon:0.0303 #Expl.:7/121 #Buy:1 #Sell:1 #Hold:119 #Stocks:0 PV:9,989,814 LC:121 Loss:0.003277 ET:1.7230
[005380][Epoch 098/100] Epsilon:0.0202 #Expl.:3/121 #Buy:3 #Sell:2 #Hold:116 #Stocks:3 PV:10,001,929 LC:121 Loss:0.003385 ET:1.6783
[005380][Epoch 099/100] Epsilon:0.0101 #Expl.:2/121 #Buy:2 #Sell:2 #Hold:117 #Stocks:0 PV:10,000,392 LC:121 Loss:0.002718 ET:1.7149
[005380][Epoch 100/100] Epsilon:0.0000 #Expl.:0/121 #Buy:0 #Sell:0 #Hold:121 #Stocks:0 PV:10,000,000 LC:121 Loss:0.002329 ET:1.8243
[005380] Elapsed Time:175.2959 Max PV:11,212,391 #Win:59
