CONFIGDIR=/root/.config/matplotlib
(private) matplotlib data path: /usr/local/lib/python3.7/dist-packages/matplotlib/mpl-data
matplotlib data path: /usr/local/lib/python3.7/dist-packages/matplotlib/mpl-data
loaded rc file /usr/local/lib/python3.7/dist-packages/matplotlib/mpl-data/matplotlibrc
matplotlib version 3.2.2
interactive is False
platform is linux
loaded modules: ['sys', 'builtins', '_frozen_importlib', '_imp', '_thread', '_warnings', '_weakref', 'zipimport', '_frozen_importlib_external', '_io', 'marshal', 'posix', 'encodings', 'codecs', '_codecs', 'encodings.aliases', 'encodings.utf_8', '_signal', '__main__', 'encodings.latin_1', 'io', 'abc', '_abc', 'warnings', 're', 'enum', 'types', '_collections', 'sre_compile', '_sre', 'sre_parse', 'sre_constants', 'functools', '_functools', 'collections', '_collections_abc', 'operator', '_operator', 'keyword', 'heapq', '_heapq', 'itertools', 'reprlib', '_locale', 'copyreg', 'site', 'os', 'stat', '_stat', 'posixpath', 'genericpath', 'os.path', '_sitebuiltins', '_bootlocale', 'importlib', 'importlib._bootstrap', 'importlib._bootstrap_external', 'importlib.util', 'importlib.abc', 'importlib.machinery', 'contextlib', 'google', 'google.cloud', 'google.logging', 'mpl_toolkits', 'sphinxcontrib', 'sitecustomize', 'logging', 'time', 'traceback', 'linecache', 'tokenize', 'token', 'weakref', '_weakrefset', 'collections.abc', 'string', '_string', 'threading', 'atexit', 'argparse', 'gettext', 'locale', 'json', 'json.decoder', 'json.scanner', '_json', 'json.encoder', 'settings', 'platform', 'subprocess', 'signal', 'errno', '_posixsubprocess', 'select', 'selectors', 'math', 'utils', 'datetime', '_datetime', 'numpy', 'numpy._globals', 'numpy.__config__', 'numpy.version', 'numpy._distributor_init', 'numpy.core', 'numpy.core.multiarray', 'numpy.core.overrides', 'textwrap', 'numpy.core._multiarray_umath', 'numpy.compat', 'numpy.compat._inspect', 'numpy.compat.py3k', 'pathlib', 'fnmatch', 'ntpath', 'urllib', 'urllib.parse', 'pickle', 'struct', '_struct', '_compat_pickle', '_pickle', 'numpy.core.umath', 'numpy.core.numerictypes', 'numbers', 'numpy.core._string_helpers', 'numpy.core._type_aliases', 'numpy.core._dtype', 'numpy.core.numeric', 'numpy.core.shape_base', 'numpy.core._asarray', 'numpy.core.fromnumeric', 'numpy.core._methods', 'numpy.core._exceptions', 'numpy.core._ufunc_config', 'numpy.core.arrayprint', 'numpy.core.defchararray', 'numpy.core.records', 'numpy.core.memmap', 'numpy.core.function_base', 'numpy.core.machar', 'numpy.core.getlimits', 'numpy.core.einsumfunc', 'numpy.core._add_newdocs', 'numpy.core._multiarray_tests', 'numpy.core._dtype_ctypes', 'numpy.core._internal', 'ast', '_ast', 'ctypes', '_ctypes', 'ctypes._endian', 'numpy._pytesttester', 'numpy.lib', 'numpy.lib.mixins', 'numpy.lib.scimath', 'numpy.lib.type_check', 'numpy.lib.ufunclike', 'numpy.lib.index_tricks', 'numpy.matrixlib', 'numpy.matrixlib.defmatrix', 'numpy.linalg', 'numpy.linalg.linalg', 'numpy.lib.twodim_base', 'numpy.linalg.lapack_lite', 'numpy.linalg._umath_linalg', 'numpy.lib.function_base', 'numpy.lib.histograms', 'numpy.lib.stride_tricks', 'numpy.lib.nanfunctions', 'numpy.lib.shape_base', 'numpy.lib.polynomial', 'numpy.lib.utils', 'numpy.lib.arraysetops', 'numpy.lib.npyio', 'numpy.lib.format', 'numpy.lib._datasource', 'shutil', 'zlib', 'bz2', '_compression', '_bz2', 'lzma', '_lzma', 'pwd', 'grp', 'numpy.lib._iotools', 'numpy.lib.financial', 'decimal', '_decimal', 'numpy.lib.arrayterator', 'numpy.lib.arraypad', 'numpy.lib._version', 'numpy.fft', 'numpy.fft._pocketfft', 'numpy.fft._pocketfft_internal', 'numpy.fft.helper', 'numpy.polynomial', 'numpy.polynomial.polynomial', 'numpy.polynomial.polyutils', 'numpy.polynomial._polybase', 'numpy.polynomial.chebyshev', 'numpy.polynomial.legendre', 'numpy.polynomial.hermite', 'numpy.polynomial.hermite_e', 'numpy.polynomial.laguerre', 'numpy.random', 'numpy.random._pickle', 'numpy.random.mtrand', 'cython_runtime', 'numpy.random.bit_generator', '_cython_0_29_21', 'numpy.random._common', 'secrets', 'base64', 'binascii', 'hmac', '_hashlib', 'hashlib', '_blake2', '_sha3', 'random', 'bisect', '_bisect', '_random', 'numpy.random._bounded_integers', 'numpy.random._mt19937', 'numpy.random._philox', 'numpy.random._pcg64', 'numpy.random._sfc64', 'numpy.random._generator', 'numpy.ctypeslib', 'numpy.ma', 'numpy.ma.core', 'numpy.ma.extras', 'data_manager', 'pandas', 'pytz', 'pytz.exceptions', 'pytz.lazy', 'pytz.tzinfo', 'pytz.tzfile', 'dateutil', 'dateutil._version', 'pandas.compat', 'pandas._typing', 'typing', 'typing.io', 'typing.re', 'pandas.compat.numpy', 'distutils', 'distutils.version', 'pandas._libs', 'pandas._libs.interval', 'pandas._libs.hashtable', 'pandas._libs.missing', 'pandas._libs.tslibs', 'pandas._libs.tslibs.dtypes', 'pandas._libs.tslibs.conversion', 'pandas._libs.tslibs.base', 'pandas._libs.tslibs.nattype', 'pandas._libs.tslibs.np_datetime', 'pandas._libs.tslibs.timezones', 'dateutil.tz', 'dateutil.tz.tz', 'six', '__future__', 'six.moves', 'dateutil.tz._common', 'dateutil.tz._factories', 'pandas._libs.tslibs.tzconversion', 'pandas._libs.tslibs.ccalendar', 'pandas._libs.tslibs.parsing', 'pandas._libs.tslibs.offsets', 'pandas._libs.tslibs.timedeltas', 'pandas._libs.tslibs.timestamps', 'pandas._libs.tslibs.fields', 'pandas._config', 'pandas._config.config', 'pandas._config.dates', 'pandas._config.display', 'pandas._config.localization', 'pandas._libs.tslibs.strptime', 'calendar', 'dateutil.easter', 'dateutil.relativedelta', 'dateutil._common', 'pandas._libs.properties', 'dateutil.parser', 'dateutil.parser._parser', 'dateutil.parser.isoparser', 'pandas._libs.tslibs.period', 'pandas._libs.tslibs.vectorized', 'pandas._libs.ops_dispatch', 'pandas._libs.algos', 'pandas._libs.lib', 'pandas._libs.tslib', 'pandas.core', 'pandas.core.config_init', 'pandas.core.api', 'pandas.core.dtypes', 'pandas.core.dtypes.dtypes', 'pandas.core.dtypes.base', 'pandas.errors', 'pandas.core.dtypes.generic', 'pandas.core.dtypes.inference', 'pandas.core.dtypes.missing', 'pandas.core.dtypes.common', 'pandas.core.algorithms', 'pandas.util', 'pandas.util._decorators', 'inspect', 'dis', 'opcode', '_opcode', 'pandas.core.util', 'pandas.core.util.hashing', 'pandas._libs.hashing', 'pandas.core.dtypes.cast', 'pandas.util._validators', 'pandas.core.construction', 'pandas.core.common', 'pandas.core.indexers', 'pandas.core.arrays', 'pandas.core.arrays.base', 'pandas.compat.numpy.function', 'pandas.core.ops', 'pandas.core.ops.array_ops', 'pandas._libs.ops', 'pandas.core.ops.missing', 'pandas.core.ops.roperator', 'pandas.core.ops.dispatch', 'pandas.core.ops.invalid', 'pandas.core.ops.common', 'pandas.core.ops.docstrings', 'pandas.core.ops.mask_ops', 'pandas.core.ops.methods', 'pandas.core.missing', 'pandas.compat._optional', 'pandas.core.sorting', 'pandas.core.arrays.boolean', 'pandas.core.arrays.masked', 'pandas.core.nanops', 'bottleneck', 'bottleneck.reduce', 'bottleneck.nonreduce', 'bottleneck.nonreduce_axis', 'bottleneck.move', 'bottleneck.slow', 'bottleneck.slow.reduce', 'bottleneck.slow.nonreduce', 'bottleneck.slow.nonreduce_axis', 'bottleneck.slow.move', 'bottleneck.benchmark', 'bottleneck.benchmark.bench', 'bottleneck.benchmark.autotimeit', 'timeit', 'gc', 'bottleneck.benchmark.bench_detailed', 'bottleneck.tests', 'bottleneck.tests.util', 'bottleneck._pytesttester', 'bottleneck._version', 'pandas.core.array_algos', 'pandas.core.array_algos.masked_reductions', 'pandas.core.arrays.categorical', 'csv', '_csv', 'pandas.core.accessor', 'pandas.core.array_algos.transforms', 'pandas.core.arrays._mixins', 'pandas.core.base', 'pandas.io', 'pandas.io.formats', 'pandas.io.formats.console', 'pandas.core.arrays.datetimes', 'pandas.core.arrays.datetimelike', 'pandas.tseries', 'pandas.tseries.frequencies', 'pandas.core.arrays._ranges', 'pandas.tseries.offsets', 'pandas.core.arrays.integer', 'pandas.core.tools', 'pandas.core.tools.numeric', 'pandas.core.arrays.interval', 'pandas.core.indexes', 'pandas.core.indexes.base', 'copy', 'pandas._libs.index', 'pandas._libs.join', 'pandas.core.dtypes.concat', 'pandas.core.arrays.sparse', 'pandas.core.arrays.sparse.accessor', 'pandas.core.arrays.sparse.array', 'pandas._libs.sparse', 'pandas.core.arrays.sparse.dtype', 'pandas.io.formats.printing', 'pandas.core.indexes.frozen', 'pandas.core.strings', 'pandas.core.arrays.numpy_', 'pandas.core.arrays.period', 'pandas.core.arrays.string_', 'pandas.core.arrays.timedeltas', 'pandas.core.groupby', 'pandas.core.groupby.generic', 'pandas.core.aggregation', 'pandas.core.indexes.api', 'pandas.core.indexes.category', 'pandas.core.indexes.extension', 'pandas.core.indexes.datetimes', 'pandas.core.indexes.datetimelike', 'pandas.core.indexes.numeric', 'pandas.core.tools.timedeltas', 'pandas.core.tools.times', 'pandas.core.indexes.interval', 'pandas.util._exceptions', 'pandas.core.indexes.multi', 'pandas.core.indexes.timedeltas', 'pandas.core.indexes.period', 'pandas.core.indexes.range', 'pandas.core.series', 'pandas._libs.reshape', 'pandas.core.generic', 'pandas.core.indexing', 'pandas._libs.indexing', 'pandas.core.internals', 'pandas.core.internals.blocks', 'pandas._libs.writers', 'pandas._libs.internals', 'pandas.core.internals.concat', 'pandas.core.internals.managers', 'pandas.core.internals.ops', 'pandas.core.shared_docs', 'pandas.io.formats.format', 'unicodedata', 'pandas.io.common', 'gzip', 'mmap', 'zipfile', 'pandas.core.indexes.accessors', 'pandas.core.tools.datetimes', 'pandas.arrays', 'pandas.plotting', 'pandas.plotting._core', 'pandas.plotting._misc', 'pandas.core.window', 'pandas.core.window.ewm', 'pandas._libs.window', 'pandas._libs.window.aggregations', 'pandas.core.window.common', 'pandas.core.groupby.base', 'pandas.core.window.rolling', 'pandas.core.util.numba_', 'pandas.core.window.indexers', 'pandas._libs.window.indexers', 'pandas.core.window.numba_', 'pandas.core.window.expanding', 'pandas.core.frame', 'pandas.core.internals.construction', 'pandas.core.reshape', 'pandas.core.reshape.melt', 'pandas.core.reshape.concat', 'pandas.core.reshape.util', 'pandas.io.formats.info', 'pandas.core.groupby.groupby', 'pandas._libs.groupby', 'pandas.core.groupby.ops', 'pandas._libs.reduction', 'pandas.core.groupby.grouper', 'pandas.core.groupby.categorical', 'pandas.tseries.api', 'pandas.core.computation', 'pandas.core.computation.api', 'pandas.core.computation.eval', 'pandas.core.computation.engines', 'pandas.core.computation.align', 'pandas.core.computation.common', 'pandas.core.computation.ops', 'pandas.core.computation.scope', 'pprint', 'pandas.compat.chainmap', 'pandas.core.computation.expr', 'pandas.core.computation.parsing', 'pandas.core.reshape.api', 'pandas.core.reshape.merge', 'pandas.core.reshape.pivot', 'pandas.core.reshape.reshape', 'pandas.core.reshape.tile', 'pandas.api', 'pandas.api.extensions', 'pandas.api.indexers', 'pandas.api.types', 'pandas.core.dtypes.api', 'pandas.util._print_versions', 'pandas.io.api', 'pandas.io.clipboards', 'pandas.io.excel', 'pandas.io.excel._base', 'pandas._libs.parsers', 'pandas.io.excel._util', 'pandas.io.parsers', 'pandas.io.date_converters', 'pandas.io.excel._odfreader', 'pandas.io.excel._openpyxl', 'pandas.io.excel._pyxlsb', 'pandas.io.excel._xlrd', 'pandas.io.excel._odswriter', 'pandas._libs.json', 'pandas.io.formats.excel', 'pandas.io.formats.css', 'pandas.io.excel._xlsxwriter', 'pandas.io.excel._xlwt', 'pandas.io.feather_format', 'pandas.io.gbq', 'pandas.io.html', 'pandas.io.json', 'pandas.io.json._json', 'pandas.io.json._normalize', 'pandas.io.json._table_schema', 'pandas.io.orc', 'pandas.io.parquet', 'pandas.io.pickle', 'pandas.compat.pickle_compat', 'pandas.io.pytables', 'pandas.core.computation.pytables', 'pandas.io.sas', 'pandas.io.sas.sasreader', 'pandas.io.spss', 'pandas.io.sql', 'pandas.io.stata', 'pandas.util._tester', 'pandas.testing', 'pandas._testing', 'tempfile', 'pandas._libs.testing', 'pandas._version', 'agent', 'learners', 'environment', 'visualizer', 'matplotlib', 'matplotlib.cbook', 'glob', 'shlex', 'matplotlib.cbook.deprecation', 'matplotlib.rcsetup', 'matplotlib.fontconfig_pattern', 'pyparsing', 'matplotlib.colors', 'matplotlib.docstring', 'matplotlib._color_data', 'cycler', 'matplotlib._version', 'matplotlib.ft2font', 'kiwisolver', 'socket', '_socket']
CACHEDIR=/root/.cache/matplotlib
Using fontManager instance from /root/.cache/matplotlib/fontlist-v310.json
Loaded backend module://ipykernel.pylab.backend_inline version unknown.
Loaded backend agg version unknown.
NumExpr defaulting to 2 threads.
From /usr/local/lib/python3.7/dist-packages/keras/backend/tensorflow_backend.py:68: The name tf.get_default_graph is deprecated. Please use tf.compat.v1.get_default_graph instead.

From /usr/local/lib/python3.7/dist-packages/keras/backend/tensorflow_backend.py:508: The name tf.placeholder is deprecated. Please use tf.compat.v1.placeholder instead.

From /usr/local/lib/python3.7/dist-packages/keras/backend/tensorflow_backend.py:3837: The name tf.random_uniform is deprecated. Please use tf.random.uniform instead.

From /usr/local/lib/python3.7/dist-packages/keras/optimizers.py:757: The name tf.train.Optimizer is deprecated. Please use tf.compat.v1.train.Optimizer instead.

From /usr/local/lib/python3.7/dist-packages/keras/backend/tensorflow_backend.py:3814: The name tf.random_normal is deprecated. Please use tf.random.normal instead.

From /usr/local/lib/python3.7/dist-packages/keras/backend/tensorflow_backend.py:127: The name tf.placeholder_with_default is deprecated. Please use tf.compat.v1.placeholder_with_default instead.

From /usr/local/lib/python3.7/dist-packages/keras/backend/tensorflow_backend.py:3144: calling dropout (from tensorflow.python.ops.nn_ops) with keep_prob is deprecated and will be removed in a future version.
Instructions for updating:
Please use `rate` instead of `keep_prob`. Rate should be set to `rate = 1 - keep_prob`.
From /content/drive/MyDrive/StockTrader_ddpg2/actor.py:111: The name tf.train.AdamOptimizer is deprecated. Please use tf.compat.v1.train.AdamOptimizer instead.

[005380] RL:ddpg Net:actorcritic LR:0.001 DF:0.9 TU:[1,6] DRT:0.05
From /usr/local/lib/python3.7/dist-packages/keras/backend/tensorflow_backend.py:2503: The name tf.Session is deprecated. Please use tf.compat.v1.Session instead.

From /usr/local/lib/python3.7/dist-packages/keras/backend/tensorflow_backend.py:168: The name tf.get_default_session is deprecated. Please use tf.compat.v1.get_default_session instead.

From /usr/local/lib/python3.7/dist-packages/keras/backend/tensorflow_backend.py:175: The name tf.ConfigProto is deprecated. Please use tf.compat.v1.ConfigProto instead.

From /usr/local/lib/python3.7/dist-packages/keras/backend/tensorflow_backend.py:184: The name tf.global_variables is deprecated. Please use tf.compat.v1.global_variables instead.

From /usr/local/lib/python3.7/dist-packages/keras/backend/tensorflow_backend.py:193: The name tf.is_variable_initialized is deprecated. Please use tf.compat.v1.is_variable_initialized instead.

From /usr/local/lib/python3.7/dist-packages/keras/backend/tensorflow_backend.py:200: The name tf.variables_initializer is deprecated. Please use tf.compat.v1.variables_initializer instead.

From /usr/local/lib/python3.7/dist-packages/keras/backend/tensorflow_backend.py:977: The name tf.assign_add is deprecated. Please use tf.compat.v1.assign_add instead.

From /usr/local/lib/python3.7/dist-packages/keras/backend/tensorflow_backend.py:964: The name tf.assign is deprecated. Please use tf.compat.v1.assign instead.

[005380][Epoch 001/100] Epsilon:1.0000 #Expl.:185/185 #Buy:64 #Sell:40 #Hold:81 #Stocks:68 PV:12,113,317 LC:175 Loss:0.356849 ET:4.3972
[005380][Epoch 002/100] Epsilon:0.9899 #Expl.:180/185 #Buy:53 #Sell:28 #Hold:104 #Stocks:74 PV:12,054,259 LC:185 Loss:0.615195 ET:2.5442
[005380][Epoch 003/100] Epsilon:0.9798 #Expl.:182/185 #Buy:95 #Sell:71 #Hold:19 #Stocks:70 PV:11,887,330 LC:185 Loss:0.698000 ET:2.6846
[005380][Epoch 004/100] Epsilon:0.9697 #Expl.:179/185 #Buy:87 #Sell:61 #Hold:37 #Stocks:74 PV:12,002,160 LC:185 Loss:0.728074 ET:2.5164
[005380][Epoch 005/100] Epsilon:0.9596 #Expl.:182/185 #Buy:37 #Sell:12 #Hold:136 #Stocks:74 PV:12,088,241 LC:185 Loss:0.848908 ET:2.4970
[005380][Epoch 006/100] Epsilon:0.9495 #Expl.:176/185 #Buy:43 #Sell:15 #Hold:127 #Stocks:74 PV:12,113,314 LC:185 Loss:0.834167 ET:2.5449
[005380][Epoch 007/100] Epsilon:0.9394 #Expl.:177/185 #Buy:85 #Sell:59 #Hold:41 #Stocks:73 PV:11,878,425 LC:185 Loss:0.826233 ET:2.5390
[005380][Epoch 008/100] Epsilon:0.9293 #Expl.:165/185 #Buy:45 #Sell:18 #Hold:122 #Stocks:75 PV:12,152,601 LC:185 Loss:0.790628 ET:2.5666
[005380][Epoch 009/100] Epsilon:0.9192 #Expl.:172/185 #Buy:59 #Sell:34 #Hold:92 #Stocks:72 PV:12,268,462 LC:185 Loss:0.887368 ET:2.5251
[005380][Epoch 010/100] Epsilon:0.9091 #Expl.:167/185 #Buy:91 #Sell:76 #Hold:18 #Stocks:40 PV:11,182,625 LC:185 Loss:0.686889 ET:2.5664
[005380][Epoch 011/100] Epsilon:0.8990 #Expl.:167/185 #Buy:63 #Sell:39 #Hold:83 #Stocks:71 PV:12,024,621 LC:185 Loss:0.659407 ET:2.6003
[005380][Epoch 012/100] Epsilon:0.8889 #Expl.:163/185 #Buy:98 #Sell:73 #Hold:14 #Stocks:68 PV:11,609,889 LC:185 Loss:0.653237 ET:2.5786
[005380][Epoch 013/100] Epsilon:0.8788 #Expl.:164/185 #Buy:66 #Sell:43 #Hold:76 #Stocks:64 PV:12,009,316 LC:185 Loss:0.703649 ET:2.5210
[005380][Epoch 014/100] Epsilon:0.8687 #Expl.:164/185 #Buy:52 #Sell:27 #Hold:106 #Stocks:74 PV:12,027,124 LC:185 Loss:0.775817 ET:2.4813
[005380][Epoch 015/100] Epsilon:0.8586 #Expl.:162/185 #Buy:94 #Sell:71 #Hold:20 #Stocks:68 PV:11,597,805 LC:185 Loss:0.759774 ET:2.5249
[005380][Epoch 016/100] Epsilon:0.8485 #Expl.:154/185 #Buy:65 #Sell:40 #Hold:80 #Stocks:74 PV:12,007,066 LC:185 Loss:0.701416 ET:2.5445
[005380][Epoch 017/100] Epsilon:0.8384 #Expl.:144/185 #Buy:42 #Sell:16 #Hold:127 #Stocks:74 PV:12,112,983 LC:185 Loss:0.813344 ET:2.4929
[005380][Epoch 018/100] Epsilon:0.8283 #Expl.:155/185 #Buy:41 #Sell:16 #Hold:128 #Stocks:74 PV:12,022,600 LC:185 Loss:0.830901 ET:2.4963
[005380][Epoch 019/100] Epsilon:0.8182 #Expl.:150/185 #Buy:56 #Sell:30 #Hold:99 #Stocks:73 PV:11,915,243 LC:185 Loss:0.870648 ET:2.5253
[005380][Epoch 020/100] Epsilon:0.8081 #Expl.:146/185 #Buy:28 #Sell:2 #Hold:155 #Stocks:74 PV:12,118,252 LC:185 Loss:0.971928 ET:2.5166
[005380][Epoch 021/100] Epsilon:0.7980 #Expl.:148/185 #Buy:76 #Sell:50 #Hold:59 #Stocks:70 PV:12,018,042 LC:185 Loss:0.921347 ET:2.5123
[005380][Epoch 022/100] Epsilon:0.7879 #Expl.:149/185 #Buy:75 #Sell:49 #Hold:61 #Stocks:74 PV:12,010,006 LC:185 Loss:0.874041 ET:2.5152
[005380][Epoch 023/100] Epsilon:0.7778 #Expl.:147/185 #Buy:32 #Sell:5 #Hold:148 #Stocks:74 PV:12,132,693 LC:185 Loss:0.852444 ET:2.5122
[005380][Epoch 024/100] Epsilon:0.7677 #Expl.:139/185 #Buy:60 #Sell:35 #Hold:90 #Stocks:74 PV:12,004,601 LC:185 Loss:0.915425 ET:2.5871
[005380][Epoch 025/100] Epsilon:0.7576 #Expl.:134/185 #Buy:44 #Sell:18 #Hold:123 #Stocks:74 PV:11,995,963 LC:185 Loss:0.797836 ET:2.6844
[005380][Epoch 026/100] Epsilon:0.7475 #Expl.:136/185 #Buy:52 #Sell:27 #Hold:106 #Stocks:74 PV:12,038,210 LC:185 Loss:0.909613 ET:2.6539
[005380][Epoch 027/100] Epsilon:0.7374 #Expl.:144/185 #Buy:66 #Sell:39 #Hold:80 #Stocks:73 PV:11,862,459 LC:185 Loss:0.862464 ET:2.5724
[005380][Epoch 028/100] Epsilon:0.7273 #Expl.:143/185 #Buy:78 #Sell:53 #Hold:54 #Stocks:73 PV:11,879,088 LC:185 Loss:0.768192 ET:2.5464
[005380][Epoch 029/100] Epsilon:0.7172 #Expl.:126/185 #Buy:32 #Sell:5 #Hold:148 #Stocks:75 PV:12,153,790 LC:185 Loss:0.948277 ET:2.5187
[005380][Epoch 030/100] Epsilon:0.7071 #Expl.:132/185 #Buy:45 #Sell:19 #Hold:121 #Stocks:74 PV:12,074,437 LC:185 Loss:0.992301 ET:2.5517
[005380][Epoch 031/100] Epsilon:0.6970 #Expl.:113/185 #Buy:50 #Sell:25 #Hold:110 #Stocks:73 PV:11,969,903 LC:185 Loss:0.927719 ET:2.5512
[005380][Epoch 032/100] Epsilon:0.6869 #Expl.:134/185 #Buy:42 #Sell:15 #Hold:128 #Stocks:75 PV:12,163,151 LC:185 Loss:0.945541 ET:2.5290
[005380][Epoch 033/100] Epsilon:0.6768 #Expl.:128/185 #Buy:86 #Sell:61 #Hold:38 #Stocks:72 PV:11,785,579 LC:185 Loss:0.828620 ET:2.4938
[005380][Epoch 034/100] Epsilon:0.6667 #Expl.:122/185 #Buy:56 #Sell:28 #Hold:101 #Stocks:74 PV:12,129,573 LC:185 Loss:0.763148 ET:2.5242
[005380][Epoch 035/100] Epsilon:0.6566 #Expl.:123/185 #Buy:58 #Sell:33 #Hold:94 #Stocks:74 PV:12,032,444 LC:185 Loss:0.924223 ET:2.5117
[005380][Epoch 036/100] Epsilon:0.6465 #Expl.:124/185 #Buy:53 #Sell:28 #Hold:104 #Stocks:75 PV:12,163,390 LC:185 Loss:0.958155 ET:2.5016
[005380][Epoch 037/100] Epsilon:0.6364 #Expl.:107/185 #Buy:76 #Sell:51 #Hold:58 #Stocks:73 PV:11,924,128 LC:185 Loss:0.825228 ET:2.5402
[005380][Epoch 038/100] Epsilon:0.6263 #Expl.:113/185 #Buy:38 #Sell:13 #Hold:134 #Stocks:74 PV:12,099,105 LC:185 Loss:0.923455 ET:2.5038
[005380][Epoch 039/100] Epsilon:0.6162 #Expl.:113/185 #Buy:77 #Sell:51 #Hold:57 #Stocks:69 PV:11,813,671 LC:185 Loss:0.741079 ET:2.5488
[005380][Epoch 040/100] Epsilon:0.6061 #Expl.:111/185 #Buy:67 #Sell:40 #Hold:78 #Stocks:71 PV:12,036,610 LC:185 Loss:0.825294 ET:2.5033
[005380][Epoch 041/100] Epsilon:0.5960 #Expl.:111/185 #Buy:88 #Sell:64 #Hold:33 #Stocks:70 PV:11,836,957 LC:185 Loss:0.678399 ET:2.5283
[005380][Epoch 042/100] Epsilon:0.5859 #Expl.:101/185 #Buy:30 #Sell:5 #Hold:150 #Stocks:75 PV:12,164,699 LC:185 Loss:0.742025 ET:2.5054
[005380][Epoch 043/100] Epsilon:0.5758 #Expl.:105/185 #Buy:34 #Sell:9 #Hold:142 #Stocks:74 PV:12,088,639 LC:185 Loss:0.956595 ET:2.5257
[005380][Epoch 044/100] Epsilon:0.5657 #Expl.:99/185 #Buy:33 #Sell:8 #Hold:144 #Stocks:74 PV:12,096,118 LC:185 Loss:0.889853 ET:2.5010
[005380][Epoch 045/100] Epsilon:0.5556 #Expl.:105/185 #Buy:40 #Sell:12 #Hold:133 #Stocks:74 PV:12,133,479 LC:185 Loss:0.842296 ET:2.5799
[005380][Epoch 046/100] Epsilon:0.5455 #Expl.:108/185 #Buy:30 #Sell:4 #Hold:151 #Stocks:75 PV:12,153,923 LC:185 Loss:0.840786 ET:2.5238
[005380][Epoch 047/100] Epsilon:0.5354 #Expl.:107/185 #Buy:64 #Sell:39 #Hold:82 #Stocks:73 PV:11,944,539 LC:185 Loss:0.780288 ET:2.5357
[005380][Epoch 048/100] Epsilon:0.5253 #Expl.:98/185 #Buy:44 #Sell:19 #Hold:122 #Stocks:74 PV:12,075,072 LC:185 Loss:0.957853 ET:2.6749
[005380][Epoch 049/100] Epsilon:0.5152 #Expl.:85/185 #Buy:61 #Sell:35 #Hold:89 #Stocks:70 PV:11,939,474 LC:185 Loss:0.803272 ET:2.5513
[005380][Epoch 050/100] Epsilon:0.5051 #Expl.:92/185 #Buy:53 #Sell:25 #Hold:107 #Stocks:74 PV:12,094,007 LC:185 Loss:0.746070 ET:2.5027
[005380][Epoch 051/100] Epsilon:0.4949 #Expl.:92/185 #Buy:37 #Sell:10 #Hold:138 #Stocks:74 PV:12,125,006 LC:185 Loss:0.793616 ET:2.5202
[005380][Epoch 052/100] Epsilon:0.4848 #Expl.:93/185 #Buy:70 #Sell:46 #Hold:69 #Stocks:71 PV:12,033,026 LC:185 Loss:0.694470 ET:2.4962
[005380][Epoch 053/100] Epsilon:0.4747 #Expl.:85/185 #Buy:59 #Sell:31 #Hold:95 #Stocks:74 PV:12,113,804 LC:185 Loss:0.802172 ET:2.5463
[005380][Epoch 054/100] Epsilon:0.4646 #Expl.:81/185 #Buy:62 #Sell:36 #Hold:87 #Stocks:70 PV:11,968,328 LC:185 Loss:0.765098 ET:2.5505
[005380][Epoch 055/100] Epsilon:0.4545 #Expl.:84/185 #Buy:29 #Sell:4 #Hold:152 #Stocks:75 PV:12,152,427 LC:185 Loss:0.750742 ET:2.5420
[005380][Epoch 056/100] Epsilon:0.4444 #Expl.:83/185 #Buy:43 #Sell:17 #Hold:125 #Stocks:74 PV:12,114,169 LC:185 Loss:0.728638 ET:2.5491
[005380][Epoch 057/100] Epsilon:0.4343 #Expl.:79/185 #Buy:66 #Sell:38 #Hold:81 #Stocks:75 PV:12,216,837 LC:185 Loss:0.805164 ET:2.5695
[005380][Epoch 058/100] Epsilon:0.4242 #Expl.:93/185 #Buy:38 #Sell:13 #Hold:134 #Stocks:74 PV:12,096,025 LC:185 Loss:0.781968 ET:2.5053
[005380][Epoch 059/100] Epsilon:0.4141 #Expl.:74/185 #Buy:58 #Sell:34 #Hold:93 #Stocks:71 PV:12,071,839 LC:185 Loss:0.756055 ET:2.5270
[005380][Epoch 060/100] Epsilon:0.4040 #Expl.:78/185 #Buy:47 #Sell:22 #Hold:116 #Stocks:74 PV:12,075,347 LC:185 Loss:0.671555 ET:2.5064
[005380][Epoch 061/100] Epsilon:0.3939 #Expl.:74/185 #Buy:30 #Sell:5 #Hold:150 #Stocks:74 PV:12,095,978 LC:185 Loss:0.701203 ET:2.5232
[005380][Epoch 062/100] Epsilon:0.3838 #Expl.:59/185 #Buy:49 #Sell:22 #Hold:114 #Stocks:71 PV:12,104,698 LC:185 Loss:0.895306 ET:2.5351
[005380][Epoch 063/100] Epsilon:0.3737 #Expl.:68/185 #Buy:28 #Sell:2 #Hold:155 #Stocks:75 PV:12,153,569 LC:185 Loss:0.800573 ET:2.5430
[005380][Epoch 064/100] Epsilon:0.3636 #Expl.:75/185 #Buy:28 #Sell:3 #Hold:154 #Stocks:74 PV:12,104,473 LC:185 Loss:0.750178 ET:2.4955
[005380][Epoch 065/100] Epsilon:0.3535 #Expl.:63/185 #Buy:29 #Sell:4 #Hold:152 #Stocks:75 PV:12,156,962 LC:185 Loss:0.784937 ET:2.5251
[005380][Epoch 066/100] Epsilon:0.3434 #Expl.:60/185 #Buy:48 #Sell:22 #Hold:115 #Stocks:74 PV:12,070,249 LC:185 Loss:0.747844 ET:2.5979
[005380][Epoch 067/100] Epsilon:0.3333 #Expl.:62/185 #Buy:32 #Sell:7 #Hold:146 #Stocks:74 PV:12,098,500 LC:185 Loss:0.649303 ET:2.5485
[005380][Epoch 068/100] Epsilon:0.3232 #Expl.:57/185 #Buy:49 #Sell:24 #Hold:112 #Stocks:74 PV:12,035,620 LC:185 Loss:0.687623 ET:2.5258
[005380][Epoch 069/100] Epsilon:0.3131 #Expl.:56/185 #Buy:49 #Sell:24 #Hold:112 #Stocks:74 PV:12,135,719 LC:185 Loss:0.667823 ET:2.5550
[005380][Epoch 070/100] Epsilon:0.3030 #Expl.:56/185 #Buy:32 #Sell:6 #Hold:147 #Stocks:75 PV:12,157,434 LC:185 Loss:0.845190 ET:2.5287
[005380][Epoch 071/100] Epsilon:0.2929 #Expl.:54/185 #Buy:40 #Sell:15 #Hold:130 #Stocks:75 PV:12,158,528 LC:185 Loss:0.756726 ET:2.5134
[005380][Epoch 072/100] Epsilon:0.2828 #Expl.:60/185 #Buy:26 #Sell:0 #Hold:159 #Stocks:75 PV:12,150,000 LC:185 Loss:0.837329 ET:2.5367
[005380][Epoch 073/100] Epsilon:0.2727 #Expl.:57/185 #Buy:56 #Sell:31 #Hold:98 #Stocks:74 PV:12,072,730 LC:185 Loss:0.713286 ET:2.7210
[005380][Epoch 074/100] Epsilon:0.2626 #Expl.:54/185 #Buy:57 #Sell:28 #Hold:100 #Stocks:74 PV:12,138,890 LC:185 Loss:0.633684 ET:2.8014
[005380][Epoch 075/100] Epsilon:0.2525 #Expl.:43/185 #Buy:38 #Sell:13 #Hold:134 #Stocks:74 PV:12,075,404 LC:185 Loss:0.704668 ET:2.5434
[005380][Epoch 076/100] Epsilon:0.2424 #Expl.:39/185 #Buy:39 #Sell:13 #Hold:133 #Stocks:75 PV:12,153,971 LC:185 Loss:0.706786 ET:2.6074
[005380][Epoch 077/100] Epsilon:0.2323 #Expl.:46/185 #Buy:32 #Sell:7 #Hold:146 #Stocks:74 PV:12,091,911 LC:185 Loss:0.743807 ET:2.5810
[005380][Epoch 078/100] Epsilon:0.2222 #Expl.:35/185 #Buy:28 #Sell:1 #Hold:156 #Stocks:75 PV:12,153,237 LC:185 Loss:0.743535 ET:2.5705
[005380][Epoch 079/100] Epsilon:0.2121 #Expl.:35/185 #Buy:37 #Sell:12 #Hold:136 #Stocks:75 PV:12,172,978 LC:185 Loss:0.682830 ET:2.5160
[005380][Epoch 080/100] Epsilon:0.2020 #Expl.:39/185 #Buy:30 #Sell:5 #Hold:150 #Stocks:74 PV:12,097,646 LC:185 Loss:0.758302 ET:2.5026
[005380][Epoch 081/100] Epsilon:0.1919 #Expl.:32/185 #Buy:37 #Sell:12 #Hold:136 #Stocks:74 PV:12,090,271 LC:185 Loss:0.623956 ET:2.5256
[005380][Epoch 082/100] Epsilon:0.1818 #Expl.:32/185 #Buy:30 #Sell:3 #Hold:152 #Stocks:75 PV:12,150,561 LC:185 Loss:0.608453 ET:2.5814
[005380][Epoch 083/100] Epsilon:0.1717 #Expl.:36/185 #Buy:38 #Sell:8 #Hold:139 #Stocks:75 PV:12,169,155 LC:185 Loss:0.679771 ET:2.4902
[005380][Epoch 084/100] Epsilon:0.1616 #Expl.:26/185 #Buy:33 #Sell:8 #Hold:144 #Stocks:74 PV:12,092,080 LC:185 Loss:0.701312 ET:2.5338
[005380][Epoch 085/100] Epsilon:0.1515 #Expl.:18/185 #Buy:30 #Sell:3 #Hold:152 #Stocks:75 PV:12,152,910 LC:185 Loss:0.726771 ET:2.5157
[005380][Epoch 086/100] Epsilon:0.1414 #Expl.:21/185 #Buy:31 #Sell:6 #Hold:148 #Stocks:74 PV:12,107,177 LC:185 Loss:0.666446 ET:2.5489
[005380][Epoch 087/100] Epsilon:0.1313 #Expl.:23/185 #Buy:37 #Sell:12 #Hold:136 #Stocks:74 PV:12,083,232 LC:185 Loss:0.790356 ET:2.5467
[005380][Epoch 088/100] Epsilon:0.1212 #Expl.:17/185 #Buy:26 #Sell:0 #Hold:159 #Stocks:75 PV:12,150,000 LC:185 Loss:0.671221 ET:2.5061
[005380][Epoch 089/100] Epsilon:0.1111 #Expl.:28/185 #Buy:28 #Sell:3 #Hold:154 #Stocks:74 PV:12,117,635 LC:185 Loss:0.667655 ET:2.4974
[005380][Epoch 090/100] Epsilon:0.1010 #Expl.:16/185 #Buy:31 #Sell:6 #Hold:148 #Stocks:75 PV:12,174,096 LC:185 Loss:0.648278 ET:2.5688
[005380][Epoch 091/100] Epsilon:0.0909 #Expl.:7/185 #Buy:26 #Sell:0 #Hold:159 #Stocks:75 PV:12,150,000 LC:185 Loss:0.592986 ET:2.5190
[005380][Epoch 092/100] Epsilon:0.0808 #Expl.:14/185 #Buy:26 #Sell:0 #Hold:159 #Stocks:75 PV:12,150,000 LC:185 Loss:0.665222 ET:2.5798
[005380][Epoch 093/100] Epsilon:0.0707 #Expl.:9/185 #Buy:26 #Sell:0 #Hold:159 #Stocks:75 PV:12,150,000 LC:185 Loss:0.626078 ET:2.6686
[005380][Epoch 094/100] Epsilon:0.0606 #Expl.:14/185 #Buy:30 #Sell:3 #Hold:152 #Stocks:75 PV:12,155,360 LC:185 Loss:0.666261 ET:2.5260
[005380][Epoch 095/100] Epsilon:0.0505 #Expl.:8/185 #Buy:28 #Sell:1 #Hold:156 #Stocks:75 PV:12,150,308 LC:185 Loss:0.736157 ET:2.5276
[005380][Epoch 096/100] Epsilon:0.0404 #Expl.:6/185 #Buy:26 #Sell:0 #Hold:159 #Stocks:75 PV:12,150,000 LC:185 Loss:0.606380 ET:2.5050
[005380][Epoch 097/100] Epsilon:0.0303 #Expl.:9/185 #Buy:29 #Sell:3 #Hold:153 #Stocks:74 PV:12,115,614 LC:185 Loss:0.751400 ET:2.4604
[005380][Epoch 098/100] Epsilon:0.0202 #Expl.:9/185 #Buy:34 #Sell:6 #Hold:145 #Stocks:74 PV:12,133,475 LC:185 Loss:0.700538 ET:2.5114
[005380][Epoch 099/100] Epsilon:0.0101 #Expl.:1/185 #Buy:26 #Sell:0 #Hold:159 #Stocks:75 PV:12,150,000 LC:185 Loss:0.771182 ET:2.5121
[005380][Epoch 100/100] Epsilon:0.0000 #Expl.:0/185 #Buy:26 #Sell:0 #Hold:159 #Stocks:75 PV:12,150,000 LC:185 Loss:0.812384 ET:2.5128
[005380] Elapsed Time:257.0132 Max PV:12,268,462 #Win:100
