(private) matplotlib data path: C:\Users\poop4\anaconda3\envs\Jinha_Python\lib\site-packages\matplotlib\mpl-data
matplotlib data path: C:\Users\poop4\anaconda3\envs\Jinha_Python\lib\site-packages\matplotlib\mpl-data
CONFIGDIR=C:\Users\poop4\.matplotlib
matplotlib version 3.3.2
interactive is False
platform is win32
loaded modules: ['builtins', 'sys', '_frozen_importlib', '_imp', '_warnings', '_thread', '_weakref', '_frozen_importlib_external', '_io', 'marshal', 'nt', 'winreg', 'zipimport', 'encodings', 'codecs', '_codecs', 'encodings.aliases', 'encodings.utf_8', '_signal', '__main__', 'encodings.latin_1', 'io', 'abc', '_weakrefset', 'site', 'os', 'errno', 'stat', '_stat', 'ntpath', 'genericpath', 'os.path', '_collections_abc', '_sitebuiltins', 'sysconfig', '_bootlocale', '_locale', 'encodings.cp949', '_codecs_kr', '_multibytecodec', 'types', 'functools', '_functools', 'collections', 'operator', '_operator', 'keyword', 'heapq', '_heapq', 'itertools', 'reprlib', '_collections', 'weakref', 'collections.abc', 'importlib', 'importlib._bootstrap', 'importlib._bootstrap_external', 'warnings', 'importlib.util', 'importlib.abc', 'importlib.machinery', 'contextlib', 'google', 'mpl_toolkits', 'logging', 'time', 'traceback', 'linecache', 'tokenize', 're', 'enum', 'sre_compile', '_sre', 'sre_parse', 'sre_constants', 'copyreg', 'token', 'string', '_string', 'threading', 'atexit', 'argparse', 'copy', 'textwrap', 'gettext', 'locale', 'struct', '_struct', 'json', 'json.decoder', 'json.scanner', '_json', 'json.encoder', 'settings', 'platform', 'subprocess', 'signal', 'msvcrt', '_winapi', 'socket', '_socket', 'selectors', 'math', 'select', 'utils', 'datetime', '_datetime', 'numpy', 'numpy._globals', 'numpy.__config__', 'numpy.version', 'numpy._distributor_init', 'mkl', 'ctypes', '_ctypes', 'ctypes._endian', 'mkl._mklinit', 'mkl._py_mkl_service', 'cython_runtime', 'six', '__future__', 'numpy.core', 'numpy.core.multiarray', 'numpy.core.overrides', 'numpy.core._multiarray_umath', 'numpy.compat', 'numpy.compat._inspect', 'numpy.compat.py3k', 'pathlib', 'fnmatch', 'posixpath', 'urllib', 'urllib.parse', 'pickle', '_compat_pickle', '_pickle', 'numpy.core.umath', 'numpy.core.numerictypes', 'numbers', 'numpy.core._string_helpers', 'numpy.core._type_aliases', 'numpy.core._dtype', 'numpy.core.numeric', 'numpy.core.shape_base', 'numpy.core._asarray', 'numpy.core.fromnumeric', 'numpy.core._methods', 'numpy.core._exceptions', 'numpy.core._ufunc_config', 'numpy.core.arrayprint', 'numpy.core.defchararray', 'numpy.core.records', 'numpy.core.memmap', 'numpy.core.function_base', 'numpy.core.machar', 'numpy.core.getlimits', 'numpy.core.einsumfunc', 'numpy.core._add_newdocs', 'numpy.core._multiarray_tests', 'numpy.core._dtype_ctypes', 'numpy.core._internal', 'ast', '_ast', 'numpy._pytesttester', 'numpy.lib', 'numpy.lib.mixins', 'numpy.lib.scimath', 'numpy.lib.type_check', 'numpy.lib.ufunclike', 'numpy.lib.index_tricks', 'numpy.matrixlib', 'numpy.matrixlib.defmatrix', 'numpy.linalg', 'numpy.linalg.linalg', 'numpy.lib.twodim_base', 'numpy.linalg.lapack_lite', 'numpy.linalg._umath_linalg', 'numpy.lib.function_base', 'numpy.lib.histograms', 'numpy.lib.stride_tricks', 'numpy.lib.nanfunctions', 'numpy.lib.shape_base', 'numpy.lib.polynomial', 'numpy.lib.utils', 'numpy.lib.arraysetops', 'numpy.lib.npyio', 'numpy.lib.format', 'numpy.lib._datasource', 'shutil', 'zlib', 'bz2', '_compression', '_bz2', 'lzma', '_lzma', 'numpy.lib._iotools', 'numpy.lib.financial', 'decimal', '_decimal', 'numpy.lib.arrayterator', 'numpy.lib.arraypad', 'numpy.lib._version', 'numpy.fft', 'numpy.fft._pocketfft', 'numpy.fft._pocketfft_internal', 'numpy.fft.helper', 'numpy.polynomial', 'numpy.polynomial.polynomial', 'numpy.polynomial.polyutils', 'numpy.polynomial._polybase', 'numpy.polynomial.chebyshev', 'numpy.polynomial.legendre', 'numpy.polynomial.hermite', 'numpy.polynomial.hermite_e', 'numpy.polynomial.laguerre', 'numpy.random', 'numpy.random._pickle', 'numpy.random.mtrand', 'numpy.random.bit_generator', '_cython_0_29_21', 'numpy.random._common', 'secrets', 'base64', 'binascii', 'hmac', 'hashlib', '_hashlib', '_blake2', '_sha3', 'random', 'bisect', '_bisect', '_random', 'numpy.random._bounded_integers', 'numpy.random._mt19937', 'numpy.random._philox', 'numpy.random._pcg64', 'numpy.random._sfc64', 'numpy.random._generator', 'numpy.ctypeslib', 'numpy.ma', 'numpy.ma.core', 'numpy.ma.extras', 'numpy.testing', 'unittest', 'unittest.result', 'unittest.util', 'unittest.case', 'difflib', 'pprint', 'unittest.suite', 'unittest.loader', 'unittest.main', 'unittest.runner', 'unittest.signals', 'numpy.testing._private', 'numpy.testing._private.utils', 'gc', 'tempfile', 'numpy.testing._private.decorators', 'numpy.testing._private.nosetester', 'data_manager', 'pandas', 'pytz', 'pytz.exceptions', 'pytz.lazy', 'pytz.tzinfo', 'pytz.tzfile', 'dateutil', 'dateutil._version', 'pandas.compat', 'pandas._typing', 'typing', 'typing.io', 'typing.re', 'pandas.compat.numpy', 'distutils', 'distutils.version', 'pandas._libs', 'pandas._libs.interval', 'pandas._libs.hashtable', 'pandas._libs.missing', 'pandas._libs.tslibs', 'pandas._libs.tslibs.dtypes', 'pandas._libs.tslibs.conversion', 'pandas._libs.tslibs.base', 'pandas._libs.tslibs.nattype', 'pandas._libs.tslibs.np_datetime', 'pandas._libs.tslibs.timezones', 'dateutil.tz', 'dateutil.tz.tz', 'six.moves', 'dateutil.tz._common', 'dateutil.tz._factories', 'dateutil.tz.win', 'ctypes.wintypes', 'pandas._libs.tslibs.tzconversion', 'pandas._libs.tslibs.ccalendar', 'pandas._libs.tslibs.parsing', 'pandas._libs.tslibs.offsets', 'pandas._libs.tslibs.timedeltas', 'pandas._libs.tslibs.timestamps', 'pandas._libs.tslibs.fields', 'pandas._config', 'pandas._config.config', 'pandas._config.dates', 'pandas._config.display', 'pandas._config.localization', 'pandas._libs.tslibs.strptime', 'calendar', 'dateutil.easter', 'dateutil.relativedelta', 'dateutil._common', 'pandas._libs.properties', 'dateutil.parser', 'dateutil.parser._parser', 'dateutil.parser.isoparser', 'pandas._libs.tslibs.period', 'pandas._libs.tslibs.vectorized', 'pandas._libs.ops_dispatch', 'pandas._libs.algos', 'pandas._libs.lib', 'pandas._libs.tslib', 'pandas.core', 'pandas.core.config_init', 'pandas.core.api', 'pandas.core.dtypes', 'pandas.core.dtypes.dtypes', 'pandas.core.dtypes.base', 'pandas.errors', 'pandas.core.dtypes.generic', 'pandas.core.dtypes.inference', 'pandas.core.dtypes.missing', 'pandas.core.dtypes.common', 'pandas.core.algorithms', 'pandas.util', 'pandas.util._decorators', 'inspect', 'dis', 'opcode', '_opcode', 'pandas.core.util', 'pandas.core.util.hashing', 'pandas._libs.hashing', 'pandas.core.dtypes.cast', 'pandas.util._validators', 'pandas.core.construction', 'pandas.core.common', 'pandas.core.indexers', 'pandas.core.arrays', 'pandas.core.arrays.base', 'pandas.compat.numpy.function', 'pandas.core.ops', 'pandas.core.ops.array_ops', 'pandas._libs.ops', 'pandas.core.ops.missing', 'pandas.core.ops.roperator', 'pandas.core.ops.dispatch', 'pandas.core.ops.invalid', 'pandas.core.ops.common', 'pandas.core.ops.docstrings', 'pandas.core.ops.mask_ops', 'pandas.core.ops.methods', 'pandas.core.missing', 'pandas.compat._optional', 'pandas.core.sorting', 'pandas.core.arrays.boolean', 'pandas.core.arrays.masked', 'pandas.core.nanops', 'pandas.core.array_algos', 'pandas.core.array_algos.masked_reductions', 'pandas.core.arrays.categorical', 'csv', '_csv', 'pandas.core.accessor', 'pandas.core.array_algos.transforms', 'pandas.core.arrays._mixins', 'pandas.core.base', 'pandas.io', 'pandas.io.formats', 'pandas.io.formats.console', 'pandas.core.arrays.datetimes', 'pandas.core.arrays.datetimelike', 'pandas.tseries', 'pandas.tseries.frequencies', 'pandas.core.arrays._ranges', 'pandas.tseries.offsets', 'pandas.core.arrays.integer', 'pandas.core.tools', 'pandas.core.tools.numeric', 'pandas.core.arrays.interval', 'pandas.core.indexes', 'pandas.core.indexes.base', 'pandas._libs.index', 'pandas._libs.join', 'pandas.core.dtypes.concat', 'pandas.core.arrays.sparse', 'pandas.core.arrays.sparse.accessor', 'pandas.core.arrays.sparse.array', 'pandas._libs.sparse', 'pandas.core.arrays.sparse.dtype', 'pandas.io.formats.printing', 'pandas.core.indexes.frozen', 'pandas.core.strings', 'pandas.core.arrays.numpy_', 'pandas.core.arrays.period', 'pandas.core.arrays.string_', 'pandas.core.arrays.timedeltas', 'pandas.core.groupby', 'pandas.core.groupby.generic', 'pandas.core.aggregation', 'pandas.core.indexes.api', 'pandas.core.indexes.category', 'pandas.core.indexes.extension', 'pandas.core.indexes.datetimes', 'pandas.core.indexes.datetimelike', 'pandas.core.indexes.numeric', 'pandas.core.tools.timedeltas', 'pandas.core.tools.times', 'pandas.core.indexes.interval', 'pandas.util._exceptions', 'pandas.core.indexes.multi', 'pandas.core.indexes.timedeltas', 'pandas.core.indexes.period', 'pandas.core.indexes.range', 'pandas.core.series', 'pandas._libs.reshape', 'pandas.core.generic', 'pandas.core.indexing', 'pandas._libs.indexing', 'pandas.core.internals', 'pandas.core.internals.blocks', 'pandas._libs.writers', 'pandas._libs.internals', 'pandas.core.internals.concat', 'pandas.core.internals.managers', 'pandas.core.internals.ops', 'pandas.core.shared_docs', 'pandas.io.formats.format', 'unicodedata', 'pandas.io.common', 'gzip', 'mmap', 'zipfile', 'pandas.core.indexes.accessors', 'pandas.core.tools.datetimes', 'pandas.arrays', 'pandas.plotting', 'pandas.plotting._core', 'pandas.plotting._misc', 'pandas.core.window', 'pandas.core.window.ewm', 'pandas._libs.window', 'pandas._libs.window.aggregations', 'pandas.core.window.common', 'pandas.core.groupby.base', 'pandas.core.window.rolling', 'pandas.core.util.numba_', 'pandas.core.window.indexers', 'pandas._libs.window.indexers', 'pandas.core.window.numba_', 'pandas.core.window.expanding', 'pandas.core.frame', 'pandas.core.internals.construction', 'pandas.core.reshape', 'pandas.core.reshape.melt', 'pandas.core.reshape.concat', 'pandas.core.reshape.util', 'pandas.io.formats.info', 'pandas.core.groupby.groupby', 'pandas._libs.groupby', 'pandas.core.groupby.ops', 'pandas._libs.reduction', 'pandas.core.groupby.grouper', 'pandas.core.groupby.categorical', 'pandas.tseries.api', 'pandas.core.computation', 'pandas.core.computation.api', 'pandas.core.computation.eval', 'pandas.core.computation.engines', 'pandas.core.computation.align', 'pandas.core.computation.common', 'pandas.core.computation.ops', 'pandas.core.computation.scope', 'pandas.compat.chainmap', 'pandas.core.computation.expr', 'pandas.core.computation.parsing', 'pandas.core.reshape.api', 'pandas.core.reshape.merge', 'pandas.core.reshape.pivot', 'pandas.core.reshape.reshape', 'pandas.core.reshape.tile', 'pandas.api', 'pandas.api.extensions', 'pandas.api.indexers', 'pandas.api.types', 'pandas.core.dtypes.api', 'pandas.util._print_versions', 'pandas.io.api', 'pandas.io.clipboards', 'pandas.io.excel', 'pandas.io.excel._base', 'pandas._libs.parsers', 'pandas.io.excel._util', 'pandas.io.parsers', 'pandas.io.date_converters', 'pandas.io.excel._odfreader', 'pandas.io.excel._openpyxl', 'pandas.io.excel._pyxlsb', 'pandas.io.excel._xlrd', 'pandas.io.excel._odswriter', 'pandas._libs.json', 'pandas.io.formats.excel', 'pandas.io.formats.css', 'pandas.io.excel._xlsxwriter', 'pandas.io.excel._xlwt', 'pandas.io.feather_format', 'pandas.io.gbq', 'pandas.io.html', 'pandas.io.json', 'pandas.io.json._json', 'pandas.io.json._normalize', 'pandas.io.json._table_schema', 'pandas.io.orc', 'pandas.io.parquet', 'pandas.io.pickle', 'pandas.compat.pickle_compat', 'pandas.io.pytables', 'pandas.core.computation.pytables', 'pandas.io.sas', 'pandas.io.sas.sasreader', 'pandas.io.spss', 'pandas.io.sql', 'pandas.io.stata', 'pandas.util._tester', 'pandas.testing', 'pandas._testing', 'pandas._libs.testing', 'pandas._version', 'agent', 'learners', 'environment', 'visualizer', 'matplotlib', 'matplotlib.cbook', 'shlex', 'matplotlib.cbook.deprecation', 'matplotlib.rcsetup', 'matplotlib.animation', 'uuid', 'ctypes.util', 'matplotlib._animation_data', 'matplotlib.fontconfig_pattern', 'pyparsing', 'matplotlib.colors', 'matplotlib.docstring', 'matplotlib._color_data', 'cycler', 'matplotlib._version', 'matplotlib.ft2font', 'kiwisolver']
CACHEDIR=C:\Users\poop4\.matplotlib
Using fontManager instance from C:\Users\poop4\.matplotlib\fontlist-v330.json
Loaded backend tkagg version unknown.
Loaded backend TkAgg version unknown.
Loaded backend agg version unknown.
From C:\Users\poop4\anaconda3\envs\Jinha_Python\lib\site-packages\keras\backend\tensorflow_backend.py:68: The name tf.get_default_graph is deprecated. Please use tf.compat.v1.get_default_graph instead.

From C:\Users\poop4\anaconda3\envs\Jinha_Python\lib\site-packages\keras\backend\tensorflow_backend.py:508: The name tf.placeholder is deprecated. Please use tf.compat.v1.placeholder instead.

From C:\Users\poop4\anaconda3\envs\Jinha_Python\lib\site-packages\keras\backend\tensorflow_backend.py:3837: The name tf.random_uniform is deprecated. Please use tf.random.uniform instead.

From C:\Users\poop4\anaconda3\envs\Jinha_Python\lib\site-packages\keras\optimizers.py:757: The name tf.train.Optimizer is deprecated. Please use tf.compat.v1.train.Optimizer instead.

From C:\Users\poop4\anaconda3\envs\Jinha_Python\lib\site-packages\keras\backend\tensorflow_backend.py:3814: The name tf.random_normal is deprecated. Please use tf.random.normal instead.

From C:\Users\poop4\anaconda3\envs\Jinha_Python\lib\site-packages\keras\backend\tensorflow_backend.py:127: The name tf.placeholder_with_default is deprecated. Please use tf.compat.v1.placeholder_with_default instead.

From C:\Users\poop4\anaconda3\envs\Jinha_Python\lib\site-packages\keras\backend\tensorflow_backend.py:3144: calling dropout (from tensorflow.python.ops.nn_ops) with keep_prob is deprecated and will be removed in a future version.
Instructions for updating:
Please use `rate` instead of `keep_prob`. Rate should be set to `rate = 1 - keep_prob`.
From C:\Users\poop4\OneDrive\바탕 화면\branch_test\StockTrader_ddpg\actor.py:113: The name tf.train.AdamOptimizer is deprecated. Please use tf.compat.v1.train.AdamOptimizer instead.

[005380] RL:ddpg Net:actorcritic LR:0.001 DF:0.9 TU:[1,6] DRT:0.05
From C:\Users\poop4\anaconda3\envs\Jinha_Python\lib\site-packages\keras\backend\tensorflow_backend.py:2503: The name tf.Session is deprecated. Please use tf.compat.v1.Session instead.

From C:\Users\poop4\anaconda3\envs\Jinha_Python\lib\site-packages\keras\backend\tensorflow_backend.py:168: The name tf.get_default_session is deprecated. Please use tf.compat.v1.get_default_session instead.

From C:\Users\poop4\anaconda3\envs\Jinha_Python\lib\site-packages\keras\backend\tensorflow_backend.py:175: The name tf.ConfigProto is deprecated. Please use tf.compat.v1.ConfigProto instead.

From C:\Users\poop4\anaconda3\envs\Jinha_Python\lib\site-packages\keras\backend\tensorflow_backend.py:184: The name tf.global_variables is deprecated. Please use tf.compat.v1.global_variables instead.

From C:\Users\poop4\anaconda3\envs\Jinha_Python\lib\site-packages\keras\backend\tensorflow_backend.py:193: The name tf.is_variable_initialized is deprecated. Please use tf.compat.v1.is_variable_initialized instead.

From C:\Users\poop4\anaconda3\envs\Jinha_Python\lib\site-packages\keras\backend\tensorflow_backend.py:200: The name tf.variables_initializer is deprecated. Please use tf.compat.v1.variables_initializer instead.

From C:\Users\poop4\anaconda3\envs\Jinha_Python\lib\site-packages\keras\backend\tensorflow_backend.py:977: The name tf.assign_add is deprecated. Please use tf.compat.v1.assign_add instead.

From C:\Users\poop4\anaconda3\envs\Jinha_Python\lib\site-packages\keras\backend\tensorflow_backend.py:964: The name tf.assign is deprecated. Please use tf.compat.v1.assign instead.

[005380][Epoch 001/100] Epsilon:1.0000 #Expl.:185/185 #Buy:36 #Sell:10 #Hold:139 #Stocks:75 PV:12,155,629 LC:175 Loss:0.343120 ET:9.5331
[005380][Epoch 002/100] Epsilon:0.9899 #Expl.:183/185 #Buy:101 #Sell:78 #Hold:6 #Stocks:68 PV:11,488,911 LC:185 Loss:0.512375 ET:2.3017
[005380][Epoch 003/100] Epsilon:0.9798 #Expl.:183/185 #Buy:78 #Sell:50 #Hold:57 #Stocks:70 PV:11,988,609 LC:185 Loss:0.533199 ET:2.5653
[005380][Epoch 004/100] Epsilon:0.9697 #Expl.:182/185 #Buy:98 #Sell:87 #Hold:0 #Stocks:33 PV:10,709,903 LC:185 Loss:0.443591 ET:2.9328
[005380][Epoch 005/100] Epsilon:0.9596 #Expl.:178/185 #Buy:26 #Sell:1 #Hold:158 #Stocks:74 PV:12,108,435 LC:185 Loss:0.505584 ET:3.3420
[005380][Epoch 006/100] Epsilon:0.9495 #Expl.:180/185 #Buy:58 #Sell:32 #Hold:95 #Stocks:75 PV:12,160,321 LC:185 Loss:0.668720 ET:3.0766
[005380][Epoch 007/100] Epsilon:0.9394 #Expl.:176/185 #Buy:91 #Sell:67 #Hold:27 #Stocks:65 PV:11,509,173 LC:185 Loss:0.676801 ET:2.8076
[005380][Epoch 008/100] Epsilon:0.9293 #Expl.:174/185 #Buy:50 #Sell:25 #Hold:110 #Stocks:75 PV:12,162,165 LC:185 Loss:0.669765 ET:2.5343
[005380][Epoch 009/100] Epsilon:0.9192 #Expl.:174/185 #Buy:51 #Sell:26 #Hold:108 #Stocks:74 PV:12,140,179 LC:185 Loss:0.745051 ET:2.2976
[005380][Epoch 010/100] Epsilon:0.9091 #Expl.:173/185 #Buy:43 #Sell:18 #Hold:124 #Stocks:74 PV:12,060,266 LC:185 Loss:0.792362 ET:2.2574
[005380][Epoch 011/100] Epsilon:0.8990 #Expl.:161/185 #Buy:49 #Sell:24 #Hold:112 #Stocks:74 PV:12,054,660 LC:185 Loss:0.753787 ET:2.2729
[005380][Epoch 012/100] Epsilon:0.8889 #Expl.:166/185 #Buy:62 #Sell:38 #Hold:85 #Stocks:71 PV:12,018,212 LC:185 Loss:0.777286 ET:2.2260
[005380][Epoch 013/100] Epsilon:0.8788 #Expl.:173/185 #Buy:84 #Sell:58 #Hold:43 #Stocks:73 PV:11,947,224 LC:185 Loss:0.708211 ET:2.2876
[005380][Epoch 014/100] Epsilon:0.8687 #Expl.:165/185 #Buy:73 #Sell:49 #Hold:63 #Stocks:69 PV:11,769,381 LC:185 Loss:0.620571 ET:2.2752
[005380][Epoch 015/100] Epsilon:0.8586 #Expl.:163/185 #Buy:93 #Sell:68 #Hold:24 #Stocks:68 PV:11,558,445 LC:185 Loss:0.566950 ET:2.3293
[005380][Epoch 016/100] Epsilon:0.8485 #Expl.:157/185 #Buy:83 #Sell:58 #Hold:44 #Stocks:72 PV:11,791,893 LC:185 Loss:0.615197 ET:2.2321
[005380][Epoch 017/100] Epsilon:0.8384 #Expl.:159/185 #Buy:87 #Sell:62 #Hold:36 #Stocks:70 PV:11,859,724 LC:185 Loss:0.713260 ET:2.2563
[005380][Epoch 018/100] Epsilon:0.8283 #Expl.:158/185 #Buy:44 #Sell:19 #Hold:122 #Stocks:74 PV:12,082,468 LC:185 Loss:0.786493 ET:2.2673
[005380][Epoch 019/100] Epsilon:0.8182 #Expl.:152/185 #Buy:31 #Sell:4 #Hold:150 #Stocks:74 PV:12,133,743 LC:185 Loss:0.844583 ET:2.2970
[005380][Epoch 020/100] Epsilon:0.8081 #Expl.:142/185 #Buy:73 #Sell:55 #Hold:57 #Stocks:48 PV:11,490,837 LC:185 Loss:0.776213 ET:2.2910
[005380][Epoch 021/100] Epsilon:0.7980 #Expl.:140/185 #Buy:63 #Sell:38 #Hold:84 #Stocks:74 PV:11,997,190 LC:185 Loss:0.773486 ET:2.2413
[005380][Epoch 022/100] Epsilon:0.7879 #Expl.:144/185 #Buy:45 #Sell:21 #Hold:119 #Stocks:71 PV:12,142,770 LC:185 Loss:0.777486 ET:2.2960
[005380][Epoch 023/100] Epsilon:0.7778 #Expl.:129/185 #Buy:57 #Sell:33 #Hold:95 #Stocks:72 PV:12,193,475 LC:185 Loss:0.900965 ET:2.2565
[005380][Epoch 024/100] Epsilon:0.7677 #Expl.:136/185 #Buy:44 #Sell:19 #Hold:122 #Stocks:74 PV:12,047,513 LC:185 Loss:1.060146 ET:2.2372
[005380][Epoch 025/100] Epsilon:0.7576 #Expl.:148/185 #Buy:82 #Sell:57 #Hold:46 #Stocks:71 PV:12,066,324 LC:185 Loss:0.938590 ET:2.2752
[005380][Epoch 026/100] Epsilon:0.7475 #Expl.:136/185 #Buy:31 #Sell:6 #Hold:148 #Stocks:74 PV:12,117,498 LC:185 Loss:0.922929 ET:2.2443
[005380][Epoch 027/100] Epsilon:0.7374 #Expl.:138/185 #Buy:92 #Sell:68 #Hold:25 #Stocks:68 PV:11,541,577 LC:185 Loss:0.712573 ET:2.2912
[005380][Epoch 028/100] Epsilon:0.7273 #Expl.:135/185 #Buy:87 #Sell:63 #Hold:35 #Stocks:70 PV:11,899,558 LC:185 Loss:0.754937 ET:2.2347
[005380][Epoch 029/100] Epsilon:0.7172 #Expl.:131/185 #Buy:52 #Sell:28 #Hold:105 #Stocks:71 PV:12,028,311 LC:185 Loss:0.822330 ET:2.2715
[005380][Epoch 030/100] Epsilon:0.7071 #Expl.:130/185 #Buy:52 #Sell:27 #Hold:106 #Stocks:74 PV:12,058,389 LC:185 Loss:0.944803 ET:2.2758
[005380][Epoch 031/100] Epsilon:0.6970 #Expl.:127/185 #Buy:66 #Sell:41 #Hold:78 #Stocks:71 PV:11,996,613 LC:185 Loss:0.911827 ET:2.2816
[005380][Epoch 032/100] Epsilon:0.6869 #Expl.:121/185 #Buy:31 #Sell:4 #Hold:150 #Stocks:74 PV:12,104,567 LC:185 Loss:0.983276 ET:2.3932
[005380][Epoch 033/100] Epsilon:0.6768 #Expl.:131/185 #Buy:55 #Sell:28 #Hold:102 #Stocks:74 PV:11,988,060 LC:185 Loss:1.052256 ET:2.3125
[005380][Epoch 034/100] Epsilon:0.6667 #Expl.:113/185 #Buy:37 #Sell:9 #Hold:139 #Stocks:74 PV:12,138,630 LC:185 Loss:1.010644 ET:2.2870
[005380][Epoch 035/100] Epsilon:0.6566 #Expl.:118/185 #Buy:57 #Sell:33 #Hold:95 #Stocks:71 PV:12,091,984 LC:185 Loss:0.852291 ET:2.2569
[005380][Epoch 036/100] Epsilon:0.6465 #Expl.:120/185 #Buy:82 #Sell:59 #Hold:44 #Stocks:66 PV:11,692,289 LC:185 Loss:0.883567 ET:2.2470
[005380][Epoch 037/100] Epsilon:0.6364 #Expl.:119/185 #Buy:64 #Sell:39 #Hold:82 #Stocks:71 PV:12,107,549 LC:185 Loss:1.054325 ET:2.3533
[005380][Epoch 038/100] Epsilon:0.6263 #Expl.:125/185 #Buy:30 #Sell:3 #Hold:152 #Stocks:74 PV:12,123,371 LC:185 Loss:1.089140 ET:2.2999
[005380][Epoch 039/100] Epsilon:0.6162 #Expl.:121/185 #Buy:62 #Sell:37 #Hold:86 #Stocks:73 PV:11,912,659 LC:185 Loss:0.989135 ET:2.2302
[005380][Epoch 040/100] Epsilon:0.6061 #Expl.:112/185 #Buy:47 #Sell:22 #Hold:116 #Stocks:74 PV:12,049,057 LC:185 Loss:0.948768 ET:2.2880
[005380][Epoch 041/100] Epsilon:0.5960 #Expl.:109/185 #Buy:71 #Sell:46 #Hold:68 #Stocks:71 PV:12,145,824 LC:185 Loss:0.936587 ET:2.2464
[005380][Epoch 042/100] Epsilon:0.5859 #Expl.:116/185 #Buy:62 #Sell:39 #Hold:84 #Stocks:67 PV:11,982,535 LC:185 Loss:0.868792 ET:2.2860
[005380][Epoch 043/100] Epsilon:0.5758 #Expl.:114/185 #Buy:81 #Sell:57 #Hold:47 #Stocks:69 PV:11,722,329 LC:185 Loss:0.859714 ET:2.3160
[005380][Epoch 044/100] Epsilon:0.5657 #Expl.:99/185 #Buy:46 #Sell:21 #Hold:118 #Stocks:74 PV:12,105,624 LC:185 Loss:0.914343 ET:2.2455
[005380][Epoch 045/100] Epsilon:0.5556 #Expl.:106/185 #Buy:55 #Sell:30 #Hold:100 #Stocks:74 PV:12,022,143 LC:185 Loss:0.845928 ET:2.2362
[005380][Epoch 046/100] Epsilon:0.5455 #Expl.:91/185 #Buy:49 #Sell:24 #Hold:112 #Stocks:74 PV:12,111,912 LC:185 Loss:0.898648 ET:2.2482
[005380][Epoch 047/100] Epsilon:0.5354 #Expl.:96/185 #Buy:50 #Sell:24 #Hold:111 #Stocks:74 PV:12,095,902 LC:185 Loss:1.063044 ET:2.2728
[005380][Epoch 048/100] Epsilon:0.5253 #Expl.:99/185 #Buy:71 #Sell:45 #Hold:69 #Stocks:74 PV:11,995,472 LC:185 Loss:0.866994 ET:2.2866
[005380][Epoch 049/100] Epsilon:0.5152 #Expl.:92/185 #Buy:45 #Sell:20 #Hold:120 #Stocks:74 PV:12,070,223 LC:185 Loss:0.926785 ET:2.2684
[005380][Epoch 050/100] Epsilon:0.5051 #Expl.:96/185 #Buy:71 #Sell:48 #Hold:66 #Stocks:64 PV:11,961,817 LC:185 Loss:0.999700 ET:2.2730
[005380][Epoch 051/100] Epsilon:0.4949 #Expl.:93/185 #Buy:63 #Sell:38 #Hold:84 #Stocks:74 PV:12,114,229 LC:185 Loss:0.991545 ET:2.2560
[005380][Epoch 052/100] Epsilon:0.4848 #Expl.:95/185 #Buy:65 #Sell:41 #Hold:79 #Stocks:72 PV:12,242,613 LC:185 Loss:1.000202 ET:3.0897
[005380][Epoch 053/100] Epsilon:0.4747 #Expl.:89/185 #Buy:45 #Sell:20 #Hold:120 #Stocks:75 PV:12,159,885 LC:185 Loss:1.049288 ET:2.9546
[005380][Epoch 054/100] Epsilon:0.4646 #Expl.:87/185 #Buy:46 #Sell:21 #Hold:118 #Stocks:74 PV:12,095,362 LC:185 Loss:0.983752 ET:2.3274
[005380][Epoch 055/100] Epsilon:0.4545 #Expl.:80/185 #Buy:34 #Sell:9 #Hold:142 #Stocks:74 PV:12,075,918 LC:185 Loss:0.999871 ET:2.2811
[005380][Epoch 056/100] Epsilon:0.4444 #Expl.:89/185 #Buy:54 #Sell:28 #Hold:103 #Stocks:74 PV:12,082,991 LC:185 Loss:0.984078 ET:3.7642
[005380][Epoch 057/100] Epsilon:0.4343 #Expl.:83/185 #Buy:49 #Sell:24 #Hold:112 #Stocks:74 PV:12,032,211 LC:185 Loss:0.995219 ET:2.3814
[005380][Epoch 058/100] Epsilon:0.4242 #Expl.:75/185 #Buy:40 #Sell:15 #Hold:130 #Stocks:74 PV:12,066,816 LC:185 Loss:0.900925 ET:2.2560
[005380][Epoch 059/100] Epsilon:0.4141 #Expl.:78/185 #Buy:27 #Sell:2 #Hold:156 #Stocks:74 PV:12,098,173 LC:185 Loss:0.950883 ET:2.2899
[005380][Epoch 060/100] Epsilon:0.4040 #Expl.:63/185 #Buy:48 #Sell:23 #Hold:114 #Stocks:74 PV:12,052,899 LC:185 Loss:1.052038 ET:2.3976
[005380][Epoch 061/100] Epsilon:0.3939 #Expl.:76/185 #Buy:32 #Sell:7 #Hold:146 #Stocks:74 PV:12,111,527 LC:185 Loss:1.001393 ET:2.6053
[005380][Epoch 062/100] Epsilon:0.3838 #Expl.:60/185 #Buy:46 #Sell:19 #Hold:120 #Stocks:74 PV:12,095,852 LC:185 Loss:1.059126 ET:2.8535
[005380][Epoch 063/100] Epsilon:0.3737 #Expl.:72/185 #Buy:33 #Sell:7 #Hold:145 #Stocks:74 PV:12,114,738 LC:185 Loss:0.933678 ET:2.7069
[005380][Epoch 064/100] Epsilon:0.3636 #Expl.:60/185 #Buy:49 #Sell:22 #Hold:114 #Stocks:74 PV:12,099,392 LC:185 Loss:1.012857 ET:2.6217
[005380][Epoch 065/100] Epsilon:0.3535 #Expl.:64/185 #Buy:30 #Sell:5 #Hold:150 #Stocks:74 PV:12,089,350 LC:185 Loss:0.994785 ET:2.3776
[005380][Epoch 066/100] Epsilon:0.3434 #Expl.:65/185 #Buy:26 #Sell:0 #Hold:159 #Stocks:75 PV:12,150,000 LC:185 Loss:0.935165 ET:2.3398
[005380][Epoch 067/100] Epsilon:0.3333 #Expl.:51/185 #Buy:27 #Sell:2 #Hold:156 #Stocks:74 PV:12,112,776 LC:185 Loss:0.953494 ET:2.2374
[005380][Epoch 068/100] Epsilon:0.3232 #Expl.:72/185 #Buy:29 #Sell:4 #Hold:152 #Stocks:74 PV:12,108,874 LC:185 Loss:0.991500 ET:2.2555
[005380][Epoch 069/100] Epsilon:0.3131 #Expl.:58/185 #Buy:28 #Sell:1 #Hold:156 #Stocks:75 PV:12,153,573 LC:185 Loss:0.905155 ET:2.2721
[005380][Epoch 070/100] Epsilon:0.3030 #Expl.:49/185 #Buy:31 #Sell:4 #Hold:150 #Stocks:75 PV:12,152,982 LC:185 Loss:0.951250 ET:2.3314
[005380][Epoch 071/100] Epsilon:0.2929 #Expl.:56/185 #Buy:58 #Sell:34 #Hold:93 #Stocks:71 PV:12,025,996 LC:185 Loss:0.792329 ET:2.3110
[005380][Epoch 072/100] Epsilon:0.2828 #Expl.:53/185 #Buy:42 #Sell:17 #Hold:126 #Stocks:74 PV:12,073,650 LC:185 Loss:0.713935 ET:2.2635
[005380][Epoch 073/100] Epsilon:0.2727 #Expl.:54/185 #Buy:27 #Sell:2 #Hold:156 #Stocks:74 PV:12,110,284 LC:185 Loss:0.668347 ET:2.3147
[005380][Epoch 074/100] Epsilon:0.2626 #Expl.:56/185 #Buy:52 #Sell:27 #Hold:106 #Stocks:74 PV:12,132,573 LC:185 Loss:0.741817 ET:2.3179
[005380][Epoch 075/100] Epsilon:0.2525 #Expl.:41/185 #Buy:38 #Sell:13 #Hold:134 #Stocks:74 PV:12,086,982 LC:185 Loss:0.851452 ET:2.2745
[005380][Epoch 076/100] Epsilon:0.2424 #Expl.:44/185 #Buy:37 #Sell:12 #Hold:136 #Stocks:74 PV:12,102,441 LC:185 Loss:0.690472 ET:2.2894
[005380][Epoch 077/100] Epsilon:0.2323 #Expl.:37/185 #Buy:31 #Sell:6 #Hold:148 #Stocks:74 PV:12,105,488 LC:185 Loss:0.677580 ET:2.2996
[005380][Epoch 078/100] Epsilon:0.2222 #Expl.:40/185 #Buy:32 #Sell:7 #Hold:146 #Stocks:75 PV:12,196,587 LC:185 Loss:0.754596 ET:2.2907
[005380][Epoch 079/100] Epsilon:0.2121 #Expl.:37/185 #Buy:33 #Sell:7 #Hold:145 #Stocks:74 PV:12,108,476 LC:185 Loss:0.678133 ET:2.2940
[005380][Epoch 080/100] Epsilon:0.2020 #Expl.:36/185 #Buy:37 #Sell:12 #Hold:136 #Stocks:74 PV:12,047,811 LC:185 Loss:0.695998 ET:2.2793
[005380][Epoch 081/100] Epsilon:0.1919 #Expl.:40/185 #Buy:36 #Sell:11 #Hold:138 #Stocks:75 PV:12,180,142 LC:185 Loss:0.773240 ET:2.4085
[005380][Epoch 082/100] Epsilon:0.1818 #Expl.:38/185 #Buy:35 #Sell:10 #Hold:140 #Stocks:74 PV:12,124,086 LC:185 Loss:0.713870 ET:3.1011
[005380][Epoch 083/100] Epsilon:0.1717 #Expl.:40/185 #Buy:31 #Sell:6 #Hold:148 #Stocks:74 PV:12,069,739 LC:185 Loss:0.645461 ET:2.7462
[005380][Epoch 084/100] Epsilon:0.1616 #Expl.:29/185 #Buy:42 #Sell:16 #Hold:127 #Stocks:74 PV:12,052,684 LC:185 Loss:0.691048 ET:2.8637
[005380][Epoch 085/100] Epsilon:0.1515 #Expl.:30/185 #Buy:35 #Sell:10 #Hold:140 #Stocks:75 PV:12,212,672 LC:185 Loss:0.667734 ET:2.5428
[005380][Epoch 086/100] Epsilon:0.1414 #Expl.:26/185 #Buy:35 #Sell:7 #Hold:143 #Stocks:75 PV:12,152,581 LC:185 Loss:0.745277 ET:2.1883
[005380][Epoch 087/100] Epsilon:0.1313 #Expl.:27/185 #Buy:29 #Sell:4 #Hold:152 #Stocks:75 PV:12,159,643 LC:185 Loss:0.727403 ET:2.1686
[005380][Epoch 088/100] Epsilon:0.1212 #Expl.:17/185 #Buy:36 #Sell:11 #Hold:138 #Stocks:75 PV:12,165,190 LC:185 Loss:0.742377 ET:2.3730
[005380][Epoch 089/100] Epsilon:0.1111 #Expl.:17/185 #Buy:27 #Sell:1 #Hold:157 #Stocks:75 PV:12,151,787 LC:185 Loss:0.691131 ET:2.3206
[005380][Epoch 090/100] Epsilon:0.1010 #Expl.:18/185 #Buy:33 #Sell:7 #Hold:145 #Stocks:74 PV:12,115,822 LC:185 Loss:0.610577 ET:2.2993
[005380][Epoch 091/100] Epsilon:0.0909 #Expl.:22/185 #Buy:37 #Sell:9 #Hold:139 #Stocks:74 PV:12,123,077 LC:185 Loss:0.605012 ET:2.3399
[005380][Epoch 092/100] Epsilon:0.0808 #Expl.:16/185 #Buy:28 #Sell:3 #Hold:154 #Stocks:74 PV:12,116,412 LC:185 Loss:0.689751 ET:2.2962
[005380][Epoch 093/100] Epsilon:0.0707 #Expl.:11/185 #Buy:26 #Sell:0 #Hold:159 #Stocks:75 PV:12,150,000 LC:185 Loss:0.596363 ET:2.3600
[005380][Epoch 094/100] Epsilon:0.0606 #Expl.:13/185 #Buy:31 #Sell:6 #Hold:148 #Stocks:74 PV:12,073,496 LC:185 Loss:0.857162 ET:3.0411
[005380][Epoch 095/100] Epsilon:0.0505 #Expl.:9/185 #Buy:26 #Sell:0 #Hold:159 #Stocks:75 PV:12,150,000 LC:185 Loss:0.978353 ET:2.8407
[005380][Epoch 096/100] Epsilon:0.0404 #Expl.:5/185 #Buy:26 #Sell:0 #Hold:159 #Stocks:75 PV:12,150,000 LC:185 Loss:1.194628 ET:2.2759
[005380][Epoch 097/100] Epsilon:0.0303 #Expl.:6/185 #Buy:27 #Sell:2 #Hold:156 #Stocks:74 PV:12,129,645 LC:185 Loss:1.511581 ET:2.4565
[005380][Epoch 098/100] Epsilon:0.0202 #Expl.:4/185 #Buy:29 #Sell:4 #Hold:152 #Stocks:75 PV:12,176,347 LC:185 Loss:1.733449 ET:2.3039
[005380][Epoch 099/100] Epsilon:0.0101 #Expl.:4/185 #Buy:26 #Sell:1 #Hold:158 #Stocks:74 PV:12,111,343 LC:185 Loss:1.345934 ET:2.2606
[005380][Epoch 100/100] Epsilon:0.0000 #Expl.:0/185 #Buy:26 #Sell:0 #Hold:159 #Stocks:75 PV:12,150,000 LC:185 Loss:0.967458 ET:2.3319
[005380] Elapsed Time:249.2734 Max PV:12,242,613 #Win:100
